[22:54:50:022622 --7:00] [Thread 1100] PLAYER: ( 76561198092067587 ) R Alpha 1-3:1 (vakero) REMOTE SOLD ITEM Exile_Item_Codelock FOR 2500 POPTABS AND 250 RESPECT | PLAYER TOTAL MONEY: 2710
[22:54:52:728621 --7:00] [Thread 5660] PLAYER: ( 76561198092067587 ) R Alpha 1-3:1 (vakero) REMOTE SOLD ITEM arifle_SPAR_03_khk_F FOR 350 POPTABS AND 35 RESPECT | PLAYER TOTAL MONEY: 3060
[22:54:54:325662 --7:00] [Thread 5116] PLAYER: ( 76561198092067587 ) R Alpha 1-3:1 (vakero) REMOTE SOLD ITEM Exile_Item_MetalPole FOR 400 POPTABS AND 40 RESPECT | PLAYER TOTAL MONEY: 3460
[22:54:56:497634 --7:00] [Thread 5660] PLAYER: ( 76561198092067587 ) R Alpha 1-3:1 (vakero) REMOTE SOLD ITEM Exile_Item_InstaDoc FOR 500 POPTABS AND 50 RESPECT | PLAYER TOTAL MONEY: 3960
[22:55:13:141864 --7:00] [Thread 5116] PLAYER: ( 76561198092067587 ) R Alpha 1-3:1 (vakero) REMOTE SOLD ITEM Exile_Item_CookingPot FOR 50 POPTABS AND 5 RESPECT | PLAYER TOTAL MONEY: 4010
[22:55:14:248460 --7:00] [Thread 1100] PLAYER: ( 76561198092067587 ) R Alpha 1-3:1 (vakero) REMOTE SOLD ITEM 30Rnd_9x21_Mag_SMG_02 FOR 25 POPTABS AND 2.5 RESPECT | PLAYER TOTAL MONEY: 4035
[22:55:16:243282 --7:00] [Thread 5660] PLAYER: ( 76561198092067587 ) R Alpha 1-3:1 (vakero) REMOTE SOLD ITEM Exile_Item_EnergyDrink FOR 75 POPTABS AND 7.5 RESPECT | PLAYER TOTAL MONEY: 4110
[22:55:17:396399 --7:00] [Thread 5116] PLAYER: ( 76561198092067587 ) R Alpha 1-3:1 (vakero) REMOTE SOLD ITEM Exile_Magazine_8Rnd_74Pellets FOR 10 POPTABS AND 1 RESPECT | PLAYER TOTAL MONEY: 4120
[22:55:18:352370 --7:00] [Thread 5660] PLAYER: ( 76561198092067587 ) R Alpha 1-3:1 (vakero) REMOTE SOLD ITEM 11Rnd_45ACP_Mag FOR 25 POPTABS AND 2.5 RESPECT | PLAYER TOTAL MONEY: 4145
[22:55:19:381929 --7:00] [Thread 1100] PLAYER: ( 76561198092067587 ) R Alpha 1-3:1 (vakero) REMOTE SOLD ITEM Exile_Item_BBQSandwich FOR 37 POPTABS AND 3.7 RESPECT | PLAYER TOTAL MONEY: 4182
[22:55:20:318555 --7:00] [Thread 5116] PLAYER: ( 76561198092067587 ) R Alpha 1-3:1 (vakero) REMOTE SOLD ITEM 30Rnd_9x21_Mag_SMG_02_Tracer_Red FOR 25 POPTABS AND 2.5 RESPECT | PLAYER TOTAL MONEY: 4207
[22:55:21:298480 --7:00] [Thread 5116] PLAYER: ( 76561198092067587 ) R Alpha 1-3:1 (vakero) REMOTE SOLD ITEM 30Rnd_9x21_Mag_SMG_02 FOR 25 POPTABS AND 2.5 RESPECT | PLAYER TOTAL MONEY: 4232
[22:55:22:260524 --7:00] [Thread 1100] PLAYER: ( 76561198092067587 ) R Alpha 1-3:1 (vakero) REMOTE SOLD ITEM 30Rnd_9x21_Mag_SMG_02_Tracer_Red FOR 25 POPTABS AND 2.5 RESPECT | PLAYER TOTAL MONEY: 4257
[22:55:23:205213 --7:00] [Thread 5660] PLAYER: ( 76561198092067587 ) R Alpha 1-3:1 (vakero) REMOTE SOLD ITEM Exile_Item_EMRE FOR 100 POPTABS AND 10 RESPECT | PLAYER TOTAL MONEY: 4357
[22:55:27:302997 --7:00] [Thread 1100] PLAYER: ( 76561198092067587 ) R Alpha 1-3:1 (vakero) REMOTE SOLD ITEM 30Rnd_9x21_Mag_SMG_02 FOR 25 POPTABS AND 2.5 RESPECT | PLAYER TOTAL MONEY: 4382
[22:55:28:279670 --7:00] [Thread 5660] PLAYER: ( 76561198092067587 ) R Alpha 1-3:1 (vakero) REMOTE SOLD ITEM Exile_Item_MetalPole FOR 400 POPTABS AND 40 RESPECT | PLAYER TOTAL MONEY: 4782
[22:55:29:271099 --7:00] [Thread 5660] PLAYER: ( 76561198092067587 ) R Alpha 1-3:1 (vakero) REMOTE SOLD ITEM Exile_Item_InstaDoc FOR 500 POPTABS AND 50 RESPECT | PLAYER TOTAL MONEY: 5282
[22:55:30:163764 --7:00] [Thread 5660] PLAYER: ( 76561198092067587 ) R Alpha 1-3:1 (vakero) REMOTE SOLD ITEM Exile_Item_InstaDoc FOR 500 POPTABS AND 50 RESPECT | PLAYER TOTAL MONEY: 5782
[22:55:31:035551 --7:00] [Thread 1100] PLAYER: ( 76561198092067587 ) R Alpha 1-3:1 (vakero) REMOTE SOLD ITEM Exile_Item_PlasticBottleFreshWater FOR 4 POPTABS AND 0.4 RESPECT | PLAYER TOTAL MONEY: 5786
[22:55:32:035272 --7:00] [Thread 5660] PLAYER: ( 76561198092067587 ) R Alpha 1-3:1 (vakero) REMOTE SOLD ITEM Exile_Item_PlasticBottleEmpty FOR 5 POPTABS AND 0.5 RESPECT | PLAYER TOTAL MONEY: 5791
[22:55:32:912017 --7:00] [Thread 5116] PLAYER: ( 76561198092067587 ) R Alpha 1-3:1 (vakero) REMOTE SOLD ITEM Exile_Item_PlasticBottleFreshWater FOR 4 POPTABS AND 0.4 RESPECT | PLAYER TOTAL MONEY: 5795
[22:55:33:716179 --7:00] [Thread 5660] PLAYER: ( 76561198092067587 ) R Alpha 1-3:1 (vakero) REMOTE SOLD ITEM Exile_Item_InstaDoc FOR 500 POPTABS AND 50 RESPECT | PLAYER TOTAL MONEY: 6295
[22:55:34:564096 --7:00] [Thread 5116] PLAYER: ( 76561198092067587 ) R Alpha 1-3:1 (vakero) REMOTE SOLD ITEM Exile_Item_Codelock FOR 2500 POPTABS AND 250 RESPECT | PLAYER TOTAL MONEY: 8795
[22:55:35:437878 --7:00] [Thread 1100] PLAYER: ( 76561198092067587 ) R Alpha 1-3:1 (vakero) REMOTE SOLD ITEM Exile_Item_PlasticBottleCoffee FOR 10 POPTABS AND 1 RESPECT | PLAYER TOTAL MONEY: 8805
[22:55:36:157107 --7:00] [Thread 1100] PLAYER: ( 76561198092067587 ) R Alpha 1-3:1 (vakero) REMOTE SOLD ITEM Exile_Item_PlasticBottleFreshWater FOR 4 POPTABS AND 0.4 RESPECT | PLAYER TOTAL MONEY: 8809
[22:55:37:034931 --7:00] [Thread 1100] PLAYER: ( 76561198092067587 ) R Alpha 1-3:1 (vakero) REMOTE SOLD ITEM Exile_Item_InstaDoc FOR 500 POPTABS AND 50 RESPECT | PLAYER TOTAL MONEY: 9309
[22:55:37:883120 --7:00] [Thread 5116] PLAYER: ( 76561198092067587 ) R Alpha 1-3:1 (vakero) REMOTE SOLD ITEM Exile_Item_InstaDoc FOR 500 POPTABS AND 50 RESPECT | PLAYER TOTAL MONEY: 9809
[22:55:38:705907 --7:00] [Thread 5660] PLAYER: ( 76561198092067587 ) R Alpha 1-3:1 (vakero) REMOTE SOLD ITEM Exile_Item_InstaDoc FOR 500 POPTABS AND 50 RESPECT | PLAYER TOTAL MONEY: 10309
[22:55:45:575573 --7:00] [Thread 1100] PLAYER: ( 76561198092067587 ) R Alpha 1-3:1 (vakero) REMOTE SOLD ITEM arifle_SPAR_03_blk_F FOR 350 POPTABS AND 35 RESPECT | PLAYER TOTAL MONEY: 10659
[22:55:46:548799 --7:00] [Thread 5116] PLAYER: ( 76561198092067587 ) R Alpha 1-3:1 (vakero) REMOTE SOLD ITEM SMG_05_F FOR 150 POPTABS AND 15 RESPECT | PLAYER TOTAL MONEY: 10809
[22:56:11:236329 --7:00] [Thread 3284] PLAYER: ( 76561198092067587 ) R Alpha 1-3:1 (vakero) REMOTE SOLD ITEM: Exile_Bike_QuadBike_Black (ID# 31) with Cargo [] FOR 750 POPTABS AND 75 RESPECT | PLAYER TOTAL MONEY: 11559
[22:58:34:051416 --7:00] [Thread 5116] PLAYER: ( 76561198092067587 ) R Alpha 1-3:1 (vakero) REMOTE PURCHASED VEHICLE Exile_Car_LandRover_Green FOR 5500 POPTABS | PLAYER TOTAL MONEY: 20303
[23:30:37:542976 --7:00] [Thread 3284] PLAYER: ( 76561198092067587 ) R Alpha 1-3:1 (vakero) REMOTE SOLD ITEM: Exile_Car_Ural_Covered_Blue (ID# 25) with Cargo ["B_ViperLightHarness_khk_F","B_FieldPack_cbr","B_FieldPack_oucamo","10Rnd_338_Mag","10Rnd_338_Mag","Exile_Item_PlasticBottleEmpty","Exile_Item_BBQSandwich","30Rnd_65x39_caseless_mag","30Rnd_65x39_caseless_mag","30Rnd_65x39_caseless_mag","30Rnd_65x39_caseless_mag","30Rnd_65x39_caseless_mag","Exile_Item_PowerDrink","Exile_Item_EnergyDrink","30Rnd_65x39_caseless_mag","16Rnd_9x21_Mag","Exile_Item_Vishpirin","Exile_Item_EnergyDrink","Exile_Item_PlasticBottleCoffee","Exile_Item_InstaDoc","Exile_Item_PlasticBottleFreshWater","Exile_Item_PlasticBottleFreshWater","Exile_Item_Matches","Exile_Magazine_6Rnd_45ACP","Exile_Item_ConcreteStairsKit","Exile_Item_WoodDoorKit","Exile_Item_WoodDoorKit","Exile_Item_WoodWallHalfKit","Exile_Item_MetalBoard","Exile_Item_WoodFloorKit","Exile_Item_WoodWallHalfKit","30Rnd_556x45_Stanag","30Rnd_556x45_Stanag","Exile_Item_Handsaw","Exile_Item_WoodPlank","Exile_Item_Bandage","Exile_Item_BBQSandwich_Cooked","30Rnd_556x45_Stanag","Exile_Item_InstaDoc","srifle_DMR_02_camo_F","10Rnd_338_Mag","arifle_Katiba_GL_F","optic_Hamr","30Rnd_65x39_caseless_green","arifle_MX_GL_Black_F","optic_DMS","30Rnd_65x39_caseless_mag","arifle_AK12_F","optic_DMS","30Rnd_762x39_Mag_F","Rangefinder","srifle_DMR_05_blk_F","10Rnd_93x64_DMR_05_Mag","arifle_Mk20_F","ItemGPS","ItemGPS","ItemGPS","ItemGPS","U_I_GhillieSuit","optic_Arco"] FOR 15000 POPTABS AND 1500 RESPECT | PLAYER TOTAL MONEY: 15240
