extDB2: Version: 70
extDB2: https://github.com/Torndeco/extDB2
extDB2: Windows Version
Message: All development for extDB2 is done on a Linux Dedicated Server
Message: If you would like to Donate to extDB2 Development
Message: https://www.paypal.com/cgi-bin/webscr?cmd=_s-xclick&hosted_button_id=2SUEFTGABTAM2
Message: Also leave a message if there is any particular feature you would like to see added.
Message: Thanks for all the people that have donated.
Message: Torndeco: 20/02/15


extDB2: Found extdb-conf.ini
extDB2: Detected 8 Cores, Setting up 6 Worker Threads


[19:12:57:646446 --7:00] [Thread 4412] extDB2: Database Type: MySQL
[19:12:57:657182 --7:00] [Thread 4412] extDB2: Database Session Pool Started
[19:12:57:658127 --7:00] [Thread 4412] extDB2: SQL_CUSTOM_V2: Loading Template Filename: C:\ArmaServers\fantomexile\@exileserver\extDB\sql_custom_v2\exile.ini
[19:12:57:658231 --7:00] [Thread 4412] extDB2: SQL_CUSTOM_V2: Version 12 Detected, Latest Version 12 Available
[19:12:57:771586 --7:00] [Thread 4412] extDB2: SQL_CUSTOM_V2: Error No Custom Call Not Found: Input String loadTerritoryVehicles:1
[19:12:57:771602 --7:00] [Thread 4412] extDB2: SQL_CUSTOM_V2: Error No Custom Call Not Found: Callname loadTerritoryVehicles
[19:12:57:772533 --7:00] [Thread 4412] extDB2: SQL_CUSTOM_V2: Error No Custom Call Not Found: Input String loadTerritoryVehicles:2
[19:12:57:772543 --7:00] [Thread 4412] extDB2: SQL_CUSTOM_V2: Error No Custom Call Not Found: Callname loadTerritoryVehicles
[19:17:51:699253 --7:00] [Thread 4412] extDB2: Stopping ...
