extDB2: Version: 70
extDB2: https://github.com/Torndeco/extDB2
extDB2: Windows Version
Message: All development for extDB2 is done on a Linux Dedicated Server
Message: If you would like to Donate to extDB2 Development
Message: https://www.paypal.com/cgi-bin/webscr?cmd=_s-xclick&hosted_button_id=2SUEFTGABTAM2
Message: Also leave a message if there is any particular feature you would like to see added.
Message: Thanks for all the people that have donated.
Message: Torndeco: 20/02/15


extDB2: Found extdb-conf.ini
extDB2: Detected 8 Cores, Setting up 6 Worker Threads


[19:24:01:040377 --7:00] [Thread 4552] extDB2: Database Type: MySQL
[19:24:01:041789 --7:00] [Thread 4552] extDB2: Database Session Pool Started
[19:24:01:042701 --7:00] [Thread 4552] extDB2: SQL_CUSTOM_V2: Loading Template Filename: C:\ArmaServers\fantomexile\@exileserver\extDB\sql_custom_v2\exile.ini
[19:24:01:042806 --7:00] [Thread 4552] extDB2: SQL_CUSTOM_V2: Version 12 Detected, Latest Version 12 Available
[19:24:01:140187 --7:00] [Thread 4552] extDB2: SQL_CUSTOM_V2: Error No Custom Call Not Found: Input String loadTerritoryVehicles:1
[19:24:01:140202 --7:00] [Thread 4552] extDB2: SQL_CUSTOM_V2: Error No Custom Call Not Found: Callname loadTerritoryVehicles
[19:24:01:141221 --7:00] [Thread 4552] extDB2: SQL_CUSTOM_V2: Error No Custom Call Not Found: Input String loadTerritoryVehicles:2
[19:24:01:141232 --7:00] [Thread 4552] extDB2: SQL_CUSTOM_V2: Error No Custom Call Not Found: Callname loadTerritoryVehicles
[19:28:21:887924 --7:00] [Thread 4552] extDB2: Stopping ...
