extDB2: Version: 70
extDB2: https://github.com/Torndeco/extDB2
extDB2: Windows Version
Message: All development for extDB2 is done on a Linux Dedicated Server
Message: If you would like to Donate to extDB2 Development
Message: https://www.paypal.com/cgi-bin/webscr?cmd=_s-xclick&hosted_button_id=2SUEFTGABTAM2
Message: Also leave a message if there is any particular feature you would like to see added.
Message: Thanks for all the people that have donated.
Message: Torndeco: 20/02/15


extDB2: Found extdb-conf.ini
extDB2: Detected 8 Cores, Setting up 6 Worker Threads


[23:19:54:357068 --7:00] [Thread 5752] extDB2: Database Type: MySQL
[23:19:54:358456 --7:00] [Thread 5752] extDB2: Database Session Pool Started
[23:19:54:359358 --7:00] [Thread 5752] extDB2: SQL_CUSTOM_V2: Loading Template Filename: C:\ArmaServers\fantomexile\@exileserver\extDB\sql_custom_v2\exile.ini
[23:19:54:359461 --7:00] [Thread 5752] extDB2: SQL_CUSTOM_V2: Version 12 Detected, Latest Version 12 Available
[23:19:54:420830 --7:00] [Thread 5752] extDB2: SQL_CUSTOM_V2: Error No Custom Call Not Found: Input String loadTerritoryVehicles:1
[23:19:54:420845 --7:00] [Thread 5752] extDB2: SQL_CUSTOM_V2: Error No Custom Call Not Found: Callname loadTerritoryVehicles
[23:19:54:421706 --7:00] [Thread 5752] extDB2: SQL_CUSTOM_V2: Error No Custom Call Not Found: Input String loadTerritoryVehicles:2
[23:19:54:421717 --7:00] [Thread 5752] extDB2: SQL_CUSTOM_V2: Error No Custom Call Not Found: Callname loadTerritoryVehicles
[23:19:56:663427 --7:00] [Thread 5752] extDB2: Stopping ...
