extDB2: Version: 70
extDB2: https://github.com/Torndeco/extDB2
extDB2: Windows Version
Message: All development for extDB2 is done on a Linux Dedicated Server
Message: If you would like to Donate to extDB2 Development
Message: https://www.paypal.com/cgi-bin/webscr?cmd=_s-xclick&hosted_button_id=2SUEFTGABTAM2
Message: Also leave a message if there is any particular feature you would like to see added.
Message: Thanks for all the people that have donated.
Message: Torndeco: 20/02/15


extDB2: Found extdb-conf.ini
extDB2: Detected 8 Cores, Setting up 6 Worker Threads


[23:15:31:097729 --7:00] [Thread 3316] extDB2: Database Type: MySQL
[23:15:31:099013 --7:00] [Thread 3316] extDB2: Database Session Pool Started
[23:15:31:099922 --7:00] [Thread 3316] extDB2: SQL_CUSTOM_V2: Loading Template Filename: C:\ArmaServers\fantomexile\@exileserver\extDB\sql_custom_v2\exile.ini
[23:15:31:100026 --7:00] [Thread 3316] extDB2: SQL_CUSTOM_V2: Version 12 Detected, Latest Version 12 Available
[23:15:31:206454 --7:00] [Thread 3316] extDB2: SQL_CUSTOM_V2: Error No Custom Call Not Found: Input String loadTerritoryVehicles:1
[23:15:31:206469 --7:00] [Thread 3316] extDB2: SQL_CUSTOM_V2: Error No Custom Call Not Found: Callname loadTerritoryVehicles
[23:15:31:207470 --7:00] [Thread 3316] extDB2: SQL_CUSTOM_V2: Error No Custom Call Not Found: Input String loadTerritoryVehicles:2
[23:15:31:207482 --7:00] [Thread 3316] extDB2: SQL_CUSTOM_V2: Error No Custom Call Not Found: Callname loadTerritoryVehicles
[23:19:21:268713 --7:00] [Thread 3316] extDB2: Stopping ...
