[20:31:49:608820 --7:00] [Thread 3472] PLAYER: ( 76561198028618099 ) R POOP LIVES MATTER:1 (BTATCOM) REMOTE SOLD ITEM Exile_Item_EMRE FOR 100 POPTABS AND 10 RESPECT | PLAYER TOTAL MONEY: 8610
[20:32:36:747510 --7:00] [Thread 4200] PLAYER: ( 76561198028618099 ) R POOP LIVES MATTER:1 (BTATCOM) REMOTE PURCHASED VEHICLE Exile_Car_Kart_Black FOR 900 POPTABS | PLAYER TOTAL MONEY: 7710
[20:33:15:617893 --7:00] [Thread 4200] PLAYER: ( 76561198033382828 ) R POOP LIVES MATTER:2 (Micha) REMOTE PURCHASED VEHICLE Exile_Car_Kart_Black FOR 900 POPTABS | PLAYER TOTAL MONEY: 100
[20:37:01:782062 --7:00] [Thread 5696] PLAYER: ( 76561198028618099 ) R POOP LIVES MATTER:1 (BTATCOM) REMOTE SOLD ITEM: Exile_Car_Kart_Black (ID# 16) with Cargo [] FOR 450 POPTABS AND 45 RESPECT | PLAYER TOTAL MONEY: 8160
[20:37:35:634795 --7:00] [Thread 5696] PLAYER: ( 76561198028618099 ) R POOP LIVES MATTER:1 (BTATCOM) REMOTE SOLD ITEM: Exile_Car_Kart_Black (ID# 17) with Cargo [] FOR 450 POPTABS AND 45 RESPECT | PLAYER TOTAL MONEY: 8610
[20:38:04:841235 --7:00] [Thread 5000] PLAYER: ( 76561198028618099 ) R POOP LIVES MATTER:1 (BTATCOM) REMOTE SOLD ITEM Exile_Item_EMRE FOR 100 POPTABS AND 10 RESPECT | PLAYER TOTAL MONEY: 8710
[20:38:13:645753 --7:00] [Thread 4200] PLAYER: ( 76561198028618099 ) R POOP LIVES MATTER:1 (BTATCOM) REMOTE SOLD ITEM Exile_Item_EMRE FOR 100 POPTABS AND 10 RESPECT | PLAYER TOTAL MONEY: 8810
[20:38:22:870931 --7:00] [Thread 3472] PLAYER: ( 76561198028618099 ) R POOP LIVES MATTER:1 (BTATCOM) REMOTE SOLD ITEM 10Rnd_93x64_DMR_05_Mag FOR 25 POPTABS AND 2.5 RESPECT | PLAYER TOTAL MONEY: 8835
[20:38:27:138765 --7:00] [Thread 4200] PLAYER: ( 76561198028618099 ) R POOP LIVES MATTER:1 (BTATCOM) REMOTE SOLD ITEM 10Rnd_93x64_DMR_05_Mag FOR 25 POPTABS AND 2.5 RESPECT | PLAYER TOTAL MONEY: 8860
[20:39:04:785629 --7:00] [Thread 3472] PLAYER: ( 76561198028618099 ) R POOP LIVES MATTER:1 (BTATCOM) REMOTE SOLD ITEM H_CrewHelmetHeli_B FOR 150 POPTABS AND 15 RESPECT | PLAYER TOTAL MONEY: 9010
[20:39:56:944636 --7:00] [Thread 5000] PLAYER: ( 76561198028618099 ) R POOP LIVES MATTER:1 (BTATCOM) REMOTE PURCHASED ITEM H_PilotHelmetHeli_I FOR 100 POPTABS | PLAYER TOTAL MONEY: 8910
[20:42:53:394697 --7:00] [Thread 3472] PLAYER: ( 76561198028618099 ) R POOP LIVES MATTER:1 (BTATCOM) REMOTE PURCHASED ITEM V_PlateCarrierGL_rgr FOR 600 POPTABS | PLAYER TOTAL MONEY: 8310
[20:44:47:484842 --7:00] [Thread 5000] PLAYER: ( 76561198028618099 ) R POOP LIVES MATTER:1 (BTATCOM) REMOTE PURCHASED ITEM H_PilotHelmetHeli_O FOR 100 POPTABS | PLAYER TOTAL MONEY: 8210
[20:45:23:340076 --7:00] [Thread 3472] PLAYER: ( 76561198028618099 ) R POOP LIVES MATTER:1 (BTATCOM) REMOTE PURCHASED ITEM O_NVGoggles_ghex_F FOR 150 POPTABS | PLAYER TOTAL MONEY: 8060
[20:45:33:506399 --7:00] [Thread 4200] PLAYER: ( 76561198033382828 ) R POOP LIVES MATTER:2 (Micha) REMOTE SOLD ITEM ItemRadio FOR 20 POPTABS AND 2 RESPECT | PLAYER TOTAL MONEY: 120
[20:45:48:123522 --7:00] [Thread 5000] PLAYER: ( 76561198028618099 ) R POOP LIVES MATTER:1 (BTATCOM) REMOTE PURCHASED ITEM 10Rnd_93x64_DMR_05_Mag FOR 50 POPTABS | PLAYER TOTAL MONEY: 8010
[20:45:49:637071 --7:00] [Thread 4200] PLAYER: ( 76561198028618099 ) R POOP LIVES MATTER:1 (BTATCOM) REMOTE PURCHASED ITEM 10Rnd_93x64_DMR_05_Mag FOR 50 POPTABS | PLAYER TOTAL MONEY: 7960
[20:46:22:425600 --7:00] [Thread 5000] PLAYER: ( 76561198028618099 ) R POOP LIVES MATTER:1 (BTATCOM) REMOTE PURCHASED ITEM optic_Arco_ghex_F FOR 200 POPTABS | PLAYER TOTAL MONEY: 7760
[20:47:32:635303 --7:00] [Thread 3472] PLAYER: ( 76561198028618099 ) R POOP LIVES MATTER:1 (BTATCOM) REMOTE PURCHASED VEHICLE Exile_Chopper_Hummingbird_Civillian_Wasp FOR 7000 POPTABS | PLAYER TOTAL MONEY: 760
[00:03:50:135873 --7:00] [Thread 5096] PLAYER: ( 76561198151637619 ) R Alpha 1-3:1 (JoMilla) REMOTE PURCHASED ITEM Exile_Item_FuelCanisterEmpty FOR 50 POPTABS | PLAYER TOTAL MONEY: 3780
[00:40:12:879976 --7:00] [Thread 5096] PLAYER: ( 76561198028618099 ) R Alpha 1-2:1 (BTATCOM) REMOTE PURCHASED VEHICLE Exile_Car_OldTractor_Red FOR 1000 POPTABS | PLAYER TOTAL MONEY: 1700
[00:42:57:442319 --7:00] [Thread 1892] PLAYER: ( 76561198028618099 ) R Alpha 1-2:1 (BTATCOM) REMOTE PURCHASED ITEM Exile_Weapon_AKS_Gold FOR 550 POPTABS | PLAYER TOTAL MONEY: 1150
[00:44:03:044798 --7:00] [Thread 5636] PLAYER: ( 76561198028618099 ) R Alpha 1-2:1 (BTATCOM) REMOTE PURCHASED ITEM 30Rnd_762x39_Mag_Green_F FOR 50 POPTABS | PLAYER TOTAL MONEY: 1100
[00:44:55:296294 --7:00] [Thread 1892] PLAYER: ( 76561198028618099 ) R Alpha 1-2:1 (BTATCOM) REMOTE PURCHASED ITEM 30Rnd_762x39_Mag_Tracer_Green_F FOR 50 POPTABS | PLAYER TOTAL MONEY: 1050
[00:45:16:299581 --7:00] [Thread 5636] PLAYER: ( 76561198028618099 ) R Alpha 1-2:1 (BTATCOM) REMOTE PURCHASED ITEM Exile_Magazine_20Rnd_762x51_DMR FOR 20 POPTABS | PLAYER TOTAL MONEY: 1030
[00:46:34:546807 --7:00] [Thread 1892] PLAYER: ( 76561198028618099 ) R Alpha 1-2:1 (BTATCOM) REMOTE PURCHASED ITEM Exile_Magazine_30Rnd_762x39_AK FOR 20 POPTABS | PLAYER TOTAL MONEY: 1010
[00:46:36:160834 --7:00] [Thread 1892] PLAYER: ( 76561198028618099 ) R Alpha 1-2:1 (BTATCOM) REMOTE PURCHASED ITEM Exile_Magazine_30Rnd_762x39_AK FOR 20 POPTABS | PLAYER TOTAL MONEY: 990
[00:46:37:098460 --7:00] [Thread 5636] PLAYER: ( 76561198028618099 ) R Alpha 1-2:1 (BTATCOM) REMOTE PURCHASED ITEM Exile_Magazine_30Rnd_762x39_AK FOR 20 POPTABS | PLAYER TOTAL MONEY: 970
[00:46:37:833623 --7:00] [Thread 1892] PLAYER: ( 76561198028618099 ) R Alpha 1-2:1 (BTATCOM) REMOTE PURCHASED ITEM Exile_Magazine_30Rnd_762x39_AK FOR 20 POPTABS | PLAYER TOTAL MONEY: 950
[00:46:55:705923 --7:00] [Thread 5636] PLAYER: ( 76561198028618099 ) R Alpha 1-2:1 (BTATCOM) REMOTE PURCHASED ITEM muzzle_snds_B FOR 50 POPTABS | PLAYER TOTAL MONEY: 900
[00:47:02:045348 --7:00] [Thread 1892] PLAYER: ( 76561198028618099 ) R Alpha 1-2:1 (BTATCOM) REMOTE PURCHASED ITEM optic_Hamr_khk_F FOR 400 POPTABS | PLAYER TOTAL MONEY: 500
