[19:53:21:798682 --7:00] [Thread 5148] BTATCOM was killed by JoMilla! (First Blood, Homie, Raid)
[20:57:04:467355 --7:00] [Thread 5000] Micha was killed by an NPC!
[21:09:55:580209 --7:00] [Thread 5000] BTATCOM commited suicide!
[21:14:23:529380 --7:00] [Thread 3472] Micha was killed by an NPC!
[21:19:45:571314 --7:00] [Thread 2804] BTATCOM was killed by JoMilla! (First Blood)
[22:31:40:122001 --7:00] [Thread 5000] Micha died for an unknown reason!
[22:33:29:255241 --7:00] [Thread 4836] BTATCOM was team-killed by JoMilla!
[22:35:18:112355 --7:00] [Thread 2804] BTATCOM died for an unknown reason!
[22:40:15:225007 --7:00] [Thread 5000] Micha was killed by an NPC!
[22:42:15:009717 --7:00] [Thread 4836] Micha was killed by an NPC!
[22:44:01:352125 --7:00] [Thread 2804] Micha was killed by an NPC!
[00:37:39:876551 --7:00] [Thread 5636] BTATCOM died while playing Russian Roulette!
[01:00:26:241156 --7:00] [Thread 5096] BTATCOM commited suicide!
[01:07:01:407737 --7:00] [Thread 5636] BTATCOM commited suicide!
[01:10:26:567322 --7:00] [Thread 5636] BTATCOM commited suicide!
[01:19:20:508713 --7:00] [Thread 5096] BTATCOM was killed by an NPC!
[01:21:03:617077 --7:00] [Thread 5088] BTATCOM was killed by an NPC!
[01:23:30:487834 --7:00] [Thread 5184] BTATCOM was killed by an NPC!
[01:24:11:728378 --7:00] [Thread 1892] BTATCOM commited suicide!
[01:26:27:414987 --7:00] [Thread 5184] BTATCOM was killed by an NPC!
[09:02:13:683330 --7:00] [Thread 5668] BTATCOM commited suicide!
[09:05:28:314428 --7:00] [Thread 5332] BTATCOM was killed by an NPC!
[16:26:48:917311 --7:00] [Thread 5880] Guts was killed by an NPC!
[16:27:24:802231 --7:00] [Thread 5988] Shinigami commited suicide!
[16:34:23:403740 --7:00] [Thread 3788] Guts commited suicide!
[16:34:49:779148 --7:00] [Thread 5144] Maven commited suicide!
[16:38:47:010827 --7:00] [Thread 5144] RDSxArchon was killed by an NPC!
[16:40:00:590556 --7:00] [Thread 3788] Shinigami was killed by an NPC!
[16:41:43:046813 --7:00] [Thread 5144] BTATCOM commited suicide!
[16:56:11:476039 --7:00] [Thread 5880] Maven was killed by an NPC!
[16:56:14:548978 --7:00] [Thread 5144] BTATCOM was killed by an NPC!
[16:58:16:035198 --7:00] [Thread 3788] Micha was killed by an NPC!
[16:58:16:709085 --7:00] [Thread 5880] BTATCOM was killed by an NPC!
[17:09:22:419435 --7:00] [Thread 3788] BTATCOM died for an unknown reason!
[17:10:04:298273 --7:00] [Thread 4812] Maven commited suicide!
[17:33:49:504006 --7:00] [Thread 5144] Maven commited suicide!
