extDB2: Version: 70
extDB2: https://github.com/Torndeco/extDB2
extDB2: Windows Version
Message: All development for extDB2 is done on a Linux Dedicated Server
Message: If you would like to Donate to extDB2 Development
Message: https://www.paypal.com/cgi-bin/webscr?cmd=_s-xclick&hosted_button_id=2SUEFTGABTAM2
Message: Also leave a message if there is any particular feature you would like to see added.
Message: Thanks for all the people that have donated.
Message: Torndeco: 20/02/15


extDB2: Found extdb-conf.ini
extDB2: Detected 8 Cores, Setting up 6 Worker Threads


[16:48:38:003650 --7:00] [Thread 3996] extDB2: Database Type: MySQL
[16:48:38:014958 --7:00] [Thread 3996] extDB2: Database Session Pool Started
[16:48:38:015888 --7:00] [Thread 3996] extDB2: SQL_CUSTOM_V2: Loading Template Filename: C:\ArmaServers\fantomexile\@exileserver\extDB\sql_custom_v2\exile.ini
[16:48:38:015991 --7:00] [Thread 3996] extDB2: SQL_CUSTOM_V2: Version 12 Detected, Latest Version 12 Available
[16:48:38:126863 --7:00] [Thread 3996] extDB2: SQL_CUSTOM_V2: Error No Custom Call Not Found: Input String loadTerritoryVehicles:1
[16:48:38:126878 --7:00] [Thread 3996] extDB2: SQL_CUSTOM_V2: Error No Custom Call Not Found: Callname loadTerritoryVehicles
[16:48:38:127680 --7:00] [Thread 3996] extDB2: SQL_CUSTOM_V2: Error No Custom Call Not Found: Input String loadTerritoryVehicles:2
[16:48:38:127691 --7:00] [Thread 3996] extDB2: SQL_CUSTOM_V2: Error No Custom Call Not Found: Callname loadTerritoryVehicles
[19:12:29:611769 --7:00] [Thread 3996] extDB2: Stopping ...
