[22:01:18:269887 --7:00] [Thread 5952] PLAYER: ( 76561198092067587 ) R Alpha 1-3:1 (vakero) REMOTE SOLD ITEM: Exile_Car_QilinUnarmed (ID# 56) with Cargo ["B_Bergen_tna_F"] FOR 5300 POPTABS AND 530 RESPECT | PLAYER TOTAL MONEY: 5400
[22:02:59:119050 --7:00] [Thread 3168] PLAYER: ( 76561198092067587 ) R Alpha 1-3:1 (vakero) REMOTE PURCHASED VEHICLE Exile_Car_ProwlerLight FOR 10000 POPTABS | PLAYER TOTAL MONEY: 5400
[22:03:59:167101 --7:00] [Thread 6244] PLAYER: ( 76561198092067587 ) R Alpha 1-3:1 (vakero) REMOTE PURCHASED ITEM acc_pointer_IR FOR 20 POPTABS | PLAYER TOTAL MONEY: 5380
[22:04:04:369525 --7:00] [Thread 6296] PLAYER: ( 76561198092067587 ) R Alpha 1-3:1 (vakero) REMOTE PURCHASED ITEM bipod_03_F_blk FOR 50 POPTABS | PLAYER TOTAL MONEY: 5330
[22:04:14:559019 --7:00] [Thread 6244] PLAYER: ( 76561198092067587 ) R Alpha 1-3:1 (vakero) REMOTE PURCHASED ITEM optic_AMS_snd FOR 500 POPTABS | PLAYER TOTAL MONEY: 4830
[22:04:19:356108 --7:00] [Thread 6296] PLAYER: ( 76561198092067587 ) R Alpha 1-3:1 (vakero) REMOTE PURCHASED ITEM muzzle_snds_m_snd_F FOR 50 POPTABS | PLAYER TOTAL MONEY: 4780
[22:04:24:995566 --7:00] [Thread 6244] PLAYER: ( 76561198092067587 ) R Alpha 1-3:1 (vakero) REMOTE PURCHASED ITEM 150Rnd_556x45_Drum_Mag_F FOR 175 POPTABS | PLAYER TOTAL MONEY: 4605
[22:04:25:847461 --7:00] [Thread 6296] PLAYER: ( 76561198092067587 ) R Alpha 1-3:1 (vakero) REMOTE PURCHASED ITEM 150Rnd_556x45_Drum_Mag_F FOR 175 POPTABS | PLAYER TOTAL MONEY: 4430
[22:04:26:691707 --7:00] [Thread 6244] PLAYER: ( 76561198092067587 ) R Alpha 1-3:1 (vakero) REMOTE PURCHASED ITEM 150Rnd_556x45_Drum_Mag_F FOR 175 POPTABS | PLAYER TOTAL MONEY: 4255
[22:04:37:814102 --7:00] [Thread 6296] PLAYER: ( 76561198092067587 ) R Alpha 1-3:1 (vakero) REMOTE PURCHASED ITEM 10Rnd_338_Mag FOR 60 POPTABS | PLAYER TOTAL MONEY: 4195
[22:04:38:638557 --7:00] [Thread 6244] PLAYER: ( 76561198092067587 ) R Alpha 1-3:1 (vakero) REMOTE PURCHASED ITEM 10Rnd_338_Mag FOR 60 POPTABS | PLAYER TOTAL MONEY: 4135
[22:04:39:440475 --7:00] [Thread 6296] PLAYER: ( 76561198092067587 ) R Alpha 1-3:1 (vakero) REMOTE PURCHASED ITEM 10Rnd_338_Mag FOR 60 POPTABS | PLAYER TOTAL MONEY: 4075
[22:04:40:267094 --7:00] [Thread 6244] PLAYER: ( 76561198092067587 ) R Alpha 1-3:1 (vakero) REMOTE PURCHASED ITEM 10Rnd_338_Mag FOR 60 POPTABS | PLAYER TOTAL MONEY: 4015
[22:04:41:121191 --7:00] [Thread 6296] PLAYER: ( 76561198092067587 ) R Alpha 1-3:1 (vakero) REMOTE PURCHASED ITEM 10Rnd_338_Mag FOR 60 POPTABS | PLAYER TOTAL MONEY: 3955
[22:04:41:865195 --7:00] [Thread 6244] PLAYER: ( 76561198092067587 ) R Alpha 1-3:1 (vakero) REMOTE PURCHASED ITEM 10Rnd_338_Mag FOR 60 POPTABS | PLAYER TOTAL MONEY: 3895
[22:04:42:632377 --7:00] [Thread 6296] PLAYER: ( 76561198092067587 ) R Alpha 1-3:1 (vakero) REMOTE PURCHASED ITEM 10Rnd_338_Mag FOR 60 POPTABS | PLAYER TOTAL MONEY: 3835
[22:30:27:924886 --7:00] [Thread 6244] PLAYER: ( 76561198092067587 ) R Alpha 1-3:1 (vakero) REMOTE PURCHASED ITEM O_NVGoggles_urb_F FOR 150 POPTABS | PLAYER TOTAL MONEY: 850
[23:21:17:041777 --7:00] [Thread 6296] PLAYER: ( 76561198092067587 ) R Alpha 1-3:1 (vakero) REMOTE SOLD ITEM: Exile_Car_Offroad_Armed_Guerilla01 (ID# <null>) with Cargo ["B_Bergen_rgr","B_Bergen_tna_F","B_Bergen_rgr","Exile_Item_Vishpirin","Exile_Item_BBQSandwich","9Rnd_45ACP_Mag","30Rnd_556x45_Stanag","30Rnd_556x45_Stanag","30Rnd_556x45_Stanag","30Rnd_556x45_Stanag","Exile_Item_Bandage","Exile_Item_InstaDoc","Exile_Item_CatFood_Cooked","30Rnd_556x45_Stanag","30Rnd_556x45_Stanag","30Rnd_556x45_Stanag","30Rnd_556x45_Stanag","30Rnd_556x45_Stanag","30Rnd_556x45_Stanag","30Rnd_556x45_Stanag","Exile_Magazine_8Rnd_9x18","30Rnd_556x45_Stanag","30Rnd_556x45_Stanag","30Rnd_556x45_Stanag","30Rnd_556x45_Stanag","30Rnd_556x45_Stanag","30Rnd_556x45_Stanag","Exile_Item_PowerDrink","Exile_Item_InstaDoc","Exile_Item_PowerDrink","Exile_Item_EnergyDrink","Exile_Item_BBQSandwich","Exile_Item_Vishpirin","Exile_Item_InstaDoc","Exile_Item_BBQSandwich","Exile_Item_Bandage","30Rnd_556x45_Stanag","30Rnd_556x45_Stanag","Exile_Item_BBQSandwich","Exile_Magazine_6Rnd_45ACP","Exile_Magazine_6Rnd_45ACP","Exile_Magazine_30Rnd_545x39_AK","Exile_Magazine_30Rnd_545x39_AK","Exile_Magazine_30Rnd_545x39_AK","Exile_Magazine_30Rnd_545x39_AK","arifle_Mk20_GL_F","30Rnd_556x45_Stanag","Exile_Weapon_TaurusGold","Exile_Magazine_6Rnd_45ACP","Exile_Weapon_AK47","Exile_Magazine_30Rnd_762x39_AK","arifle_Mk20_plain_F","optic_Holosight","30Rnd_556x45_Stanag","arifle_Mk20_plain_F","30Rnd_556x45_Stanag","ItemGPS","ItemGPS","ItemGPS","U_B_SpecopsUniform_sgg","U_BG_Guerilla2_2","H_HelmetCrew_O_ghex_F"] FOR 10053 POPTABS AND 1005.3 RESPECT | PLAYER TOTAL MONEY: 10643
[23:21:29:517193 --7:00] [Thread 6296] PLAYER: ( 76561198092067587 ) R Alpha 1-3:1 (vakero) REMOTE SOLD ITEM MMG_01_hex_F FOR 875 POPTABS AND 87.5 RESPECT | PLAYER TOTAL MONEY: 11518
[23:21:35:110491 --7:00] [Thread 6244] PLAYER: ( 76561198092067587 ) R Alpha 1-3:1 (vakero) REMOTE SOLD ITEM 100Rnd_65x39_caseless_mag_Tracer FOR 50 POPTABS AND 5 RESPECT | PLAYER TOTAL MONEY: 11568
[23:21:35:922393 --7:00] [Thread 3168] PLAYER: ( 76561198092067587 ) R Alpha 1-3:1 (vakero) REMOTE SOLD ITEM 30Rnd_556x45_Stanag FOR 20 POPTABS AND 2 RESPECT | PLAYER TOTAL MONEY: 11588
[23:21:40:441029 --7:00] [Thread 6244] PLAYER: ( 76561198092067587 ) R Alpha 1-3:1 (vakero) REMOTE SOLD ITEM 150Rnd_93x64_Mag FOR 50 POPTABS AND 5 RESPECT | PLAYER TOTAL MONEY: 11638
[23:21:41:378037 --7:00] [Thread 3168] PLAYER: ( 76561198092067587 ) R Alpha 1-3:1 (vakero) REMOTE SOLD ITEM 150Rnd_93x64_Mag FOR 50 POPTABS AND 5 RESPECT | PLAYER TOTAL MONEY: 11688
[23:21:52:495009 --7:00] [Thread 6296] PLAYER: ( 76561198092067587 ) R Alpha 1-3:1 (vakero) REMOTE SOLD ITEM 150Rnd_93x64_Mag FOR 50 POPTABS AND 5 RESPECT | PLAYER TOTAL MONEY: 11738
[23:22:15:129501 --7:00] [Thread 3168] PLAYER: ( 76561198092067587 ) R Alpha 1-3:1 (vakero) REMOTE SOLD ITEM 10Rnd_127x54_Mag FOR 30 POPTABS AND 3 RESPECT | PLAYER TOTAL MONEY: 11768
[23:22:15:843714 --7:00] [Thread 6296] PLAYER: ( 76561198092067587 ) R Alpha 1-3:1 (vakero) REMOTE SOLD ITEM Exile_Item_InstaDoc FOR 500 POPTABS AND 50 RESPECT | PLAYER TOTAL MONEY: 12268
[23:22:16:609366 --7:00] [Thread 6244] PLAYER: ( 76561198092067587 ) R Alpha 1-3:1 (vakero) REMOTE SOLD ITEM Exile_Item_InstaDoc FOR 500 POPTABS AND 50 RESPECT | PLAYER TOTAL MONEY: 12768
[23:22:17:269566 --7:00] [Thread 6296] PLAYER: ( 76561198092067587 ) R Alpha 1-3:1 (vakero) REMOTE SOLD ITEM Exile_Item_InstaDoc FOR 500 POPTABS AND 50 RESPECT | PLAYER TOTAL MONEY: 13268
[23:22:17:879318 --7:00] [Thread 6244] PLAYER: ( 76561198092067587 ) R Alpha 1-3:1 (vakero) REMOTE SOLD ITEM Exile_Item_InstaDoc FOR 500 POPTABS AND 50 RESPECT | PLAYER TOTAL MONEY: 13768
[23:22:18:978173 --7:00] [Thread 3168] PLAYER: ( 76561198092067587 ) R Alpha 1-3:1 (vakero) REMOTE SOLD ITEM Exile_Item_InstaDoc FOR 500 POPTABS AND 50 RESPECT | PLAYER TOTAL MONEY: 14268
[23:22:19:732248 --7:00] [Thread 6244] PLAYER: ( 76561198092067587 ) R Alpha 1-3:1 (vakero) REMOTE SOLD ITEM Exile_Item_InstaDoc FOR 500 POPTABS AND 50 RESPECT | PLAYER TOTAL MONEY: 14768
[23:22:20:413142 --7:00] [Thread 6296] PLAYER: ( 76561198092067587 ) R Alpha 1-3:1 (vakero) REMOTE SOLD ITEM Exile_Weapon_AK74_GL FOR 200 POPTABS AND 20 RESPECT | PLAYER TOTAL MONEY: 14968
[23:22:21:513714 --7:00] [Thread 3168] PLAYER: ( 76561198092067587 ) R Alpha 1-3:1 (vakero) REMOTE SOLD ITEM ItemGPS FOR 20 POPTABS AND 2 RESPECT | PLAYER TOTAL MONEY: 14988
[23:22:59:963430 --7:00] [Thread 6296] PLAYER: ( 76561198092067587 ) R Alpha 1-3:1 (vakero) REMOTE PURCHASED VEHICLE Exile_Bike_QuadBike_Black FOR 1500 POPTABS | PLAYER TOTAL MONEY: 13488
[23:24:56:536906 --7:00] [Thread 6244] PLAYER: ( 76561198092067587 ) R Alpha 1-3:1 (vakero) REMOTE PURCHASED ITEM 10Rnd_338_Mag FOR 60 POPTABS | PLAYER TOTAL MONEY: 13428
[23:24:57:393871 --7:00] [Thread 3168] PLAYER: ( 76561198092067587 ) R Alpha 1-3:1 (vakero) REMOTE PURCHASED ITEM 10Rnd_338_Mag FOR 60 POPTABS | PLAYER TOTAL MONEY: 13368
[23:24:58:112002 --7:00] [Thread 6244] PLAYER: ( 76561198092067587 ) R Alpha 1-3:1 (vakero) REMOTE PURCHASED ITEM 10Rnd_338_Mag FOR 60 POPTABS | PLAYER TOTAL MONEY: 13308
[23:24:58:575500 --7:00] [Thread 3168] PLAYER: ( 76561198092067587 ) R Alpha 1-3:1 (vakero) REMOTE PURCHASED ITEM 10Rnd_338_Mag FOR 60 POPTABS | PLAYER TOTAL MONEY: 13248
[23:24:59:128937 --7:00] [Thread 6244] PLAYER: ( 76561198092067587 ) R Alpha 1-3:1 (vakero) REMOTE PURCHASED ITEM 10Rnd_338_Mag FOR 60 POPTABS | PLAYER TOTAL MONEY: 13188
[23:24:59:589065 --7:00] [Thread 3168] PLAYER: ( 76561198092067587 ) R Alpha 1-3:1 (vakero) REMOTE PURCHASED ITEM 10Rnd_338_Mag FOR 60 POPTABS | PLAYER TOTAL MONEY: 13128
[23:25:00:115982 --7:00] [Thread 6244] PLAYER: ( 76561198092067587 ) R Alpha 1-3:1 (vakero) REMOTE PURCHASED ITEM 10Rnd_338_Mag FOR 60 POPTABS | PLAYER TOTAL MONEY: 13068
[23:25:00:621093 --7:00] [Thread 3168] PLAYER: ( 76561198092067587 ) R Alpha 1-3:1 (vakero) REMOTE PURCHASED ITEM 10Rnd_338_Mag FOR 60 POPTABS | PLAYER TOTAL MONEY: 13008
[23:25:01:123532 --7:00] [Thread 6244] PLAYER: ( 76561198092067587 ) R Alpha 1-3:1 (vakero) REMOTE PURCHASED ITEM 10Rnd_338_Mag FOR 60 POPTABS | PLAYER TOTAL MONEY: 12948
[23:25:26:748844 --7:00] [Thread 3168] PLAYER: ( 76561198092067587 ) R Alpha 1-3:1 (vakero) REMOTE PURCHASED ITEM Exile_Item_BeefParts FOR 50 POPTABS | PLAYER TOTAL MONEY: 12898
[23:25:27:429630 --7:00] [Thread 6244] PLAYER: ( 76561198092067587 ) R Alpha 1-3:1 (vakero) REMOTE PURCHASED ITEM Exile_Item_BeefParts FOR 50 POPTABS | PLAYER TOTAL MONEY: 12848
[23:25:28:154650 --7:00] [Thread 3168] PLAYER: ( 76561198092067587 ) R Alpha 1-3:1 (vakero) REMOTE PURCHASED ITEM Exile_Item_BeefParts FOR 50 POPTABS | PLAYER TOTAL MONEY: 12798
