[21:56:56:543460 --7:00] [Thread 2316] PLAYER: ( 76561198092067587 ) R Alpha 2-1:1 (vakero) REMOTE SOLD ITEM Exile_Item_EMRE FOR 100 POPTABS AND 10 RESPECT | PLAYER TOTAL MONEY: 100
[21:56:57:578799 --7:00] [Thread 3284] PLAYER: ( 76561198092067587 ) R Alpha 2-1:1 (vakero) REMOTE SOLD ITEM Exile_Item_EMRE FOR 100 POPTABS AND 10 RESPECT | PLAYER TOTAL MONEY: 200
[21:56:58:524338 --7:00] [Thread 856] PLAYER: ( 76561198092067587 ) R Alpha 2-1:1 (vakero) REMOTE SOLD ITEM Exile_Item_PlasticBottleFreshWater FOR 4 POPTABS AND 0.4 RESPECT | PLAYER TOTAL MONEY: 204
[21:56:59:369374 --7:00] [Thread 2316] PLAYER: ( 76561198092067587 ) R Alpha 2-1:1 (vakero) REMOTE SOLD ITEM Exile_Item_PlasticBottleFreshWater FOR 4 POPTABS AND 0.4 RESPECT | PLAYER TOTAL MONEY: 208
[21:57:00:166537 --7:00] [Thread 3284] PLAYER: ( 76561198092067587 ) R Alpha 2-1:1 (vakero) REMOTE SOLD ITEM Exile_Item_PlasticBottleFreshWater FOR 4 POPTABS AND 0.4 RESPECT | PLAYER TOTAL MONEY: 212
[21:57:03:609218 --7:00] [Thread 2316] PLAYER: ( 76561198092067587 ) R Alpha 2-1:1 (vakero) REMOTE SOLD ITEM Exile_Item_EMRE FOR 100 POPTABS AND 10 RESPECT | PLAYER TOTAL MONEY: 312
[21:57:05:910864 --7:00] [Thread 3284] PLAYER: ( 76561198092067587 ) R Alpha 2-1:1 (vakero) REMOTE SOLD ITEM Exile_Item_PlasticBottleFreshWater FOR 4 POPTABS AND 0.4 RESPECT | PLAYER TOTAL MONEY: 316
[21:57:19:530573 --7:00] [Thread 3284] PLAYER: ( 76561198092067587 ) R Alpha 2-1:1 (vakero) REMOTE SOLD ITEM arifle_TRG21_GL_F FOR 175 POPTABS AND 17.5 RESPECT | PLAYER TOTAL MONEY: 491
[21:57:20:481688 --7:00] [Thread 856] PLAYER: ( 76561198092067587 ) R Alpha 2-1:1 (vakero) REMOTE SOLD ITEM 30Rnd_556x45_Stanag FOR 20 POPTABS AND 2 RESPECT | PLAYER TOTAL MONEY: 511
[21:57:21:335011 --7:00] [Thread 3284] PLAYER: ( 76561198092067587 ) R Alpha 2-1:1 (vakero) REMOTE SOLD ITEM muzzle_snds_M FOR 25 POPTABS AND 2.5 RESPECT | PLAYER TOTAL MONEY: 536
[21:57:22:096420 --7:00] [Thread 856] PLAYER: ( 76561198092067587 ) R Alpha 2-1:1 (vakero) REMOTE SOLD ITEM optic_Arco FOR 150 POPTABS AND 15 RESPECT | PLAYER TOTAL MONEY: 686
[21:57:36:125965 --7:00] [Thread 2316] PLAYER: ( 76561198092067587 ) R Alpha 2-1:1 (vakero) REMOTE SOLD ITEM ItemGPS FOR 20 POPTABS AND 2 RESPECT | PLAYER TOTAL MONEY: 706
[21:57:37:317781 --7:00] [Thread 3284] PLAYER: ( 76561198092067587 ) R Alpha 2-1:1 (vakero) REMOTE SOLD ITEM ItemGPS FOR 20 POPTABS AND 2 RESPECT | PLAYER TOTAL MONEY: 726
[21:57:41:356248 --7:00] [Thread 856] PLAYER: ( 76561198092067587 ) R Alpha 2-1:1 (vakero) REMOTE SOLD ITEM optic_LRPS FOR 300 POPTABS AND 30 RESPECT | PLAYER TOTAL MONEY: 1026
[21:57:43:287570 --7:00] [Thread 856] PLAYER: ( 76561198092067587 ) R Alpha 2-1:1 (vakero) REMOTE SOLD ITEM optic_DMS FOR 150 POPTABS AND 15 RESPECT | PLAYER TOTAL MONEY: 1176
[21:57:45:047486 --7:00] [Thread 2316] PLAYER: ( 76561198092067587 ) R Alpha 2-1:1 (vakero) REMOTE SOLD ITEM optic_Hamr FOR 200 POPTABS AND 20 RESPECT | PLAYER TOTAL MONEY: 1376
[21:57:47:243271 --7:00] [Thread 856] PLAYER: ( 76561198092067587 ) R Alpha 2-1:1 (vakero) REMOTE SOLD ITEM Exile_Weapon_PKP FOR 175 POPTABS AND 17.5 RESPECT | PLAYER TOTAL MONEY: 1551
[21:57:47:896317 --7:00] [Thread 2316] PLAYER: ( 76561198092067587 ) R Alpha 2-1:1 (vakero) REMOTE SOLD ITEM Exile_Weapon_AK74_GL FOR 200 POPTABS AND 20 RESPECT | PLAYER TOTAL MONEY: 1751
[21:57:49:787398 --7:00] [Thread 856] PLAYER: ( 76561198092067587 ) R Alpha 2-1:1 (vakero) REMOTE SOLD ITEM LMG_03_F FOR 750 POPTABS AND 75 RESPECT | PLAYER TOTAL MONEY: 2501
[21:57:51:888269 --7:00] [Thread 3284] PLAYER: ( 76561198092067587 ) R Alpha 2-1:1 (vakero) REMOTE SOLD ITEM Exile_Magazine_100Rnd_762x54_PK_Green FOR 10 POPTABS AND 1 RESPECT | PLAYER TOTAL MONEY: 2511
[21:57:53:542655 --7:00] [Thread 856] PLAYER: ( 76561198092067587 ) R Alpha 2-1:1 (vakero) REMOTE SOLD ITEM Exile_Magazine_100Rnd_762x54_PK_Green FOR 10 POPTABS AND 1 RESPECT | PLAYER TOTAL MONEY: 2521
[21:57:55:199848 --7:00] [Thread 2316] PLAYER: ( 76561198092067587 ) R Alpha 2-1:1 (vakero) REMOTE SOLD ITEM Exile_Magazine_100Rnd_762x54_PK_Green FOR 10 POPTABS AND 1 RESPECT | PLAYER TOTAL MONEY: 2531
[21:57:58:005822 --7:00] [Thread 856] PLAYER: ( 76561198092067587 ) R Alpha 2-1:1 (vakero) REMOTE SOLD ITEM 200Rnd_556x45_Box_F FOR 100 POPTABS AND 10 RESPECT | PLAYER TOTAL MONEY: 2631
[21:58:01:289912 --7:00] [Thread 2316] PLAYER: ( 76561198092067587 ) R Alpha 2-1:1 (vakero) REMOTE SOLD ITEM Exile_Magazine_30Rnd_545x39_AK FOR 10 POPTABS AND 1 RESPECT | PLAYER TOTAL MONEY: 2641
[21:58:02:160163 --7:00] [Thread 3284] PLAYER: ( 76561198092067587 ) R Alpha 2-1:1 (vakero) REMOTE SOLD ITEM Exile_Magazine_30Rnd_545x39_AK FOR 10 POPTABS AND 1 RESPECT | PLAYER TOTAL MONEY: 2651
[21:58:02:620809 --7:00] [Thread 856] PLAYER: ( 76561198092067587 ) R Alpha 2-1:1 (vakero) REMOTE SOLD ITEM Exile_Magazine_30Rnd_545x39_AK FOR 10 POPTABS AND 1 RESPECT | PLAYER TOTAL MONEY: 2661
[21:58:04:786965 --7:00] [Thread 2316] PLAYER: ( 76561198092067587 ) R Alpha 2-1:1 (vakero) REMOTE SOLD ITEM 200Rnd_556x45_Box_F FOR 100 POPTABS AND 10 RESPECT | PLAYER TOTAL MONEY: 2761
[21:58:06:935107 --7:00] [Thread 3284] PLAYER: ( 76561198092067587 ) R Alpha 2-1:1 (vakero) REMOTE SOLD ITEM 200Rnd_556x45_Box_F FOR 100 POPTABS AND 10 RESPECT | PLAYER TOTAL MONEY: 2861
[21:58:09:198271 --7:00] [Thread 2316] PLAYER: ( 76561198092067587 ) R Alpha 2-1:1 (vakero) REMOTE SOLD ITEM 200Rnd_556x45_Box_F FOR 100 POPTABS AND 10 RESPECT | PLAYER TOTAL MONEY: 2961
[21:58:11:582885 --7:00] [Thread 3284] PLAYER: ( 76561198092067587 ) R Alpha 2-1:1 (vakero) REMOTE SOLD ITEM Exile_Magazine_30Rnd_545x39_AK FOR 10 POPTABS AND 1 RESPECT | PLAYER TOTAL MONEY: 2971
[21:58:15:389988 --7:00] [Thread 2316] PLAYER: ( 76561198092067587 ) R Alpha 2-1:1 (vakero) REMOTE SOLD ITEM 150Rnd_762x54_Box FOR 40 POPTABS AND 4 RESPECT | PLAYER TOTAL MONEY: 3011
[21:58:19:855622 --7:00] [Thread 856] PLAYER: ( 76561198092067587 ) R Alpha 2-1:1 (vakero) REMOTE SOLD ITEM 150Rnd_762x54_Box FOR 40 POPTABS AND 4 RESPECT | PLAYER TOTAL MONEY: 3051
[21:58:23:290373 --7:00] [Thread 3284] PLAYER: ( 76561198092067587 ) R Alpha 2-1:1 (vakero) REMOTE SOLD ITEM 150Rnd_762x54_Box FOR 40 POPTABS AND 4 RESPECT | PLAYER TOTAL MONEY: 3091
[21:58:25:434061 --7:00] [Thread 2316] PLAYER: ( 76561198092067587 ) R Alpha 2-1:1 (vakero) REMOTE SOLD ITEM 150Rnd_762x54_Box FOR 40 POPTABS AND 4 RESPECT | PLAYER TOTAL MONEY: 3131
[22:01:05:577134 --7:00] [Thread 3036] PLAYER: ( 76561198092067587 ) R Alpha 2-1:1 (vakero) REMOTE SOLD ITEM: Exile_Car_LandRover_Green (ID# 50) with Cargo ["Exile_Item_Vishpirin","Exile_Item_Surstromming_Cooked","Exile_Item_Surstromming_Cooked","Exile_Item_InstaDoc","Exile_Item_Vishpirin","Exile_Item_InstaDoc","Exile_Item_EMRE","Exile_Item_InstaDoc","Exile_Item_InstaDoc","20Rnd_762x51_Mag","150Rnd_762x54_Box","Exile_Item_EMRE","Exile_Item_CatFood_Cooked","Exile_Item_PlasticBottleCoffee","Exile_Item_PlasticBottleFreshWater","Exile_Item_InstaDoc","Exile_Item_CatFood_Cooked","Exile_Item_PlasticBottleFreshWater","Exile_Item_PlasticBottleFreshWater","Exile_Item_PlasticBottleFreshWater","Exile_Item_PlasticBottleFreshWater","Exile_Item_PlasticBottleFreshWater","Exile_Item_InstaDoc","20Rnd_762x51_Mag","Exile_Item_PlasticBottleFreshWater","20Rnd_762x51_Mag","20Rnd_762x51_Mag","20Rnd_762x51_Mag","20Rnd_762x51_Mag","20Rnd_762x51_Mag","20Rnd_762x51_Mag","20Rnd_762x51_Mag","20Rnd_762x51_Mag","20Rnd_762x51_Mag","srifle_DMR_03_woodland_F","muzzle_snds_B_khk_F","20Rnd_762x51_Mag","bipod_02_F_blk"] FOR 7428 POPTABS AND 742.8 RESPECT | PLAYER TOTAL MONEY: 10559
[22:01:24:254960 --7:00] [Thread 3284] PLAYER: ( 76561198092067587 ) R Alpha 2-1:1 (vakero) REMOTE PURCHASED ITEM muzzle_snds_93mmg FOR 50 POPTABS | PLAYER TOTAL MONEY: 10509
[22:02:31:281175 --7:00] [Thread 856] PLAYER: ( 76561198092067587 ) R Alpha 2-1:1 (vakero) REMOTE PURCHASED ITEM NVGoggles_INDEP FOR 400 POPTABS | PLAYER TOTAL MONEY: 10109
[22:04:11:417045 --7:00] [Thread 2316] PLAYER: ( 76561198092067587 ) R Alpha 2-1:1 (vakero) REMOTE PURCHASED VEHICLE Exile_Car_MB4WDOpen FOR 10000 POPTABS | PLAYER TOTAL MONEY: 35652
[22:04:39:881783 --7:00] [Thread 856] PLAYER: ( 76561198092067587 ) R Alpha 2-1:1 (vakero) REMOTE PURCHASED ITEM 10Rnd_93x64_DMR_05_Mag FOR 50 POPTABS | PLAYER TOTAL MONEY: 35602
[22:04:40:713554 --7:00] [Thread 3284] PLAYER: ( 76561198092067587 ) R Alpha 2-1:1 (vakero) REMOTE PURCHASED ITEM 10Rnd_93x64_DMR_05_Mag FOR 50 POPTABS | PLAYER TOTAL MONEY: 35552
[22:04:41:553427 --7:00] [Thread 856] PLAYER: ( 76561198092067587 ) R Alpha 2-1:1 (vakero) REMOTE PURCHASED ITEM 10Rnd_93x64_DMR_05_Mag FOR 50 POPTABS | PLAYER TOTAL MONEY: 35502
[22:04:42:363102 --7:00] [Thread 3284] PLAYER: ( 76561198092067587 ) R Alpha 2-1:1 (vakero) REMOTE PURCHASED ITEM 10Rnd_93x64_DMR_05_Mag FOR 50 POPTABS | PLAYER TOTAL MONEY: 35452
[22:04:43:170757 --7:00] [Thread 856] PLAYER: ( 76561198092067587 ) R Alpha 2-1:1 (vakero) REMOTE PURCHASED ITEM 10Rnd_93x64_DMR_05_Mag FOR 50 POPTABS | PLAYER TOTAL MONEY: 35402
[22:04:43:870520 --7:00] [Thread 3284] PLAYER: ( 76561198092067587 ) R Alpha 2-1:1 (vakero) REMOTE PURCHASED ITEM 10Rnd_93x64_DMR_05_Mag FOR 50 POPTABS | PLAYER TOTAL MONEY: 35352
[22:48:44:726069 --7:00] [Thread 3036] PLAYER: ( 76561198092067587 ) R Alpha 2-1:1 (vakero) REMOTE SOLD ITEM: Exile_Car_MB4WDOpen (ID# 54) with Cargo ["Exile_Item_Surstromming_Cooked","Exile_Item_GloriousKnakworst_Cooked","Exile_Item_GloriousKnakworst_Cooked","Exile_Item_Bandage","Exile_Item_Bandage","Exile_Item_EMRE","Exile_Item_Bandage","Exile_Item_MetalPole","Exile_Item_InstaDoc","Exile_Item_InstaDoc","Exile_Item_PlasticBottleFreshWater","Exile_Item_InstaDoc","Exile_Item_InstaDoc","Exile_Item_Vishpirin","Exile_Item_InstaDoc","Exile_Item_EMRE","Exile_Item_InstaDoc","Exile_Item_PlasticBottleFreshWater","Exile_Magazine_10Rnd_762x54","Exile_Magazine_10Rnd_762x54","30Rnd_556x45_Stanag","30Rnd_556x45_Stanag","Exile_Magazine_5Rnd_22LR","Exile_Magazine_5Rnd_22LR","30Rnd_556x45_Stanag","30Rnd_556x45_Stanag","Exile_Magazine_10Rnd_762x54","Exile_Magazine_5Rnd_22LR","Exile_Item_CanOpener","30Rnd_556x45_Stanag","30Rnd_556x45_Stanag","20Rnd_762x51_Mag","20Rnd_762x51_Mag","30Rnd_556x45_Stanag","20Rnd_762x51_Mag","arifle_Mk20_plain_F","muzzle_snds_m_khk_F","acc_flashlight","optic_Arco","30Rnd_556x45_Stanag","Exile_Weapon_AK107_GL","acc_flashlight","optic_Hamr","Exile_Magazine_30Rnd_545x39_AK","Exile_Weapon_AK107","acc_flashlight","Exile_Magazine_30Rnd_545x39_AK","Exile_Weapon_AK74_GL","Exile_Magazine_30Rnd_545x39_AK","Rangefinder","Exile_Melee_SledgeHammer","srifle_DMR_05_blk_F","10Rnd_93x64_DMR_05_Mag","Exile_Weapon_CZ550","arifle_TRG21_F","Exile_Weapon_SVDCamo","arifle_TRG21_GL_F","srifle_DMR_05_blk_F","srifle_EBR_F","20Rnd_762x51_Mag","arifle_ARX_blk_F","30Rnd_65x39_caseless_green","Exile_Weapon_AK74_GL","optic_Arco","Exile_Magazine_30Rnd_545x39_AK","Exile_Weapon_AKS_Gold","acc_pointer_IR","Exile_Magazine_30Rnd_762x39_AK","ItemGPS","ItemGPS","ItemGPS","ItemGPS","ItemGPS","ItemGPS","ItemGPS","NVGoggles","NVGoggles","NVGoggles","NVGoggles","NVGoggles","NVGoggles","NVGoggles"] FOR 12373 POPTABS AND 1237.3 RESPECT | PLAYER TOTAL MONEY: 13408
