[02:39:30:633048 --7:00] [Thread 7140] PLAYER: ( 76561198068684409 ) R Alpha 2-1:1 (kiyoshi) REMOTE PURCHASED ITEM B_AssaultPack_khk FOR 300 POPTABS | PLAYER TOTAL MONEY: 1700
[02:39:55:555005 --7:00] [Thread 4836] PLAYER: ( 76561198068684409 ) R Alpha 2-1:1 (kiyoshi) REMOTE PURCHASED ITEM U_O_T_Soldier_F FOR 400 POPTABS | PLAYER TOTAL MONEY: 1300
[02:40:16:386413 --7:00] [Thread 7140] PLAYER: ( 76561198068684409 ) R Alpha 2-1:1 (kiyoshi) REMOTE PURCHASED ITEM V_PlateCarrier1_rgr FOR 400 POPTABS | PLAYER TOTAL MONEY: 900
[02:41:36:564911 --7:00] [Thread 4836] PLAYER: ( 76561198068684409 ) R Alpha 2-1:1 (kiyoshi) REMOTE PURCHASED ITEM Exile_Weapon_LeeEnfield FOR 250 POPTABS | PLAYER TOTAL MONEY: 3650
[02:41:43:515728 --7:00] [Thread 6352] PLAYER: ( 76561198068684409 ) R Alpha 2-1:1 (kiyoshi) REMOTE SOLD ITEM Exile_Weapon_LeeEnfield FOR 125 POPTABS AND 12.5 RESPECT | PLAYER TOTAL MONEY: 3775
[02:42:00:995487 --7:00] [Thread 7140] PLAYER: ( 76561198068684409 ) R Alpha 2-1:1 (kiyoshi) REMOTE PURCHASED ITEM srifle_LRR_camo_F FOR 2750 POPTABS | PLAYER TOTAL MONEY: 1025
[02:42:40:478281 --7:00] [Thread 6352] PLAYER: ( 76561198068684409 ) R Alpha 2-1:1 (kiyoshi) REMOTE PURCHASED ITEM optic_Arco FOR 300 POPTABS | PLAYER TOTAL MONEY: 725
[02:43:11:300537 --7:00] [Thread 7140] PLAYER: ( 76561198068684409 ) R Alpha 2-1:1 (kiyoshi) REMOTE PURCHASED ITEM hgun_ACPC2_F FOR 150 POPTABS | PLAYER TOTAL MONEY: 575
[02:43:37:609601 --7:00] [Thread 6352] PLAYER: ( 76561198068684409 ) R Alpha 2-1:1 (kiyoshi) REMOTE PURCHASED ITEM 7Rnd_408_Mag FOR 40 POPTABS | PLAYER TOTAL MONEY: 535
[02:43:39:184247 --7:00] [Thread 6352] PLAYER: ( 76561198068684409 ) R Alpha 2-1:1 (kiyoshi) REMOTE PURCHASED ITEM 7Rnd_408_Mag FOR 40 POPTABS | PLAYER TOTAL MONEY: 495
[02:43:40:364255 --7:00] [Thread 7140] PLAYER: ( 76561198068684409 ) R Alpha 2-1:1 (kiyoshi) REMOTE PURCHASED ITEM 7Rnd_408_Mag FOR 40 POPTABS | PLAYER TOTAL MONEY: 455
[02:43:41:261516 --7:00] [Thread 6352] PLAYER: ( 76561198068684409 ) R Alpha 2-1:1 (kiyoshi) REMOTE PURCHASED ITEM 7Rnd_408_Mag FOR 40 POPTABS | PLAYER TOTAL MONEY: 415
[02:43:42:177847 --7:00] [Thread 7140] PLAYER: ( 76561198068684409 ) R Alpha 2-1:1 (kiyoshi) REMOTE PURCHASED ITEM 7Rnd_408_Mag FOR 40 POPTABS | PLAYER TOTAL MONEY: 375
[02:43:43:020508 --7:00] [Thread 6352] PLAYER: ( 76561198068684409 ) R Alpha 2-1:1 (kiyoshi) REMOTE PURCHASED ITEM 7Rnd_408_Mag FOR 40 POPTABS | PLAYER TOTAL MONEY: 335
[02:43:43:985408 --7:00] [Thread 7140] PLAYER: ( 76561198068684409 ) R Alpha 2-1:1 (kiyoshi) REMOTE PURCHASED ITEM 7Rnd_408_Mag FOR 40 POPTABS | PLAYER TOTAL MONEY: 295
[02:44:08:873621 --7:00] [Thread 6352] PLAYER: ( 76561198068684409 ) R Alpha 2-1:1 (kiyoshi) REMOTE PURCHASED ITEM 11Rnd_45ACP_Mag FOR 50 POPTABS | PLAYER TOTAL MONEY: 245
[02:44:37:382558 --7:00] [Thread 7140] PLAYER: ( 76561198068684409 ) R Alpha 2-1:1 (kiyoshi) REMOTE PURCHASED ITEM 9Rnd_45ACP_Mag FOR 20 POPTABS | PLAYER TOTAL MONEY: 225
[02:44:38:687143 --7:00] [Thread 6352] PLAYER: ( 76561198068684409 ) R Alpha 2-1:1 (kiyoshi) REMOTE PURCHASED ITEM 9Rnd_45ACP_Mag FOR 20 POPTABS | PLAYER TOTAL MONEY: 205
[02:44:39:580580 --7:00] [Thread 7140] PLAYER: ( 76561198068684409 ) R Alpha 2-1:1 (kiyoshi) REMOTE PURCHASED ITEM 9Rnd_45ACP_Mag FOR 20 POPTABS | PLAYER TOTAL MONEY: 185
[02:44:40:320234 --7:00] [Thread 6352] PLAYER: ( 76561198068684409 ) R Alpha 2-1:1 (kiyoshi) REMOTE PURCHASED ITEM 9Rnd_45ACP_Mag FOR 20 POPTABS | PLAYER TOTAL MONEY: 165
[02:44:41:063218 --7:00] [Thread 7140] PLAYER: ( 76561198068684409 ) R Alpha 2-1:1 (kiyoshi) REMOTE PURCHASED ITEM 9Rnd_45ACP_Mag FOR 20 POPTABS | PLAYER TOTAL MONEY: 145
[02:44:41:690702 --7:00] [Thread 6352] PLAYER: ( 76561198068684409 ) R Alpha 2-1:1 (kiyoshi) REMOTE PURCHASED ITEM 9Rnd_45ACP_Mag FOR 20 POPTABS | PLAYER TOTAL MONEY: 125
[02:44:42:540815 --7:00] [Thread 7140] PLAYER: ( 76561198068684409 ) R Alpha 2-1:1 (kiyoshi) REMOTE PURCHASED ITEM 9Rnd_45ACP_Mag FOR 20 POPTABS | PLAYER TOTAL MONEY: 105
[02:44:56:883248 --7:00] [Thread 4836] PLAYER: ( 76561198068684409 ) R Alpha 2-1:1 (kiyoshi) REMOTE SOLD ITEM 11Rnd_45ACP_Mag FOR 25 POPTABS AND 2.5 RESPECT | PLAYER TOTAL MONEY: 130
[02:45:02:621860 --7:00] [Thread 7140] PLAYER: ( 76561198068684409 ) R Alpha 2-1:1 (kiyoshi) REMOTE SOLD ITEM 9Rnd_45ACP_Mag FOR 10 POPTABS AND 1 RESPECT | PLAYER TOTAL MONEY: 140
[02:45:03:892253 --7:00] [Thread 4836] PLAYER: ( 76561198068684409 ) R Alpha 2-1:1 (kiyoshi) REMOTE SOLD ITEM 9Rnd_45ACP_Mag FOR 10 POPTABS AND 1 RESPECT | PLAYER TOTAL MONEY: 150
[03:02:03:570806 --7:00] [Thread 6352] PLAYER: ( 76561198068684409 ) R Alpha 2-1:1 (kiyoshi) REMOTE PURCHASED ITEM Exile_Item_Bandage FOR 100 POPTABS | PLAYER TOTAL MONEY: 50
