[22:31:34:255067 --7:00] [Thread 5344] PLAYER: ( 76561198092067587 ) R Alpha 2-1:1 (vakero) REMOTE SOLD ITEM bipod_01_F_snd FOR 25 POPTABS AND 2.5 RESPECT | PLAYER TOTAL MONEY: 1410
[22:31:35:176703 --7:00] [Thread 5928] PLAYER: ( 76561198092067587 ) R Alpha 2-1:1 (vakero) REMOTE SOLD ITEM optic_Aco FOR 100 POPTABS AND 10 RESPECT | PLAYER TOTAL MONEY: 1510
[22:31:36:066662 --7:00] [Thread 2012] PLAYER: ( 76561198092067587 ) R Alpha 2-1:1 (vakero) REMOTE SOLD ITEM optic_ERCO_khk_F FOR 75 POPTABS AND 7.5 RESPECT | PLAYER TOTAL MONEY: 1585
[22:31:36:837679 --7:00] [Thread 5928] PLAYER: ( 76561198092067587 ) R Alpha 2-1:1 (vakero) REMOTE SOLD ITEM optic_DMS FOR 150 POPTABS AND 15 RESPECT | PLAYER TOTAL MONEY: 1735
[22:31:37:670053 --7:00] [Thread 5344] PLAYER: ( 76561198092067587 ) R Alpha 2-1:1 (vakero) REMOTE SOLD ITEM optic_Holosight FOR 75 POPTABS AND 7.5 RESPECT | PLAYER TOTAL MONEY: 1810
[22:31:38:413102 --7:00] [Thread 5928] PLAYER: ( 76561198092067587 ) R Alpha 2-1:1 (vakero) REMOTE SOLD ITEM optic_Holosight FOR 75 POPTABS AND 7.5 RESPECT | PLAYER TOTAL MONEY: 1885
[22:31:39:295203 --7:00] [Thread 5344] PLAYER: ( 76561198092067587 ) R Alpha 2-1:1 (vakero) REMOTE SOLD ITEM optic_MRCO FOR 150 POPTABS AND 15 RESPECT | PLAYER TOTAL MONEY: 2035
[22:31:40:064640 --7:00] [Thread 2012] PLAYER: ( 76561198092067587 ) R Alpha 2-1:1 (vakero) REMOTE SOLD ITEM ItemGPS FOR 20 POPTABS AND 2 RESPECT | PLAYER TOTAL MONEY: 2055
[22:31:40:898159 --7:00] [Thread 5928] PLAYER: ( 76561198092067587 ) R Alpha 2-1:1 (vakero) REMOTE SOLD ITEM arifle_MX_SW_Black_F FOR 300 POPTABS AND 30 RESPECT | PLAYER TOTAL MONEY: 2355
[22:31:41:623280 --7:00] [Thread 5344] PLAYER: ( 76561198092067587 ) R Alpha 2-1:1 (vakero) REMOTE SOLD ITEM MMG_01_hex_F FOR 750 POPTABS AND 75 RESPECT | PLAYER TOTAL MONEY: 3105
[22:31:42:433011 --7:00] [Thread 2012] PLAYER: ( 76561198092067587 ) R Alpha 2-1:1 (vakero) REMOTE SOLD ITEM Exile_Weapon_AK47 FOR 250 POPTABS AND 25 RESPECT | PLAYER TOTAL MONEY: 3355
[22:31:43:182703 --7:00] [Thread 5928] PLAYER: ( 76561198092067587 ) R Alpha 2-1:1 (vakero) REMOTE SOLD ITEM Exile_Weapon_AK107 FOR 150 POPTABS AND 15 RESPECT | PLAYER TOTAL MONEY: 3505
[22:31:43:968829 --7:00] [Thread 5344] PLAYER: ( 76561198092067587 ) R Alpha 2-1:1 (vakero) REMOTE SOLD ITEM Exile_Weapon_AK107 FOR 150 POPTABS AND 15 RESPECT | PLAYER TOTAL MONEY: 3655
[22:31:44:717566 --7:00] [Thread 2012] PLAYER: ( 76561198092067587 ) R Alpha 2-1:1 (vakero) REMOTE SOLD ITEM arifle_Katiba_GL_F FOR 250 POPTABS AND 25 RESPECT | PLAYER TOTAL MONEY: 3905
[22:31:45:538714 --7:00] [Thread 5928] PLAYER: ( 76561198092067587 ) R Alpha 2-1:1 (vakero) REMOTE SOLD ITEM arifle_TRG21_GL_F FOR 175 POPTABS AND 17.5 RESPECT | PLAYER TOTAL MONEY: 4080
[22:31:46:261804 --7:00] [Thread 5344] PLAYER: ( 76561198092067587 ) R Alpha 2-1:1 (vakero) REMOTE SOLD ITEM LMG_Zafir_F FOR 500 POPTABS AND 50 RESPECT | PLAYER TOTAL MONEY: 4580
[22:31:47:021395 --7:00] [Thread 2012] PLAYER: ( 76561198092067587 ) R Alpha 2-1:1 (vakero) REMOTE SOLD ITEM arifle_AK12_F FOR 350 POPTABS AND 35 RESPECT | PLAYER TOTAL MONEY: 4930
[22:31:47:763653 --7:00] [Thread 5344] PLAYER: ( 76561198092067587 ) R Alpha 2-1:1 (vakero) REMOTE SOLD ITEM arifle_AK12_F FOR 350 POPTABS AND 35 RESPECT | PLAYER TOTAL MONEY: 5280
[22:31:48:536673 --7:00] [Thread 5928] PLAYER: ( 76561198092067587 ) R Alpha 2-1:1 (vakero) REMOTE SOLD ITEM arifle_SPAR_01_khk_F FOR 350 POPTABS AND 35 RESPECT | PLAYER TOTAL MONEY: 5630
[22:31:49:285103 --7:00] [Thread 5344] PLAYER: ( 76561198092067587 ) R Alpha 2-1:1 (vakero) REMOTE SOLD ITEM Exile_Weapon_AK74_GL FOR 200 POPTABS AND 20 RESPECT | PLAYER TOTAL MONEY: 5830
[22:31:50:024077 --7:00] [Thread 2012] PLAYER: ( 76561198092067587 ) R Alpha 2-1:1 (vakero) REMOTE SOLD ITEM Exile_Item_InstaDoc FOR 500 POPTABS AND 50 RESPECT | PLAYER TOTAL MONEY: 6330
[22:31:50:722989 --7:00] [Thread 5344] PLAYER: ( 76561198092067587 ) R Alpha 2-1:1 (vakero) REMOTE SOLD ITEM Exile_Item_InstaDoc FOR 500 POPTABS AND 50 RESPECT | PLAYER TOTAL MONEY: 6830
[22:31:51:491303 --7:00] [Thread 2012] PLAYER: ( 76561198092067587 ) R Alpha 2-1:1 (vakero) REMOTE SOLD ITEM Exile_Item_InstaDoc FOR 500 POPTABS AND 50 RESPECT | PLAYER TOTAL MONEY: 7330
[22:31:52:345014 --7:00] [Thread 5928] PLAYER: ( 76561198092067587 ) R Alpha 2-1:1 (vakero) REMOTE SOLD ITEM Exile_Item_InstaDoc FOR 500 POPTABS AND 50 RESPECT | PLAYER TOTAL MONEY: 7830
[22:31:53:068768 --7:00] [Thread 5344] PLAYER: ( 76561198092067587 ) R Alpha 2-1:1 (vakero) REMOTE SOLD ITEM Exile_Item_InstaDoc FOR 500 POPTABS AND 50 RESPECT | PLAYER TOTAL MONEY: 8330
[22:31:57:574835 --7:00] [Thread 5928] PLAYER: ( 76561198092067587 ) R Alpha 2-1:1 (vakero) REMOTE SOLD ITEM Exile_Item_InstaDoc FOR 500 POPTABS AND 50 RESPECT | PLAYER TOTAL MONEY: 8830
[22:31:59:744311 --7:00] [Thread 2012] PLAYER: ( 76561198092067587 ) R Alpha 2-1:1 (vakero) REMOTE SOLD ITEM 100Rnd_65x39_caseless_mag_Tracer FOR 50 POPTABS AND 5 RESPECT | PLAYER TOTAL MONEY: 8880
[22:32:08:123136 --7:00] [Thread 5928] PLAYER: ( 76561198092067587 ) R Alpha 2-1:1 (vakero) REMOTE SOLD ITEM Exile_Item_JunkMetal FOR 200 POPTABS AND 20 RESPECT | PLAYER TOTAL MONEY: 9080
[22:32:11:841481 --7:00] [Thread 2012] PLAYER: ( 76561198092067587 ) R Alpha 2-1:1 (vakero) REMOTE SOLD ITEM Exile_Magazine_100Rnd_762x54_PK_Green FOR 10 POPTABS AND 1 RESPECT | PLAYER TOTAL MONEY: 9090
[22:32:12:778163 --7:00] [Thread 5344] PLAYER: ( 76561198092067587 ) R Alpha 2-1:1 (vakero) REMOTE SOLD ITEM 100Rnd_65x39_caseless_mag_Tracer FOR 50 POPTABS AND 5 RESPECT | PLAYER TOTAL MONEY: 9140
[22:32:13:710664 --7:00] [Thread 5928] PLAYER: ( 76561198092067587 ) R Alpha 2-1:1 (vakero) REMOTE SOLD ITEM 30Rnd_762x39_Mag_F FOR 25 POPTABS AND 2.5 RESPECT | PLAYER TOTAL MONEY: 9165
[22:32:14:868225 --7:00] [Thread 2012] PLAYER: ( 76561198092067587 ) R Alpha 2-1:1 (vakero) REMOTE SOLD ITEM Exile_Item_JunkMetal FOR 200 POPTABS AND 20 RESPECT | PLAYER TOTAL MONEY: 9365
[22:32:18:212415 --7:00] [Thread 5928] PLAYER: ( 76561198092067587 ) R Alpha 2-1:1 (vakero) REMOTE SOLD ITEM 100Rnd_65x39_caseless_mag_Tracer FOR 50 POPTABS AND 5 RESPECT | PLAYER TOTAL MONEY: 9415
[22:32:19:201707 --7:00] [Thread 5344] PLAYER: ( 76561198092067587 ) R Alpha 2-1:1 (vakero) REMOTE SOLD ITEM 30Rnd_762x39_Mag_F FOR 25 POPTABS AND 2.5 RESPECT | PLAYER TOTAL MONEY: 9440
[22:32:20:121927 --7:00] [Thread 2012] PLAYER: ( 76561198092067587 ) R Alpha 2-1:1 (vakero) REMOTE SOLD ITEM Exile_Item_JunkMetal FOR 200 POPTABS AND 20 RESPECT | PLAYER TOTAL MONEY: 9640
[22:32:22:714995 --7:00] [Thread 5928] PLAYER: ( 76561198092067587 ) R Alpha 2-1:1 (vakero) REMOTE SOLD ITEM Exile_Magazine_100Rnd_762x54_PK_Green FOR 10 POPTABS AND 1 RESPECT | PLAYER TOTAL MONEY: 9650
[22:32:23:660794 --7:00] [Thread 2012] PLAYER: ( 76561198092067587 ) R Alpha 2-1:1 (vakero) REMOTE SOLD ITEM 30Rnd_762x39_Mag_F FOR 25 POPTABS AND 2.5 RESPECT | PLAYER TOTAL MONEY: 9675
[22:34:28:424639 --7:00] [Thread 5928] PLAYER: ( 76561198092067587 ) R Alpha 2-1:1 (vakero) REMOTE SOLD ITEM Exile_Magazine_100Rnd_762x54_PK_Green FOR 10 POPTABS AND 1 RESPECT | PLAYER TOTAL MONEY: 58445
[22:34:31:685938 --7:00] [Thread 2012] PLAYER: ( 76561198092067587 ) R Alpha 2-1:1 (vakero) REMOTE SOLD ITEM Exile_Item_EMRE FOR 100 POPTABS AND 10 RESPECT | PLAYER TOTAL MONEY: 58545
[22:34:37:627629 --7:00] [Thread 5344] PLAYER: ( 76561198092067587 ) R Alpha 2-1:1 (vakero) REMOTE SOLD ITEM Exile_Item_EnergyDrink FOR 75 POPTABS AND 7.5 RESPECT | PLAYER TOTAL MONEY: 58620
[22:34:38:550664 --7:00] [Thread 5928] PLAYER: ( 76561198092067587 ) R Alpha 2-1:1 (vakero) REMOTE SOLD ITEM Exile_Item_Moobar FOR 15 POPTABS AND 1.5 RESPECT | PLAYER TOTAL MONEY: 58635
[22:34:39:362997 --7:00] [Thread 5344] PLAYER: ( 76561198092067587 ) R Alpha 2-1:1 (vakero) REMOTE SOLD ITEM Exile_Item_EMRE FOR 100 POPTABS AND 10 RESPECT | PLAYER TOTAL MONEY: 58735
[22:34:42:391339 --7:00] [Thread 5928] PLAYER: ( 76561198092067587 ) R Alpha 2-1:1 (vakero) REMOTE SOLD ITEM Exile_Item_PlasticBottleCoffee FOR 10 POPTABS AND 1 RESPECT | PLAYER TOTAL MONEY: 58745
[22:34:43:357397 --7:00] [Thread 5344] PLAYER: ( 76561198092067587 ) R Alpha 2-1:1 (vakero) REMOTE SOLD ITEM Exile_Item_Vishpirin FOR 150 POPTABS AND 15 RESPECT | PLAYER TOTAL MONEY: 58895
[22:34:44:104897 --7:00] [Thread 5928] PLAYER: ( 76561198092067587 ) R Alpha 2-1:1 (vakero) REMOTE SOLD ITEM Exile_Item_Vishpirin FOR 150 POPTABS AND 15 RESPECT | PLAYER TOTAL MONEY: 59045
[22:34:44:927098 --7:00] [Thread 2012] PLAYER: ( 76561198092067587 ) R Alpha 2-1:1 (vakero) REMOTE SOLD ITEM Exile_Item_Vishpirin FOR 150 POPTABS AND 15 RESPECT | PLAYER TOTAL MONEY: 59195
[22:34:47:286128 --7:00] [Thread 5344] PLAYER: ( 76561198092067587 ) R Alpha 2-1:1 (vakero) REMOTE SOLD ITEM Exile_Item_EMRE FOR 100 POPTABS AND 10 RESPECT | PLAYER TOTAL MONEY: 59295
[22:34:55:026527 --7:00] [Thread 5928] PLAYER: ( 76561198092067587 ) R Alpha 2-1:1 (vakero) REMOTE SOLD ITEM 30Rnd_556x45_Stanag FOR 20 POPTABS AND 2 RESPECT | PLAYER TOTAL MONEY: 59315
[22:34:55:952811 --7:00] [Thread 2012] PLAYER: ( 76561198092067587 ) R Alpha 2-1:1 (vakero) REMOTE SOLD ITEM 30Rnd_556x45_Stanag FOR 20 POPTABS AND 2 RESPECT | PLAYER TOTAL MONEY: 59335
[22:34:56:786337 --7:00] [Thread 5344] PLAYER: ( 76561198092067587 ) R Alpha 2-1:1 (vakero) REMOTE SOLD ITEM 30Rnd_556x45_Stanag FOR 20 POPTABS AND 2 RESPECT | PLAYER TOTAL MONEY: 59355
[22:34:57:555897 --7:00] [Thread 5928] PLAYER: ( 76561198092067587 ) R Alpha 2-1:1 (vakero) REMOTE SOLD ITEM 150Rnd_762x54_Box FOR 40 POPTABS AND 4 RESPECT | PLAYER TOTAL MONEY: 59395
[22:34:58:322613 --7:00] [Thread 5344] PLAYER: ( 76561198092067587 ) R Alpha 2-1:1 (vakero) REMOTE SOLD ITEM 150Rnd_762x54_Box FOR 40 POPTABS AND 4 RESPECT | PLAYER TOTAL MONEY: 59435
[22:34:59:017581 --7:00] [Thread 2012] PLAYER: ( 76561198092067587 ) R Alpha 2-1:1 (vakero) REMOTE SOLD ITEM 30Rnd_556x45_Stanag FOR 20 POPTABS AND 2 RESPECT | PLAYER TOTAL MONEY: 59455
[22:34:59:689317 --7:00] [Thread 5928] PLAYER: ( 76561198092067587 ) R Alpha 2-1:1 (vakero) REMOTE SOLD ITEM 150Rnd_762x54_Box FOR 40 POPTABS AND 4 RESPECT | PLAYER TOTAL MONEY: 59495
[22:35:00:416336 --7:00] [Thread 2012] PLAYER: ( 76561198092067587 ) R Alpha 2-1:1 (vakero) REMOTE SOLD ITEM 30Rnd_762x39_Mag_F FOR 25 POPTABS AND 2.5 RESPECT | PLAYER TOTAL MONEY: 59520
[22:35:01:099903 --7:00] [Thread 5928] PLAYER: ( 76561198092067587 ) R Alpha 2-1:1 (vakero) REMOTE SOLD ITEM 30Rnd_762x39_Mag_F FOR 25 POPTABS AND 2.5 RESPECT | PLAYER TOTAL MONEY: 59545
[22:35:43:401653 --7:00] [Thread 3524] PLAYER: ( 76561198092067587 ) R Alpha 2-1:1 (vakero) REMOTE SOLD ITEM: Exile_Car_MB4WDOpen (ID# 54) with Cargo ["Exile_Item_BBQSandwich_Cooked","Exile_Item_WoodWallHalfKit","Exile_Item_WoodDoorKit","Exile_Item_WoodWindowKit","Exile_Item_PlasticBottleFreshWater","Exile_Item_CatFood_Cooked","Exile_Item_EnergyDrink","Exile_Item_Vishpirin","Exile_Item_EnergyDrink","Exile_Item_ChocolateMilk","30Rnd_762x39_Mag_F","Exile_Item_WoodDoorKit","Exile_Item_CanOpener","Exile_Item_WoodWindowKit","Exile_Item_WoodPlank","100Rnd_65x39_caseless_mag_Tracer"] FOR 456 POPTABS AND 45.6 RESPECT | PLAYER TOTAL MONEY: 60001
[23:28:45:300054 --7:00] [Thread 3524] PLAYER: ( 76561198092067587 ) R Alpha 2-1:1 (vakero) REMOTE SOLD ITEM: Exile_Car_Ural_Covered_Military (ID# <null>) with Cargo ["B_FieldPack_ghex_F","B_Bergen_hex_F","30Rnd_556x45_Stanag","30Rnd_556x45_Stanag","30Rnd_556x45_Stanag","30Rnd_556x45_Stanag","30Rnd_556x45_Stanag","30Rnd_556x45_Stanag","30Rnd_556x45_Stanag","6Rnd_45ACP_Cylinder","6Rnd_45ACP_Cylinder","30Rnd_556x45_Stanag","30Rnd_556x45_Stanag","30Rnd_556x45_Stanag","30Rnd_556x45_Stanag","30Rnd_556x45_Stanag","Exile_Item_BBQSandwich","Exile_Item_EnergyDrink","Exile_Item_Bandage","Exile_Item_Surstromming_Cooked","Exile_Item_EnergyDrink","Exile_Item_BBQSandwich","Exile_Magazine_30Rnd_545x39_AK","Exile_Magazine_30Rnd_545x39_AK","Exile_Magazine_30Rnd_545x39_AK","20Rnd_556x45_UW_mag","30Rnd_45ACP_Mag_SMG_01","3Rnd_HE_Grenade_shell","150Rnd_762x54_Box","150Rnd_762x54_Box","hgun_Pistol_heavy_02_F","6Rnd_45ACP_Cylinder","arifle_Mk20_F","optic_Hamr","30Rnd_556x45_Stanag","arifle_Mk20_F","muzzle_snds_M","30Rnd_556x45_Stanag","Exile_Weapon_AK107","Exile_Weapon_Taurus","Exile_Magazine_6Rnd_45ACP","LMG_Zafir_F","150Rnd_762x54_Box","ItemGPS","V_PlateCarrier1_rgr_noflag_F","U_B_CTRG_3","U_O_V_Soldier_Viper_F","V_PlateCarrierSpec_mtp","U_B_T_FullGhillie_tna_F","U_IG_Guerilla2_2","V_PlateCarrierIA2_dgtl"] FOR 11969 POPTABS AND 1196.9 RESPECT | PLAYER TOTAL MONEY: 12279
