[13:07:45:765354 --7:00] [Thread 5020] PLAYER: ( 76561198151637619 ) R Alpha 1-2:1 (JoMilla) REMOTE SOLD ITEM: Exile_Car_BRDM2_HQ (ID# <null>) with Cargo ["B_ViperHarness_ghex_F","arifle_ARX_ghex_F","optic_DMS","30Rnd_65x39_caseless_green","U_O_V_Soldier_Viper_F","V_PlateCarrier2_tna_F","H_HelmetO_ViperSP_ghex_F"] FOR 13265 POPTABS AND 1326.5 RESPECT | PLAYER TOTAL MONEY: 13265
[13:36:46:087563 --7:00] [Thread 6100] PLAYER: ( 76561198151637619 ) R Alpha 1-3:1 (JoMilla) REMOTE PURCHASED VEHICLE Exile_Plane_AN2_Green FOR 17000 POPTABS | PLAYER TOTAL MONEY: 33000
[13:40:20:829566 --7:00] [Thread 6032] PLAYER: ( 76561198151637619 ) R Alpha 1-3:1 (JoMilla) REMOTE PURCHASED ITEM muzzle_snds_65_TI_ghex_F FOR 75 POPTABS | PLAYER TOTAL MONEY: 33025
[13:40:24:611547 --7:00] [Thread 3748] PLAYER: ( 76561198151637619 ) R Alpha 1-3:1 (JoMilla) REMOTE PURCHASED ITEM bipod_01_F_blk FOR 50 POPTABS | PLAYER TOTAL MONEY: 32975
[13:40:32:479165 --7:00] [Thread 6032] PLAYER: ( 76561198151637619 ) R Alpha 1-3:1 (JoMilla) REMOTE PURCHASED ITEM optic_Nightstalker FOR 1500 POPTABS | PLAYER TOTAL MONEY: 31475
[13:55:43:716237 --7:00] [Thread 6100] PLAYER: ( 76561198151637619 ) R Alpha 1-3:1 (JoMilla) REMOTE SOLD ITEM arifle_SPAR_03_khk_F FOR 350 POPTABS AND 35 RESPECT | PLAYER TOTAL MONEY: 32225
[13:55:58:126520 --7:00] [Thread 6032] PLAYER: ( 76561198151637619 ) R Alpha 1-3:1 (JoMilla) REMOTE SOLD ITEM Exile_Item_Beer FOR 75 POPTABS AND 7.5 RESPECT | PLAYER TOTAL MONEY: 32300
[13:56:00:252975 --7:00] [Thread 6100] PLAYER: ( 76561198151637619 ) R Alpha 1-3:1 (JoMilla) REMOTE SOLD ITEM Exile_Item_Beer FOR 75 POPTABS AND 7.5 RESPECT | PLAYER TOTAL MONEY: 32375
[13:56:01:278399 --7:00] [Thread 3748] PLAYER: ( 76561198151637619 ) R Alpha 1-3:1 (JoMilla) REMOTE SOLD ITEM Exile_Item_Beer FOR 75 POPTABS AND 7.5 RESPECT | PLAYER TOTAL MONEY: 32450
[13:56:02:194886 --7:00] [Thread 6100] PLAYER: ( 76561198151637619 ) R Alpha 1-3:1 (JoMilla) REMOTE SOLD ITEM Exile_Item_Beer FOR 75 POPTABS AND 7.5 RESPECT | PLAYER TOTAL MONEY: 32525
[13:56:03:000246 --7:00] [Thread 6032] PLAYER: ( 76561198151637619 ) R Alpha 1-3:1 (JoMilla) REMOTE SOLD ITEM Exile_Item_Beer FOR 75 POPTABS AND 7.5 RESPECT | PLAYER TOTAL MONEY: 32600
[13:56:03:880002 --7:00] [Thread 6100] PLAYER: ( 76561198151637619 ) R Alpha 1-3:1 (JoMilla) REMOTE SOLD ITEM Exile_Item_Beer FOR 75 POPTABS AND 7.5 RESPECT | PLAYER TOTAL MONEY: 32675
[13:57:11:757055 --7:00] [Thread 3748] PLAYER: ( 76561198151637619 ) R Alpha 1-3:1 (JoMilla) REMOTE PURCHASED ITEM 30Rnd_65x39_caseless_green FOR 50 POPTABS | PLAYER TOTAL MONEY: 32625
[13:57:12:606750 --7:00] [Thread 6100] PLAYER: ( 76561198151637619 ) R Alpha 1-3:1 (JoMilla) REMOTE PURCHASED ITEM 30Rnd_65x39_caseless_green FOR 50 POPTABS | PLAYER TOTAL MONEY: 32575
[13:57:13:391953 --7:00] [Thread 3748] PLAYER: ( 76561198151637619 ) R Alpha 1-3:1 (JoMilla) REMOTE PURCHASED ITEM 30Rnd_65x39_caseless_green FOR 50 POPTABS | PLAYER TOTAL MONEY: 32525
[13:57:14:114915 --7:00] [Thread 6100] PLAYER: ( 76561198151637619 ) R Alpha 1-3:1 (JoMilla) REMOTE PURCHASED ITEM 30Rnd_65x39_caseless_green FOR 50 POPTABS | PLAYER TOTAL MONEY: 32475
[13:57:14:992215 --7:00] [Thread 3748] PLAYER: ( 76561198151637619 ) R Alpha 1-3:1 (JoMilla) REMOTE PURCHASED ITEM 30Rnd_65x39_caseless_green FOR 50 POPTABS | PLAYER TOTAL MONEY: 32425
[13:57:16:780804 --7:00] [Thread 6100] PLAYER: ( 76561198151637619 ) R Alpha 1-3:1 (JoMilla) REMOTE PURCHASED ITEM 30Rnd_65x39_caseless_green FOR 50 POPTABS | PLAYER TOTAL MONEY: 32375
[13:57:22:272490 --7:00] [Thread 3748] PLAYER: ( 76561198151637619 ) R Alpha 1-3:1 (JoMilla) REMOTE PURCHASED ITEM 10Rnd_50BW_Mag_F FOR 50 POPTABS | PLAYER TOTAL MONEY: 32325
[13:57:23:411199 --7:00] [Thread 6100] PLAYER: ( 76561198151637619 ) R Alpha 1-3:1 (JoMilla) REMOTE PURCHASED ITEM 10Rnd_50BW_Mag_F FOR 50 POPTABS | PLAYER TOTAL MONEY: 32275
[13:57:56:912608 --7:00] [Thread 3748] PLAYER: ( 76561198151637619 ) R Alpha 1-3:1 (JoMilla) REMOTE PURCHASED ITEM Exile_Item_EMRE FOR 200 POPTABS | PLAYER TOTAL MONEY: 32075
[13:57:57:867918 --7:00] [Thread 6100] PLAYER: ( 76561198151637619 ) R Alpha 1-3:1 (JoMilla) REMOTE PURCHASED ITEM Exile_Item_EMRE FOR 200 POPTABS | PLAYER TOTAL MONEY: 31875
[13:57:59:791348 --7:00] [Thread 3748] PLAYER: ( 76561198151637619 ) R Alpha 1-3:1 (JoMilla) REMOTE PURCHASED ITEM Exile_Item_PlasticBottleCoffee FOR 200 POPTABS | PLAYER TOTAL MONEY: 31675
[13:58:00:753556 --7:00] [Thread 6100] PLAYER: ( 76561198151637619 ) R Alpha 1-3:1 (JoMilla) REMOTE PURCHASED ITEM Exile_Item_PlasticBottleCoffee FOR 200 POPTABS | PLAYER TOTAL MONEY: 31475
[13:58:14:685501 --7:00] [Thread 3748] PLAYER: ( 76561198151637619 ) R Alpha 1-3:1 (JoMilla) REMOTE PURCHASED ITEM Exile_Item_DuctTape FOR 300 POPTABS | PLAYER TOTAL MONEY: 31175
[13:58:15:730799 --7:00] [Thread 6100] PLAYER: ( 76561198151637619 ) R Alpha 1-3:1 (JoMilla) REMOTE PURCHASED ITEM Exile_Item_DuctTape FOR 300 POPTABS | PLAYER TOTAL MONEY: 30875
[13:58:17:536591 --7:00] [Thread 3748] PLAYER: ( 76561198151637619 ) R Alpha 1-3:1 (JoMilla) REMOTE PURCHASED ITEM Exile_Item_Pliers FOR 350 POPTABS | PLAYER TOTAL MONEY: 30525
[13:58:35:608521 --7:00] [Thread 6032] PLAYER: ( 76561198151637619 ) R Alpha 1-3:1 (JoMilla) REMOTE SOLD ITEM Exile_Melee_Axe FOR 250 POPTABS AND 25 RESPECT | PLAYER TOTAL MONEY: 30775
[14:02:21:517442 --7:00] [Thread 6100] PLAYER: ( 76561198151637619 ) R Alpha 1-3:1 (JoMilla) REMOTE SOLD ITEM srifle_DMR_05_blk_F FOR 1390 POPTABS AND 139 RESPECT | PLAYER TOTAL MONEY: 32165
[14:02:24:828595 --7:00] [Thread 6032] PLAYER: ( 76561198151637619 ) R Alpha 1-3:1 (JoMilla) REMOTE SOLD ITEM G_Spectacles_Tinted FOR 3 POPTABS AND 0.3 RESPECT | PLAYER TOTAL MONEY: 32168
[14:02:37:692743 --7:00] [Thread 6100] PLAYER: ( 76561198151637619 ) R Alpha 1-3:1 (JoMilla) REMOTE SOLD ITEM arifle_ARX_ghex_F FOR 350 POPTABS AND 35 RESPECT | PLAYER TOTAL MONEY: 32518
[14:02:42:958521 --7:00] [Thread 6032] PLAYER: ( 76561198151637619 ) R Alpha 1-3:1 (JoMilla) REMOTE SOLD ITEM Exile_Magazine_7Rnd_408_Bullet_Cam_Mag FOR 165 POPTABS AND 16.5 RESPECT | PLAYER TOTAL MONEY: 32683
[14:02:43:970532 --7:00] [Thread 6100] PLAYER: ( 76561198151637619 ) R Alpha 1-3:1 (JoMilla) REMOTE SOLD ITEM 30Rnd_65x39_caseless_green FOR 25 POPTABS AND 2.5 RESPECT | PLAYER TOTAL MONEY: 32708
[14:02:44:843071 --7:00] [Thread 3748] PLAYER: ( 76561198151637619 ) R Alpha 1-3:1 (JoMilla) REMOTE SOLD ITEM 30Rnd_65x39_caseless_green FOR 25 POPTABS AND 2.5 RESPECT | PLAYER TOTAL MONEY: 32733
[14:02:45:696202 --7:00] [Thread 6100] PLAYER: ( 76561198151637619 ) R Alpha 1-3:1 (JoMilla) REMOTE SOLD ITEM Exile_Item_Defibrillator FOR 1500 POPTABS AND 150 RESPECT | PLAYER TOTAL MONEY: 34233
[14:02:46:483683 --7:00] [Thread 6032] PLAYER: ( 76561198151637619 ) R Alpha 1-3:1 (JoMilla) REMOTE SOLD ITEM Exile_Item_BaseCameraKit FOR 2500 POPTABS AND 250 RESPECT | PLAYER TOTAL MONEY: 36733
[14:02:47:343736 --7:00] [Thread 3748] PLAYER: ( 76561198151637619 ) R Alpha 1-3:1 (JoMilla) REMOTE SOLD ITEM Exile_Item_BaseCameraKit FOR 2500 POPTABS AND 250 RESPECT | PLAYER TOTAL MONEY: 39233
[14:02:48:832667 --7:00] [Thread 6032] PLAYER: ( 76561198151637619 ) R Alpha 1-3:1 (JoMilla) REMOTE SOLD ITEM Exile_Item_Moobar FOR 15 POPTABS AND 1.5 RESPECT | PLAYER TOTAL MONEY: 39248
[14:02:49:974195 --7:00] [Thread 3748] PLAYER: ( 76561198151637619 ) R Alpha 1-3:1 (JoMilla) REMOTE SOLD ITEM Exile_Item_Moobar FOR 15 POPTABS AND 1.5 RESPECT | PLAYER TOTAL MONEY: 39263
[14:02:50:855190 --7:00] [Thread 6032] PLAYER: ( 76561198151637619 ) R Alpha 1-3:1 (JoMilla) REMOTE SOLD ITEM Exile_Item_Moobar FOR 15 POPTABS AND 1.5 RESPECT | PLAYER TOTAL MONEY: 39278
[14:02:57:736665 --7:00] [Thread 6100] PLAYER: ( 76561198151637619 ) R Alpha 1-3:1 (JoMilla) REMOTE SOLD ITEM 10Rnd_50BW_Mag_F FOR 25 POPTABS AND 2.5 RESPECT | PLAYER TOTAL MONEY: 39303
[14:02:58:551335 --7:00] [Thread 3748] PLAYER: ( 76561198151637619 ) R Alpha 1-3:1 (JoMilla) REMOTE SOLD ITEM 30Rnd_65x39_caseless_green FOR 25 POPTABS AND 2.5 RESPECT | PLAYER TOTAL MONEY: 39328
[14:03:04:421846 --7:00] [Thread 6032] PLAYER: ( 76561198151637619 ) R Alpha 1-3:1 (JoMilla) REMOTE SOLD ITEM U_B_CTRG_Soldier_urb_3_F FOR 200 POPTABS AND 20 RESPECT | PLAYER TOTAL MONEY: 39528
[14:03:36:670826 --7:00] [Thread 6100] PLAYER: ( 76561198151637619 ) R Alpha 1-3:1 (JoMilla) REMOTE PURCHASED ITEM U_B_GhillieSuit FOR 600 POPTABS | PLAYER TOTAL MONEY: 38928
[14:04:07:663422 --7:00] [Thread 6032] PLAYER: ( 76561198151637619 ) R Alpha 1-3:1 (JoMilla) REMOTE PURCHASED ITEM U_O_T_FullGhillie_tna_F FOR 800 POPTABS | PLAYER TOTAL MONEY: 38128
[14:04:15:154667 --7:00] [Thread 3748] PLAYER: ( 76561198151637619 ) R Alpha 1-3:1 (JoMilla) REMOTE SOLD ITEM U_B_GhillieSuit FOR 300 POPTABS AND 30 RESPECT | PLAYER TOTAL MONEY: 38428
[14:04:53:110177 --7:00] [Thread 6032] PLAYER: ( 76561198151637619 ) R Alpha 1-3:1 (JoMilla) REMOTE PURCHASED ITEM H_HelmetLeaderO_ocamo FOR 200 POPTABS | PLAYER TOTAL MONEY: 38228
[14:05:07:389986 --7:00] [Thread 3748] PLAYER: ( 76561198151637619 ) R Alpha 1-3:1 (JoMilla) REMOTE PURCHASED ITEM G_Bandanna_beast FOR 6 POPTABS | PLAYER TOTAL MONEY: 38222
[14:05:13:739901 --7:00] [Thread 6032] PLAYER: ( 76561198151637619 ) R Alpha 1-3:1 (JoMilla) REMOTE PURCHASED ITEM Exile_Item_Bandage FOR 100 POPTABS | PLAYER TOTAL MONEY: 38122
[14:05:14:756094 --7:00] [Thread 3748] PLAYER: ( 76561198151637619 ) R Alpha 1-3:1 (JoMilla) REMOTE PURCHASED ITEM Exile_Item_Bandage FOR 100 POPTABS | PLAYER TOTAL MONEY: 38022
[14:05:16:640564 --7:00] [Thread 6032] PLAYER: ( 76561198151637619 ) R Alpha 1-3:1 (JoMilla) REMOTE PURCHASED ITEM Exile_Item_Vishpirin FOR 300 POPTABS | PLAYER TOTAL MONEY: 37722
[14:05:17:624503 --7:00] [Thread 3748] PLAYER: ( 76561198151637619 ) R Alpha 1-3:1 (JoMilla) REMOTE PURCHASED ITEM Exile_Item_Vishpirin FOR 300 POPTABS | PLAYER TOTAL MONEY: 37422
[14:05:19:321451 --7:00] [Thread 6032] PLAYER: ( 76561198151637619 ) R Alpha 1-3:1 (JoMilla) REMOTE PURCHASED ITEM Exile_Item_InstaDoc FOR 1000 POPTABS | PLAYER TOTAL MONEY: 36422
[14:05:20:112670 --7:00] [Thread 3748] PLAYER: ( 76561198151637619 ) R Alpha 1-3:1 (JoMilla) REMOTE PURCHASED ITEM Exile_Item_InstaDoc FOR 1000 POPTABS | PLAYER TOTAL MONEY: 35422
[14:05:21:015484 --7:00] [Thread 6032] PLAYER: ( 76561198151637619 ) R Alpha 1-3:1 (JoMilla) REMOTE PURCHASED ITEM Exile_Item_InstaDoc FOR 1000 POPTABS | PLAYER TOTAL MONEY: 34422
[14:06:46:111132 --7:00] [Thread 3748] PLAYER: ( 76561198151637619 ) R Alpha 1-3:1 (JoMilla) REMOTE PURCHASED ITEM srifle_LRR_camo_F FOR 2750 POPTABS | PLAYER TOTAL MONEY: 31672
[14:06:54:975608 --7:00] [Thread 6100] PLAYER: ( 76561198151637619 ) R Alpha 1-3:1 (JoMilla) REMOTE SOLD ITEM srifle_LRR_camo_F FOR 1375 POPTABS AND 137.5 RESPECT | PLAYER TOTAL MONEY: 33047
[14:07:05:978854 --7:00] [Thread 3748] PLAYER: ( 76561198151637619 ) R Alpha 1-3:1 (JoMilla) REMOTE PURCHASED ITEM srifle_DMR_05_hex_F FOR 2500 POPTABS | PLAYER TOTAL MONEY: 30547
[14:07:24:157426 --7:00] [Thread 6100] PLAYER: ( 76561198151637619 ) R Alpha 1-3:1 (JoMilla) REMOTE PURCHASED ITEM bipod_01_F_khk FOR 50 POPTABS | PLAYER TOTAL MONEY: 30497
[14:07:27:353712 --7:00] [Thread 3748] PLAYER: ( 76561198151637619 ) R Alpha 1-3:1 (JoMilla) REMOTE PURCHASED ITEM acc_pointer_IR FOR 20 POPTABS | PLAYER TOTAL MONEY: 30477
[14:07:36:348947 --7:00] [Thread 6100] PLAYER: ( 76561198151637619 ) R Alpha 1-3:1 (JoMilla) REMOTE PURCHASED ITEM muzzle_snds_93mmg FOR 50 POPTABS | PLAYER TOTAL MONEY: 30427
[14:08:05:082080 --7:00] [Thread 3748] PLAYER: ( 76561198151637619 ) R Alpha 1-3:1 (JoMilla) REMOTE PURCHASED ITEM optic_AMS_khk FOR 500 POPTABS | PLAYER TOTAL MONEY: 29927
[14:09:05:321719 --7:00] [Thread 6032] PLAYER: ( 76561198151637619 ) R Alpha 1-3:1 (JoMilla) REMOTE SOLD ITEM srifle_DMR_05_hex_F FOR 1560 POPTABS AND 156 RESPECT | PLAYER TOTAL MONEY: 31487
[14:09:10:860312 --7:00] [Thread 6100] PLAYER: ( 76561198151637619 ) R Alpha 1-3:1 (JoMilla) REMOTE PURCHASED ITEM srifle_DMR_05_blk_F FOR 2500 POPTABS | PLAYER TOTAL MONEY: 28987
[14:09:29:365252 --7:00] [Thread 6032] PLAYER: ( 76561198151637619 ) R Alpha 1-3:1 (JoMilla) REMOTE PURCHASED ITEM acc_pointer_IR FOR 20 POPTABS | PLAYER TOTAL MONEY: 28967
[14:09:31:694422 --7:00] [Thread 6100] PLAYER: ( 76561198151637619 ) R Alpha 1-3:1 (JoMilla) REMOTE PURCHASED ITEM bipod_01_F_khk FOR 50 POPTABS | PLAYER TOTAL MONEY: 28917
[14:09:42:671487 --7:00] [Thread 6032] PLAYER: ( 76561198151637619 ) R Alpha 1-3:1 (JoMilla) REMOTE PURCHASED ITEM muzzle_snds_93mmg FOR 50 POPTABS | PLAYER TOTAL MONEY: 28867
[14:09:49:115953 --7:00] [Thread 6100] PLAYER: ( 76561198151637619 ) R Alpha 1-3:1 (JoMilla) REMOTE PURCHASED ITEM optic_AMS_khk FOR 500 POPTABS | PLAYER TOTAL MONEY: 28367
[14:09:58:658070 --7:00] [Thread 6032] PLAYER: ( 76561198151637619 ) R Alpha 1-3:1 (JoMilla) REMOTE PURCHASED ITEM optic_Hamr_khk_F FOR 400 POPTABS | PLAYER TOTAL MONEY: 27967
[14:10:25:752621 --7:00] [Thread 6100] PLAYER: ( 76561198151637619 ) R Alpha 1-3:1 (JoMilla) REMOTE PURCHASED ITEM 10Rnd_93x64_DMR_05_Mag FOR 50 POPTABS | PLAYER TOTAL MONEY: 27917
[14:10:26:197003 --7:00] [Thread 6032] PLAYER: ( 76561198151637619 ) R Alpha 1-3:1 (JoMilla) REMOTE PURCHASED ITEM 10Rnd_93x64_DMR_05_Mag FOR 50 POPTABS | PLAYER TOTAL MONEY: 27867
[14:10:26:658161 --7:00] [Thread 6100] PLAYER: ( 76561198151637619 ) R Alpha 1-3:1 (JoMilla) REMOTE PURCHASED ITEM 10Rnd_93x64_DMR_05_Mag FOR 50 POPTABS | PLAYER TOTAL MONEY: 27817
[14:10:27:394198 --7:00] [Thread 6032] PLAYER: ( 76561198151637619 ) R Alpha 1-3:1 (JoMilla) REMOTE PURCHASED ITEM 10Rnd_93x64_DMR_05_Mag FOR 50 POPTABS | PLAYER TOTAL MONEY: 27767
[14:10:28:069399 --7:00] [Thread 6100] PLAYER: ( 76561198151637619 ) R Alpha 1-3:1 (JoMilla) REMOTE PURCHASED ITEM 10Rnd_93x64_DMR_05_Mag FOR 50 POPTABS | PLAYER TOTAL MONEY: 27717
[14:10:28:524919 --7:00] [Thread 6032] PLAYER: ( 76561198151637619 ) R Alpha 1-3:1 (JoMilla) REMOTE PURCHASED ITEM 10Rnd_93x64_DMR_05_Mag FOR 50 POPTABS | PLAYER TOTAL MONEY: 27667
[14:10:28:806822 --7:00] [Thread 6100] PLAYER: ( 76561198151637619 ) R Alpha 1-3:1 (JoMilla) REMOTE PURCHASED ITEM 10Rnd_93x64_DMR_05_Mag FOR 50 POPTABS | PLAYER TOTAL MONEY: 27617
[14:10:29:365883 --7:00] [Thread 6032] PLAYER: ( 76561198151637619 ) R Alpha 1-3:1 (JoMilla) REMOTE PURCHASED ITEM 10Rnd_93x64_DMR_05_Mag FOR 50 POPTABS | PLAYER TOTAL MONEY: 27567
[14:10:29:802472 --7:00] [Thread 6100] PLAYER: ( 76561198151637619 ) R Alpha 1-3:1 (JoMilla) REMOTE PURCHASED ITEM 10Rnd_93x64_DMR_05_Mag FOR 50 POPTABS | PLAYER TOTAL MONEY: 27517
[14:11:40:832276 --7:00] [Thread 6032] PLAYER: ( 76561198151637619 ) R Alpha 1-3:1 (JoMilla) REMOTE PURCHASED ITEM APERSTripMine_Wire_Mag FOR 300 POPTABS | PLAYER TOTAL MONEY: 27217
[14:11:41:843035 --7:00] [Thread 6100] PLAYER: ( 76561198151637619 ) R Alpha 1-3:1 (JoMilla) REMOTE PURCHASED ITEM APERSTripMine_Wire_Mag FOR 300 POPTABS | PLAYER TOTAL MONEY: 26917
[14:11:42:843962 --7:00] [Thread 6032] PLAYER: ( 76561198151637619 ) R Alpha 1-3:1 (JoMilla) REMOTE PURCHASED ITEM APERSTripMine_Wire_Mag FOR 300 POPTABS | PLAYER TOTAL MONEY: 26617
[14:11:51:839977 --7:00] [Thread 6100] PLAYER: ( 76561198151637619 ) R Alpha 1-3:1 (JoMilla) REMOTE PURCHASED ITEM MiniGrenade FOR 150 POPTABS | PLAYER TOTAL MONEY: 26467
[14:11:52:764347 --7:00] [Thread 6032] PLAYER: ( 76561198151637619 ) R Alpha 1-3:1 (JoMilla) REMOTE PURCHASED ITEM MiniGrenade FOR 150 POPTABS | PLAYER TOTAL MONEY: 26317
[14:11:53:317007 --7:00] [Thread 6100] PLAYER: ( 76561198151637619 ) R Alpha 1-3:1 (JoMilla) REMOTE PURCHASED ITEM MiniGrenade FOR 150 POPTABS | PLAYER TOTAL MONEY: 26167
[14:11:53:884514 --7:00] [Thread 6032] PLAYER: ( 76561198151637619 ) R Alpha 1-3:1 (JoMilla) REMOTE PURCHASED ITEM MiniGrenade FOR 150 POPTABS | PLAYER TOTAL MONEY: 26017
