[22:27:11:776109 --7:00] [Thread 6264] PLAYER: ( 76561198092067587 ) R Alpha 1-3:1 (vakero) REMOTE SOLD ITEM ItemGPS FOR 20 POPTABS AND 2 RESPECT | PLAYER TOTAL MONEY: 755
[22:27:12:712834 --7:00] [Thread 3692] PLAYER: ( 76561198092067587 ) R Alpha 1-3:1 (vakero) REMOTE SOLD ITEM ItemGPS FOR 20 POPTABS AND 2 RESPECT | PLAYER TOTAL MONEY: 775
[22:27:13:565823 --7:00] [Thread 7052] PLAYER: ( 76561198092067587 ) R Alpha 1-3:1 (vakero) REMOTE SOLD ITEM ItemGPS FOR 20 POPTABS AND 2 RESPECT | PLAYER TOTAL MONEY: 795
[22:27:14:310241 --7:00] [Thread 6264] PLAYER: ( 76561198092067587 ) R Alpha 1-3:1 (vakero) REMOTE SOLD ITEM ItemGPS FOR 20 POPTABS AND 2 RESPECT | PLAYER TOTAL MONEY: 815
[22:27:14:989633 --7:00] [Thread 3692] PLAYER: ( 76561198092067587 ) R Alpha 1-3:1 (vakero) REMOTE SOLD ITEM ItemGPS FOR 20 POPTABS AND 2 RESPECT | PLAYER TOTAL MONEY: 835
[22:27:15:811385 --7:00] [Thread 3692] PLAYER: ( 76561198092067587 ) R Alpha 1-3:1 (vakero) REMOTE SOLD ITEM ItemGPS FOR 20 POPTABS AND 2 RESPECT | PLAYER TOTAL MONEY: 855
[22:27:20:434317 --7:00] [Thread 7052] PLAYER: ( 76561198092067587 ) R Alpha 1-3:1 (vakero) REMOTE SOLD ITEM optic_Holosight FOR 75 POPTABS AND 7.5 RESPECT | PLAYER TOTAL MONEY: 930
[22:27:27:248604 --7:00] [Thread 3692] PLAYER: ( 76561198092067587 ) R Alpha 1-3:1 (vakero) REMOTE SOLD ITEM optic_Aco FOR 100 POPTABS AND 10 RESPECT | PLAYER TOTAL MONEY: 1030
[22:27:30:642295 --7:00] [Thread 6264] PLAYER: ( 76561198092067587 ) R Alpha 1-3:1 (vakero) REMOTE SOLD ITEM arifle_MXM_Black_F FOR 300 POPTABS AND 30 RESPECT | PLAYER TOTAL MONEY: 1330
[22:27:32:300106 --7:00] [Thread 7052] PLAYER: ( 76561198092067587 ) R Alpha 1-3:1 (vakero) REMOTE SOLD ITEM arifle_TRG21_F FOR 125 POPTABS AND 12.5 RESPECT | PLAYER TOTAL MONEY: 1455
[22:27:36:797516 --7:00] [Thread 6264] PLAYER: ( 76561198092067587 ) R Alpha 1-3:1 (vakero) REMOTE SOLD ITEM Exile_Weapon_SVDCamo FOR 425 POPTABS AND 42.5 RESPECT | PLAYER TOTAL MONEY: 1880
[22:27:38:904055 --7:00] [Thread 7052] PLAYER: ( 76561198092067587 ) R Alpha 1-3:1 (vakero) REMOTE SOLD ITEM Exile_Weapon_SVDCamo FOR 425 POPTABS AND 42.5 RESPECT | PLAYER TOTAL MONEY: 2305
[22:27:41:657259 --7:00] [Thread 3692] PLAYER: ( 76561198092067587 ) R Alpha 1-3:1 (vakero) REMOTE SOLD ITEM srifle_LRR_F FOR 1375 POPTABS AND 137.5 RESPECT | PLAYER TOTAL MONEY: 3680
[22:27:43:478627 --7:00] [Thread 6264] PLAYER: ( 76561198092067587 ) R Alpha 1-3:1 (vakero) REMOTE SOLD ITEM arifle_MX_SW_Black_F FOR 300 POPTABS AND 30 RESPECT | PLAYER TOTAL MONEY: 3980
[22:27:46:233902 --7:00] [Thread 7052] PLAYER: ( 76561198092067587 ) R Alpha 1-3:1 (vakero) REMOTE SOLD ITEM arifle_CTAR_blk_F FOR 300 POPTABS AND 30 RESPECT | PLAYER TOTAL MONEY: 4280
[22:27:47:240110 --7:00] [Thread 3692] PLAYER: ( 76561198092067587 ) R Alpha 1-3:1 (vakero) REMOTE SOLD ITEM srifle_EBR_F FOR 750 POPTABS AND 75 RESPECT | PLAYER TOTAL MONEY: 5030
[22:27:48:063195 --7:00] [Thread 6264] PLAYER: ( 76561198092067587 ) R Alpha 1-3:1 (vakero) REMOTE SOLD ITEM Exile_Weapon_AKS_Gold FOR 275 POPTABS AND 27.5 RESPECT | PLAYER TOTAL MONEY: 5305
[22:27:48:671510 --7:00] [Thread 6264] PLAYER: ( 76561198092067587 ) R Alpha 1-3:1 (vakero) REMOTE SOLD ITEM Exile_Weapon_AKS_Gold FOR 275 POPTABS AND 27.5 RESPECT | PLAYER TOTAL MONEY: 5580
[22:27:51:100834 --7:00] [Thread 7052] PLAYER: ( 76561198092067587 ) R Alpha 1-3:1 (vakero) REMOTE SOLD ITEM Exile_Weapon_AK74_GL FOR 200 POPTABS AND 20 RESPECT | PLAYER TOTAL MONEY: 5780
[22:27:52:039660 --7:00] [Thread 3692] PLAYER: ( 76561198092067587 ) R Alpha 1-3:1 (vakero) REMOTE SOLD ITEM arifle_Mk20_GL_F FOR 200 POPTABS AND 20 RESPECT | PLAYER TOTAL MONEY: 5980
[22:27:52:830964 --7:00] [Thread 7052] PLAYER: ( 76561198092067587 ) R Alpha 1-3:1 (vakero) REMOTE SOLD ITEM arifle_Mk20_F FOR 150 POPTABS AND 15 RESPECT | PLAYER TOTAL MONEY: 6130
[22:27:53:593382 --7:00] [Thread 6264] PLAYER: ( 76561198092067587 ) R Alpha 1-3:1 (vakero) REMOTE SOLD ITEM Exile_Weapon_AKS_Gold FOR 275 POPTABS AND 27.5 RESPECT | PLAYER TOTAL MONEY: 6405
[22:27:54:306241 --7:00] [Thread 7052] PLAYER: ( 76561198092067587 ) R Alpha 1-3:1 (vakero) REMOTE SOLD ITEM optic_Arco FOR 150 POPTABS AND 15 RESPECT | PLAYER TOTAL MONEY: 6555
[22:29:13:732930 --7:00] [Thread 6264] PLAYER: ( 76561198092067587 ) R Alpha 1-3:1 (vakero) REMOTE SOLD ITEM B_Bergen_tna_F FOR 300 POPTABS AND 30 RESPECT | PLAYER TOTAL MONEY: 6855
[22:29:16:245846 --7:00] [Thread 7052] PLAYER: ( 76561198092067587 ) R Alpha 1-3:1 (vakero) REMOTE SOLD ITEM Exile_Item_Vishpirin FOR 150 POPTABS AND 15 RESPECT | PLAYER TOTAL MONEY: 7005
[22:29:17:015154 --7:00] [Thread 6264] PLAYER: ( 76561198092067587 ) R Alpha 1-3:1 (vakero) REMOTE SOLD ITEM Exile_Item_Vishpirin FOR 150 POPTABS AND 15 RESPECT | PLAYER TOTAL MONEY: 7155
[22:29:19:976609 --7:00] [Thread 3692] PLAYER: ( 76561198092067587 ) R Alpha 1-3:1 (vakero) REMOTE SOLD ITEM Exile_Item_PlasticBottleEmpty FOR 5 POPTABS AND 0.5 RESPECT | PLAYER TOTAL MONEY: 7160
[22:29:20:866886 --7:00] [Thread 7052] PLAYER: ( 76561198092067587 ) R Alpha 1-3:1 (vakero) REMOTE SOLD ITEM Exile_Item_PowerDrink FOR 90 POPTABS AND 9 RESPECT | PLAYER TOTAL MONEY: 7250
[22:29:28:868697 --7:00] [Thread 6264] PLAYER: ( 76561198092067587 ) R Alpha 1-3:1 (vakero) REMOTE SOLD ITEM Exile_Item_InstaDoc FOR 500 POPTABS AND 50 RESPECT | PLAYER TOTAL MONEY: 7750
[22:29:29:850913 --7:00] [Thread 7052] PLAYER: ( 76561198092067587 ) R Alpha 1-3:1 (vakero) REMOTE SOLD ITEM Exile_Magazine_30Rnd_762x39_AK FOR 10 POPTABS AND 1 RESPECT | PLAYER TOTAL MONEY: 7760
[22:29:30:704300 --7:00] [Thread 3692] PLAYER: ( 76561198092067587 ) R Alpha 1-3:1 (vakero) REMOTE SOLD ITEM Exile_Item_InstaDoc FOR 500 POPTABS AND 50 RESPECT | PLAYER TOTAL MONEY: 8260
[22:29:36:282175 --7:00] [Thread 7052] PLAYER: ( 76561198092067587 ) R Alpha 1-3:1 (vakero) REMOTE SOLD ITEM Exile_Item_EnergyDrink FOR 75 POPTABS AND 7.5 RESPECT | PLAYER TOTAL MONEY: 8335
[22:29:42:307527 --7:00] [Thread 6264] PLAYER: ( 76561198092067587 ) R Alpha 1-3:1 (vakero) REMOTE SOLD ITEM Exile_Item_InstaDoc FOR 500 POPTABS AND 50 RESPECT | PLAYER TOTAL MONEY: 8835
[22:29:43:271920 --7:00] [Thread 7052] PLAYER: ( 76561198092067587 ) R Alpha 1-3:1 (vakero) REMOTE SOLD ITEM Exile_Item_InstaDoc FOR 500 POPTABS AND 50 RESPECT | PLAYER TOTAL MONEY: 9335
[22:29:45:386474 --7:00] [Thread 6264] PLAYER: ( 76561198092067587 ) R Alpha 1-3:1 (vakero) REMOTE SOLD ITEM Exile_Item_Vishpirin FOR 150 POPTABS AND 15 RESPECT | PLAYER TOTAL MONEY: 9485
[22:29:46:170944 --7:00] [Thread 3692] PLAYER: ( 76561198092067587 ) R Alpha 1-3:1 (vakero) REMOTE SOLD ITEM Exile_Item_EnergyDrink FOR 75 POPTABS AND 7.5 RESPECT | PLAYER TOTAL MONEY: 9560
[22:29:47:180312 --7:00] [Thread 6264] PLAYER: ( 76561198092067587 ) R Alpha 1-3:1 (vakero) REMOTE SOLD ITEM Exile_Magazine_30Rnd_762x39_AK FOR 10 POPTABS AND 1 RESPECT | PLAYER TOTAL MONEY: 9570
[22:29:48:224862 --7:00] [Thread 3692] PLAYER: ( 76561198092067587 ) R Alpha 1-3:1 (vakero) REMOTE SOLD ITEM Exile_Item_InstaDoc FOR 500 POPTABS AND 50 RESPECT | PLAYER TOTAL MONEY: 10070
[22:29:52:213845 --7:00] [Thread 7052] PLAYER: ( 76561198092067587 ) R Alpha 1-3:1 (vakero) REMOTE SOLD ITEM Exile_Item_BBQSandwich FOR 37 POPTABS AND 3.7 RESPECT | PLAYER TOTAL MONEY: 10107
[22:29:57:583435 --7:00] [Thread 6264] PLAYER: ( 76561198092067587 ) R Alpha 1-3:1 (vakero) REMOTE SOLD ITEM Exile_Item_Bandage FOR 50 POPTABS AND 5 RESPECT | PLAYER TOTAL MONEY: 10157
[22:29:58:548369 --7:00] [Thread 7052] PLAYER: ( 76561198092067587 ) R Alpha 1-3:1 (vakero) REMOTE SOLD ITEM Exile_Item_Bandage FOR 50 POPTABS AND 5 RESPECT | PLAYER TOTAL MONEY: 10207
[22:29:59:379763 --7:00] [Thread 6264] PLAYER: ( 76561198092067587 ) R Alpha 1-3:1 (vakero) REMOTE SOLD ITEM Exile_Item_EnergyDrink FOR 75 POPTABS AND 7.5 RESPECT | PLAYER TOTAL MONEY: 10282
[22:30:00:173727 --7:00] [Thread 3692] PLAYER: ( 76561198092067587 ) R Alpha 1-3:1 (vakero) REMOTE SOLD ITEM 20Rnd_762x51_Mag FOR 25 POPTABS AND 2.5 RESPECT | PLAYER TOTAL MONEY: 10307
[22:30:00:881084 --7:00] [Thread 6264] PLAYER: ( 76561198092067587 ) R Alpha 1-3:1 (vakero) REMOTE SOLD ITEM 20Rnd_762x51_Mag FOR 25 POPTABS AND 2.5 RESPECT | PLAYER TOTAL MONEY: 10332
[22:30:01:582080 --7:00] [Thread 3692] PLAYER: ( 76561198092067587 ) R Alpha 1-3:1 (vakero) REMOTE SOLD ITEM 20Rnd_762x51_Mag FOR 25 POPTABS AND 2.5 RESPECT | PLAYER TOTAL MONEY: 10357
[22:30:02:242586 --7:00] [Thread 7052] PLAYER: ( 76561198092067587 ) R Alpha 1-3:1 (vakero) REMOTE SOLD ITEM 20Rnd_762x51_Mag FOR 25 POPTABS AND 2.5 RESPECT | PLAYER TOTAL MONEY: 10382
[22:30:02:965145 --7:00] [Thread 3692] PLAYER: ( 76561198092067587 ) R Alpha 1-3:1 (vakero) REMOTE SOLD ITEM Exile_Item_PlasticBottleFreshWater FOR 4 POPTABS AND 0.4 RESPECT | PLAYER TOTAL MONEY: 10386
[22:30:03:907794 --7:00] [Thread 6264] PLAYER: ( 76561198092067587 ) R Alpha 1-3:1 (vakero) REMOTE SOLD ITEM Exile_Item_PlasticBottleFreshWater FOR 4 POPTABS AND 0.4 RESPECT | PLAYER TOTAL MONEY: 10390
[22:30:04:970784 --7:00] [Thread 3692] PLAYER: ( 76561198092067587 ) R Alpha 1-3:1 (vakero) REMOTE SOLD ITEM 20Rnd_762x51_Mag FOR 25 POPTABS AND 2.5 RESPECT | PLAYER TOTAL MONEY: 10415
[22:30:05:803566 --7:00] [Thread 6264] PLAYER: ( 76561198092067587 ) R Alpha 1-3:1 (vakero) REMOTE SOLD ITEM Exile_Item_PowerDrink FOR 90 POPTABS AND 9 RESPECT | PLAYER TOTAL MONEY: 10505
[22:30:06:587823 --7:00] [Thread 7052] PLAYER: ( 76561198092067587 ) R Alpha 1-3:1 (vakero) REMOTE SOLD ITEM Exile_Item_EnergyDrink FOR 75 POPTABS AND 7.5 RESPECT | PLAYER TOTAL MONEY: 10580
[22:30:07:376396 --7:00] [Thread 3692] PLAYER: ( 76561198092067587 ) R Alpha 1-3:1 (vakero) REMOTE SOLD ITEM Exile_Item_BBQSandwich FOR 37 POPTABS AND 3.7 RESPECT | PLAYER TOTAL MONEY: 10617
[22:30:10:416260 --7:00] [Thread 7052] PLAYER: ( 76561198092067587 ) R Alpha 1-3:1 (vakero) REMOTE SOLD ITEM Exile_Item_InstaDoc FOR 500 POPTABS AND 50 RESPECT | PLAYER TOTAL MONEY: 11117
[22:30:11:438461 --7:00] [Thread 6264] PLAYER: ( 76561198092067587 ) R Alpha 1-3:1 (vakero) REMOTE SOLD ITEM Exile_Item_EnergyDrink FOR 75 POPTABS AND 7.5 RESPECT | PLAYER TOTAL MONEY: 11192
[22:30:12:315087 --7:00] [Thread 3692] PLAYER: ( 76561198092067587 ) R Alpha 1-3:1 (vakero) REMOTE SOLD ITEM Exile_Magazine_30Rnd_762x39_AK FOR 10 POPTABS AND 1 RESPECT | PLAYER TOTAL MONEY: 11202
[22:30:14:333557 --7:00] [Thread 6264] PLAYER: ( 76561198092067587 ) R Alpha 1-3:1 (vakero) REMOTE SOLD ITEM Exile_Magazine_30Rnd_762x39_AK FOR 10 POPTABS AND 1 RESPECT | PLAYER TOTAL MONEY: 11212
[22:30:15:265876 --7:00] [Thread 3692] PLAYER: ( 76561198092067587 ) R Alpha 1-3:1 (vakero) REMOTE SOLD ITEM Exile_Magazine_30Rnd_762x39_AK FOR 10 POPTABS AND 1 RESPECT | PLAYER TOTAL MONEY: 11222
[22:30:16:106788 --7:00] [Thread 7052] PLAYER: ( 76561198092067587 ) R Alpha 1-3:1 (vakero) REMOTE SOLD ITEM Exile_Magazine_10Rnd_762x54 FOR 10 POPTABS AND 1 RESPECT | PLAYER TOTAL MONEY: 11232
[22:30:16:940444 --7:00] [Thread 3692] PLAYER: ( 76561198092067587 ) R Alpha 1-3:1 (vakero) REMOTE SOLD ITEM Exile_Magazine_10Rnd_762x54 FOR 10 POPTABS AND 1 RESPECT | PLAYER TOTAL MONEY: 11242
[22:30:17:688616 --7:00] [Thread 3692] PLAYER: ( 76561198092067587 ) R Alpha 1-3:1 (vakero) REMOTE SOLD ITEM Exile_Magazine_10Rnd_762x54 FOR 10 POPTABS AND 1 RESPECT | PLAYER TOTAL MONEY: 11252
[22:30:18:541841 --7:00] [Thread 6264] PLAYER: ( 76561198092067587 ) R Alpha 1-3:1 (vakero) REMOTE SOLD ITEM 7Rnd_408_Mag FOR 20 POPTABS AND 2 RESPECT | PLAYER TOTAL MONEY: 11272
[22:30:19:240342 --7:00] [Thread 3692] PLAYER: ( 76561198092067587 ) R Alpha 1-3:1 (vakero) REMOTE SOLD ITEM 7Rnd_408_Mag FOR 20 POPTABS AND 2 RESPECT | PLAYER TOTAL MONEY: 11292
[22:30:20:624018 --7:00] [Thread 7052] PLAYER: ( 76561198092067587 ) R Alpha 1-3:1 (vakero) REMOTE SOLD ITEM 30Rnd_556x45_Stanag FOR 20 POPTABS AND 2 RESPECT | PLAYER TOTAL MONEY: 11312
[22:30:27:371747 --7:00] [Thread 3692] PLAYER: ( 76561198092067587 ) R Alpha 1-3:1 (vakero) REMOTE SOLD ITEM 7Rnd_408_Mag FOR 20 POPTABS AND 2 RESPECT | PLAYER TOTAL MONEY: 11332
[22:30:28:751223 --7:00] [Thread 7052] PLAYER: ( 76561198092067587 ) R Alpha 1-3:1 (vakero) REMOTE SOLD ITEM Exile_Magazine_10Rnd_762x54 FOR 10 POPTABS AND 1 RESPECT | PLAYER TOTAL MONEY: 11342
[22:30:29:829133 --7:00] [Thread 3692] PLAYER: ( 76561198092067587 ) R Alpha 1-3:1 (vakero) REMOTE SOLD ITEM Exile_Magazine_10Rnd_762x54 FOR 10 POPTABS AND 1 RESPECT | PLAYER TOTAL MONEY: 11352
[22:30:30:659915 --7:00] [Thread 7052] PLAYER: ( 76561198092067587 ) R Alpha 1-3:1 (vakero) REMOTE SOLD ITEM Exile_Magazine_10Rnd_762x54 FOR 10 POPTABS AND 1 RESPECT | PLAYER TOTAL MONEY: 11362
[22:30:31:485369 --7:00] [Thread 6264] PLAYER: ( 76561198092067587 ) R Alpha 1-3:1 (vakero) REMOTE SOLD ITEM 30Rnd_65x39_caseless_mag FOR 10 POPTABS AND 1 RESPECT | PLAYER TOTAL MONEY: 11372
[22:30:32:299303 --7:00] [Thread 3692] PLAYER: ( 76561198092067587 ) R Alpha 1-3:1 (vakero) REMOTE SOLD ITEM 30Rnd_65x39_caseless_mag FOR 10 POPTABS AND 1 RESPECT | PLAYER TOTAL MONEY: 11382
[22:30:33:090735 --7:00] [Thread 7052] PLAYER: ( 76561198092067587 ) R Alpha 1-3:1 (vakero) REMOTE SOLD ITEM 30Rnd_65x39_caseless_mag FOR 10 POPTABS AND 1 RESPECT | PLAYER TOTAL MONEY: 11392
[22:30:33:849484 --7:00] [Thread 3692] PLAYER: ( 76561198092067587 ) R Alpha 1-3:1 (vakero) REMOTE SOLD ITEM 100Rnd_65x39_caseless_mag_Tracer FOR 50 POPTABS AND 5 RESPECT | PLAYER TOTAL MONEY: 11442
[22:30:34:589691 --7:00] [Thread 6264] PLAYER: ( 76561198092067587 ) R Alpha 1-3:1 (vakero) REMOTE SOLD ITEM 100Rnd_65x39_caseless_mag_Tracer FOR 50 POPTABS AND 5 RESPECT | PLAYER TOTAL MONEY: 11492
[22:30:35:361430 --7:00] [Thread 3692] PLAYER: ( 76561198092067587 ) R Alpha 1-3:1 (vakero) REMOTE SOLD ITEM 100Rnd_65x39_caseless_mag_Tracer FOR 50 POPTABS AND 5 RESPECT | PLAYER TOTAL MONEY: 11542
[22:30:36:112528 --7:00] [Thread 6264] PLAYER: ( 76561198092067587 ) R Alpha 1-3:1 (vakero) REMOTE SOLD ITEM 100Rnd_65x39_caseless_mag_Tracer FOR 50 POPTABS AND 5 RESPECT | PLAYER TOTAL MONEY: 11592
[22:30:36:816228 --7:00] [Thread 7052] PLAYER: ( 76561198092067587 ) R Alpha 1-3:1 (vakero) REMOTE SOLD ITEM Exile_Item_Moobar FOR 15 POPTABS AND 1.5 RESPECT | PLAYER TOTAL MONEY: 11607
[22:30:39:679688 --7:00] [Thread 3692] PLAYER: ( 76561198092067587 ) R Alpha 1-3:1 (vakero) REMOTE SOLD ITEM 150Rnd_556x45_Drum_Mag_F FOR 87 POPTABS AND 8.7 RESPECT | PLAYER TOTAL MONEY: 11694
[22:30:42:386055 --7:00] [Thread 6264] PLAYER: ( 76561198092067587 ) R Alpha 1-3:1 (vakero) REMOTE SOLD ITEM Exile_Magazine_30Rnd_762x39_AK FOR 10 POPTABS AND 1 RESPECT | PLAYER TOTAL MONEY: 11704
[22:30:43:285322 --7:00] [Thread 7052] PLAYER: ( 76561198092067587 ) R Alpha 1-3:1 (vakero) REMOTE SOLD ITEM Exile_Magazine_30Rnd_545x39_AK FOR 10 POPTABS AND 1 RESPECT | PLAYER TOTAL MONEY: 11714
[22:30:43:948202 --7:00] [Thread 6264] PLAYER: ( 76561198092067587 ) R Alpha 1-3:1 (vakero) REMOTE SOLD ITEM 30Rnd_556x45_Stanag FOR 20 POPTABS AND 2 RESPECT | PLAYER TOTAL MONEY: 11734
[22:30:44:752807 --7:00] [Thread 3692] PLAYER: ( 76561198092067587 ) R Alpha 1-3:1 (vakero) REMOTE SOLD ITEM 30Rnd_556x45_Stanag FOR 20 POPTABS AND 2 RESPECT | PLAYER TOTAL MONEY: 11754
[22:30:45:430926 --7:00] [Thread 6264] PLAYER: ( 76561198092067587 ) R Alpha 1-3:1 (vakero) REMOTE SOLD ITEM 30Rnd_580x42_Mag_F FOR 25 POPTABS AND 2.5 RESPECT | PLAYER TOTAL MONEY: 11779
[22:30:46:176275 --7:00] [Thread 3692] PLAYER: ( 76561198092067587 ) R Alpha 1-3:1 (vakero) REMOTE SOLD ITEM 20Rnd_762x51_Mag FOR 25 POPTABS AND 2.5 RESPECT | PLAYER TOTAL MONEY: 11804
[22:30:46:877399 --7:00] [Thread 6264] PLAYER: ( 76561198092067587 ) R Alpha 1-3:1 (vakero) REMOTE SOLD ITEM Exile_Magazine_30Rnd_762x39_AK FOR 10 POPTABS AND 1 RESPECT | PLAYER TOTAL MONEY: 11814
[22:30:47:740417 --7:00] [Thread 7052] PLAYER: ( 76561198092067587 ) R Alpha 1-3:1 (vakero) REMOTE SOLD ITEM 7Rnd_408_Mag FOR 20 POPTABS AND 2 RESPECT | PLAYER TOTAL MONEY: 11834
[22:30:51:939921 --7:00] [Thread 3692] PLAYER: ( 76561198092067587 ) R Alpha 1-3:1 (vakero) REMOTE SOLD ITEM optic_ERCO_khk_F FOR 75 POPTABS AND 7.5 RESPECT | PLAYER TOTAL MONEY: 11909
[22:31:52:771978 --7:00] [Thread 6264] PLAYER: ( 76561198092067587 ) R Alpha 1-3:1 (vakero) REMOTE PURCHASED ITEM acc_pointer_IR FOR 20 POPTABS | PLAYER TOTAL MONEY: 12689
[22:32:03:066520 --7:00] [Thread 3692] PLAYER: ( 76561198092067587 ) R Alpha 1-3:1 (vakero) REMOTE PURCHASED ITEM 30Rnd_556x45_Stanag_Tracer_Green FOR 20 POPTABS | PLAYER TOTAL MONEY: 12669
[22:32:04:552504 --7:00] [Thread 3692] PLAYER: ( 76561198092067587 ) R Alpha 1-3:1 (vakero) REMOTE PURCHASED ITEM 30Rnd_556x45_Stanag_Tracer_Red FOR 40 POPTABS | PLAYER TOTAL MONEY: 12629
[22:32:05:224796 --7:00] [Thread 6264] PLAYER: ( 76561198092067587 ) R Alpha 1-3:1 (vakero) REMOTE PURCHASED ITEM 30Rnd_556x45_Stanag_Tracer_Red FOR 40 POPTABS | PLAYER TOTAL MONEY: 12589
[22:32:05:811633 --7:00] [Thread 3692] PLAYER: ( 76561198092067587 ) R Alpha 1-3:1 (vakero) REMOTE PURCHASED ITEM 30Rnd_556x45_Stanag_Tracer_Red FOR 40 POPTABS | PLAYER TOTAL MONEY: 12549
[22:32:06:342458 --7:00] [Thread 6264] PLAYER: ( 76561198092067587 ) R Alpha 1-3:1 (vakero) REMOTE PURCHASED ITEM 30Rnd_556x45_Stanag_Tracer_Red FOR 40 POPTABS | PLAYER TOTAL MONEY: 12509
[22:32:06:863384 --7:00] [Thread 3692] PLAYER: ( 76561198092067587 ) R Alpha 1-3:1 (vakero) REMOTE PURCHASED ITEM 30Rnd_556x45_Stanag_Tracer_Red FOR 40 POPTABS | PLAYER TOTAL MONEY: 12469
[22:32:07:363750 --7:00] [Thread 6264] PLAYER: ( 76561198092067587 ) R Alpha 1-3:1 (vakero) REMOTE PURCHASED ITEM 30Rnd_556x45_Stanag_Tracer_Red FOR 40 POPTABS | PLAYER TOTAL MONEY: 12429
[22:32:07:848755 --7:00] [Thread 3692] PLAYER: ( 76561198092067587 ) R Alpha 1-3:1 (vakero) REMOTE PURCHASED ITEM 30Rnd_556x45_Stanag_Tracer_Red FOR 40 POPTABS | PLAYER TOTAL MONEY: 12389
[22:32:08:281480 --7:00] [Thread 6264] PLAYER: ( 76561198092067587 ) R Alpha 1-3:1 (vakero) REMOTE PURCHASED ITEM 30Rnd_556x45_Stanag_Tracer_Red FOR 40 POPTABS | PLAYER TOTAL MONEY: 12349
[22:32:12:780350 --7:00] [Thread 3692] PLAYER: ( 76561198092067587 ) R Alpha 1-3:1 (vakero) REMOTE PURCHASED ITEM optic_Nightstalker FOR 1500 POPTABS | PLAYER TOTAL MONEY: 10849
[23:12:01:005561 --7:00] [Thread 7052] PLAYER: ( 76561198092067587 ) R Vakero hills:1 (vakero) REMOTE SOLD ITEM: C_Offroad_02_unarmed_F (ID# <null>) with Cargo ["Exile_Item_PlasticBottleFreshWater","Exile_Item_PlasticBottleFreshWater","100Rnd_65x39_caseless_mag_Tracer","100Rnd_65x39_caseless_mag_Tracer","100Rnd_65x39_caseless_mag_Tracer","150Rnd_762x54_Box","150Rnd_762x54_Box","150Rnd_762x54_Box","100Rnd_65x39_caseless_mag_Tracer","100Rnd_65x39_caseless_mag_Tracer","100Rnd_65x39_caseless_mag_Tracer","11Rnd_45ACP_Mag","30Rnd_556x45_Stanag_Tracer_Green","30Rnd_556x45_Stanag","30Rnd_556x45_Stanag_Tracer_Red","30Rnd_556x45_Stanag_Tracer_Red","30Rnd_556x45_Stanag_Tracer_Red","30Rnd_556x45_Stanag_Tracer_Red","30Rnd_556x45_Stanag_Tracer_Red","30Rnd_556x45_Stanag_Tracer_Red","Exile_Item_Bandage","11Rnd_45ACP_Mag","Exile_Item_Bandage","Exile_Item_Bandage","arifle_MX_SW_Black_F","LMG_Zafir_F","arifle_MX_SW_Black_F","arifle_SPAR_01_khk_F","30Rnd_556x45_Stanag","hgun_Pistol_heavy_01_F","11Rnd_45ACP_Mag"] FOR 2373 POPTABS AND 237.3 RESPECT | PLAYER TOTAL MONEY: 2673
[23:12:13:952518 --7:00] [Thread 6500] PLAYER: ( 76561198092067587 ) R Vakero hills:1 (vakero) REMOTE PURCHASED ITEM 20Rnd_762x51_Mag FOR 50 POPTABS | PLAYER TOTAL MONEY: 2623
[23:12:14:755918 --7:00] [Thread 6084] PLAYER: ( 76561198092067587 ) R Vakero hills:1 (vakero) REMOTE PURCHASED ITEM 20Rnd_762x51_Mag FOR 50 POPTABS | PLAYER TOTAL MONEY: 2573
[23:12:15:523104 --7:00] [Thread 6500] PLAYER: ( 76561198092067587 ) R Vakero hills:1 (vakero) REMOTE PURCHASED ITEM 20Rnd_762x51_Mag FOR 50 POPTABS | PLAYER TOTAL MONEY: 2523
[23:12:16:216898 --7:00] [Thread 6084] PLAYER: ( 76561198092067587 ) R Vakero hills:1 (vakero) REMOTE PURCHASED ITEM 20Rnd_762x51_Mag FOR 50 POPTABS | PLAYER TOTAL MONEY: 2473
[23:12:16:933343 --7:00] [Thread 6500] PLAYER: ( 76561198092067587 ) R Vakero hills:1 (vakero) REMOTE PURCHASED ITEM 20Rnd_762x51_Mag FOR 50 POPTABS | PLAYER TOTAL MONEY: 2423
[23:12:17:436036 --7:00] [Thread 6084] PLAYER: ( 76561198092067587 ) R Vakero hills:1 (vakero) REMOTE PURCHASED ITEM 20Rnd_762x51_Mag FOR 50 POPTABS | PLAYER TOTAL MONEY: 2373
[23:12:17:894971 --7:00] [Thread 6500] PLAYER: ( 76561198092067587 ) R Vakero hills:1 (vakero) REMOTE PURCHASED ITEM 20Rnd_762x51_Mag FOR 50 POPTABS | PLAYER TOTAL MONEY: 2323
[23:12:22:346379 --7:00] [Thread 6084] PLAYER: ( 76561198092067587 ) R Vakero hills:1 (vakero) REMOTE PURCHASED ITEM muzzle_snds_B_snd_F FOR 50 POPTABS | PLAYER TOTAL MONEY: 2273
[23:13:27:733887 --7:00] [Thread 7052] PLAYER: ( 76561198092067587 ) R Vakero hills:1 (vakero) REMOTE PURCHASED VEHICLE Exile_Chopper_Mohawk_FIA FOR 20000 POPTABS | PLAYER TOTAL MONEY: 32273
