[17:29:41:994152 --7:00] [Thread 1544] Michael commited suicide!
[23:01:33:070599 --7:00] [Thread 6044] vakero was killed by an NPC!
[02:58:35:144513 --7:00] [Thread 5572] JoMilla was killed by an NPC!
[03:05:10:869915 --7:00] [Thread 5572] JoMilla was killed by an NPC!
[03:06:52:999212 --7:00] [Thread 5784] JoMilla was killed by an NPC!
[03:43:40:333636 --7:00] [Thread 4872] CheMiCaL OG was killed by JoMilla! (First Blood)
[09:26:42:094283 --7:00] [Thread 4384] JoMilla was killed by an NPC!
[09:29:08:104688 --7:00] [Thread 4384] JoMilla was killed by an NPC!
[09:36:38:529174 --7:00] [Thread 5468] JoMilla was killed by an NPC!
[09:39:23:635844 --7:00] [Thread 5344] JoMilla was killed by an NPC!
[09:43:47:726960 --7:00] [Thread 5316] JoMilla commited suicide!
[10:00:58:775835 --7:00] [Thread 5468] JoMilla was killed by an NPC!
[11:16:02:862616 --7:00] [Thread 5468] iamseth died for an unknown reason!
[11:27:59:730051 --7:00] [Thread 5468] iamseth commited suicide!
[11:40:26:584376 --7:00] [Thread 5316] JoMilla was killed by iamseth! (First Blood)
[11:42:13:053205 --7:00] [Thread 5468] iamseth was killed by an NPC!
[11:42:14:938114 --7:00] [Thread 5316] JoMilla was killed by an NPC!
[11:43:23:774323 --7:00] [Thread 5572] JoMilla was killed by an NPC!
[11:45:26:051800 --7:00] [Thread 4384] iamseth was killed by an NPC!
[12:04:46:410427 --7:00] [Thread 5316] iamseth died for an unknown reason!
[12:08:50:910164 --7:00] [Thread 4384] iamseth was killed by JoMilla!
[15:51:37:975703 --7:00] [Thread 5292] Ethan Barker was killed by an NPC!
[16:07:59:810647 --7:00] [Thread 4384] Leo commited suicide!
[17:09:12:476268 --7:00] [Thread 5292] Ethan Barker was killed by an NPC!
