[22:43:01:136162 --7:00] [Thread 6044] PLAYER: ( 76561198092067587 ) R Alpha 2-2:1 (vakero) REMOTE SOLD ITEM Exile_Weapon_M1014 FOR 100 POPTABS AND 10 RESPECT | PLAYER TOTAL MONEY: 100
[22:43:02:371238 --7:00] [Thread 5840] PLAYER: ( 76561198092067587 ) R Alpha 2-2:1 (vakero) REMOTE SOLD ITEM Exile_Magazine_8Rnd_74Pellets FOR 10 POPTABS AND 1 RESPECT | PLAYER TOTAL MONEY: 110
[22:43:06:960795 --7:00] [Thread 5672] PLAYER: ( 76561198092067587 ) R Alpha 2-2:1 (vakero) REMOTE SOLD ITEM Exile_Magazine_8Rnd_74Pellets FOR 10 POPTABS AND 1 RESPECT | PLAYER TOTAL MONEY: 120
[22:43:08:215004 --7:00] [Thread 5840] PLAYER: ( 76561198092067587 ) R Alpha 2-2:1 (vakero) REMOTE SOLD ITEM Exile_Magazine_8Rnd_74Pellets FOR 10 POPTABS AND 1 RESPECT | PLAYER TOTAL MONEY: 130
[22:43:09:045694 --7:00] [Thread 5672] PLAYER: ( 76561198092067587 ) R Alpha 2-2:1 (vakero) REMOTE SOLD ITEM Exile_Magazine_8Rnd_74Pellets FOR 10 POPTABS AND 1 RESPECT | PLAYER TOTAL MONEY: 140
[22:43:59:717903 --7:00] [Thread 5672] PLAYER: ( 76561198092067587 ) R Alpha 2-2:1 (vakero) REMOTE PURCHASED ITEM optic_Arco FOR 300 POPTABS | PLAYER TOTAL MONEY: 4840
[22:44:52:537378 --7:00] [Thread 5840] PLAYER: ( 76561198092067587 ) R Alpha 2-2:1 (vakero) REMOTE PURCHASED VEHICLE Exile_Bike_QuadBike_Black FOR 1500 POPTABS | PLAYER TOTAL MONEY: 3340
[23:38:57:978800 --7:00] [Thread 6044] PLAYER: ( 76561198092067587 ) R Alpha 2-2:1 (vakero) REMOTE SOLD ITEM MMG_01_hex_F FOR 800 POPTABS AND 80 RESPECT | PLAYER TOTAL MONEY: 1525
[23:39:00:987228 --7:00] [Thread 5672] PLAYER: ( 76561198092067587 ) R Alpha 2-2:1 (vakero) REMOTE SOLD ITEM Exile_Weapon_Taurus FOR 60 POPTABS AND 6 RESPECT | PLAYER TOTAL MONEY: 1585
[23:39:04:926142 --7:00] [Thread 5840] PLAYER: ( 76561198092067587 ) R Alpha 2-2:1 (vakero) REMOTE SOLD ITEM Exile_Melee_Axe FOR 250 POPTABS AND 25 RESPECT | PLAYER TOTAL MONEY: 1835
[23:39:15:172462 --7:00] [Thread 6044] PLAYER: ( 76561198092067587 ) R Alpha 2-2:1 (vakero) REMOTE SOLD ITEM Exile_Item_InstaDoc FOR 500 POPTABS AND 50 RESPECT | PLAYER TOTAL MONEY: 2335
[23:39:15:896838 --7:00] [Thread 5672] PLAYER: ( 76561198092067587 ) R Alpha 2-2:1 (vakero) REMOTE SOLD ITEM Exile_Item_InstaDoc FOR 500 POPTABS AND 50 RESPECT | PLAYER TOTAL MONEY: 2835
[23:39:20:881764 --7:00] [Thread 5840] PLAYER: ( 76561198092067587 ) R Alpha 2-2:1 (vakero) REMOTE SOLD ITEM 150Rnd_93x64_Mag FOR 50 POPTABS AND 5 RESPECT | PLAYER TOTAL MONEY: 2885
[23:39:21:824868 --7:00] [Thread 6044] PLAYER: ( 76561198092067587 ) R Alpha 2-2:1 (vakero) REMOTE SOLD ITEM 150Rnd_93x64_Mag FOR 50 POPTABS AND 5 RESPECT | PLAYER TOTAL MONEY: 2935
[23:39:28:326954 --7:00] [Thread 5672] PLAYER: ( 76561198092067587 ) R Alpha 2-2:1 (vakero) REMOTE SOLD ITEM B_AssaultPack_dgtl FOR 150 POPTABS AND 15 RESPECT | PLAYER TOTAL MONEY: 3085
[23:39:29:963190 --7:00] [Thread 6044] PLAYER: ( 76561198092067587 ) R Alpha 2-2:1 (vakero) REMOTE SOLD ITEM Exile_Item_PlasticBottleFreshWater FOR 4 POPTABS AND 0.4 RESPECT | PLAYER TOTAL MONEY: 3089
[23:39:31:234477 --7:00] [Thread 5840] PLAYER: ( 76561198092067587 ) R Alpha 2-2:1 (vakero) REMOTE SOLD ITEM 30Rnd_556x45_Stanag FOR 20 POPTABS AND 2 RESPECT | PLAYER TOTAL MONEY: 3109
[23:39:32:258081 --7:00] [Thread 5840] PLAYER: ( 76561198092067587 ) R Alpha 2-2:1 (vakero) REMOTE SOLD ITEM 30Rnd_556x45_Stanag FOR 20 POPTABS AND 2 RESPECT | PLAYER TOTAL MONEY: 3129
[23:39:33:112075 --7:00] [Thread 5840] PLAYER: ( 76561198092067587 ) R Alpha 2-2:1 (vakero) REMOTE SOLD ITEM 30Rnd_556x45_Stanag FOR 20 POPTABS AND 2 RESPECT | PLAYER TOTAL MONEY: 3149
[23:39:34:836233 --7:00] [Thread 6044] PLAYER: ( 76561198092067587 ) R Alpha 2-2:1 (vakero) REMOTE SOLD ITEM 30Rnd_556x45_Stanag FOR 20 POPTABS AND 2 RESPECT | PLAYER TOTAL MONEY: 3169
[23:39:35:950276 --7:00] [Thread 5672] PLAYER: ( 76561198092067587 ) R Alpha 2-2:1 (vakero) REMOTE SOLD ITEM 30Rnd_556x45_Stanag FOR 20 POPTABS AND 2 RESPECT | PLAYER TOTAL MONEY: 3189
[23:39:36:921647 --7:00] [Thread 5840] PLAYER: ( 76561198092067587 ) R Alpha 2-2:1 (vakero) REMOTE SOLD ITEM 30Rnd_556x45_Stanag FOR 20 POPTABS AND 2 RESPECT | PLAYER TOTAL MONEY: 3209
[23:39:38:095487 --7:00] [Thread 5672] PLAYER: ( 76561198092067587 ) R Alpha 2-2:1 (vakero) REMOTE SOLD ITEM 30Rnd_556x45_Stanag FOR 20 POPTABS AND 2 RESPECT | PLAYER TOTAL MONEY: 3229
[23:39:38:884166 --7:00] [Thread 5672] PLAYER: ( 76561198092067587 ) R Alpha 2-2:1 (vakero) REMOTE SOLD ITEM 30Rnd_556x45_Stanag FOR 20 POPTABS AND 2 RESPECT | PLAYER TOTAL MONEY: 3249
[23:39:39:692869 --7:00] [Thread 5672] PLAYER: ( 76561198092067587 ) R Alpha 2-2:1 (vakero) REMOTE SOLD ITEM 30Rnd_65x39_caseless_mag FOR 10 POPTABS AND 1 RESPECT | PLAYER TOTAL MONEY: 3259
[23:39:40:386700 --7:00] [Thread 5840] PLAYER: ( 76561198092067587 ) R Alpha 2-2:1 (vakero) REMOTE SOLD ITEM 30Rnd_556x45_Stanag FOR 20 POPTABS AND 2 RESPECT | PLAYER TOTAL MONEY: 3279
[23:39:41:732379 --7:00] [Thread 6044] PLAYER: ( 76561198092067587 ) R Alpha 2-2:1 (vakero) REMOTE SOLD ITEM 30Rnd_556x45_Stanag FOR 20 POPTABS AND 2 RESPECT | PLAYER TOTAL MONEY: 3299
[23:39:42:377527 --7:00] [Thread 5672] PLAYER: ( 76561198092067587 ) R Alpha 2-2:1 (vakero) REMOTE SOLD ITEM 30Rnd_556x45_Stanag FOR 20 POPTABS AND 2 RESPECT | PLAYER TOTAL MONEY: 3319
[23:39:43:312494 --7:00] [Thread 5840] PLAYER: ( 76561198092067587 ) R Alpha 2-2:1 (vakero) REMOTE SOLD ITEM 30Rnd_556x45_Stanag FOR 20 POPTABS AND 2 RESPECT | PLAYER TOTAL MONEY: 3339
[23:39:45:760104 --7:00] [Thread 6044] PLAYER: ( 76561198092067587 ) R Alpha 2-2:1 (vakero) REMOTE SOLD ITEM Exile_Magazine_10Rnd_9x39 FOR 10 POPTABS AND 1 RESPECT | PLAYER TOTAL MONEY: 3349
[23:39:46:712339 --7:00] [Thread 5840] PLAYER: ( 76561198092067587 ) R Alpha 2-2:1 (vakero) REMOTE SOLD ITEM Exile_Magazine_10Rnd_9x39 FOR 10 POPTABS AND 1 RESPECT | PLAYER TOTAL MONEY: 3359
[23:39:47:563324 --7:00] [Thread 6044] PLAYER: ( 76561198092067587 ) R Alpha 2-2:1 (vakero) REMOTE SOLD ITEM Exile_Magazine_10Rnd_9x39 FOR 10 POPTABS AND 1 RESPECT | PLAYER TOTAL MONEY: 3369
[23:39:48:390998 --7:00] [Thread 5672] PLAYER: ( 76561198092067587 ) R Alpha 2-2:1 (vakero) REMOTE SOLD ITEM Exile_Magazine_10Rnd_9x39 FOR 10 POPTABS AND 1 RESPECT | PLAYER TOTAL MONEY: 3379
[23:39:49:089322 --7:00] [Thread 6044] PLAYER: ( 76561198092067587 ) R Alpha 2-2:1 (vakero) REMOTE SOLD ITEM Exile_Magazine_10Rnd_9x39 FOR 10 POPTABS AND 1 RESPECT | PLAYER TOTAL MONEY: 3389
[23:39:49:831779 --7:00] [Thread 6044] PLAYER: ( 76561198092067587 ) R Alpha 2-2:1 (vakero) REMOTE SOLD ITEM Exile_Magazine_10Rnd_9x39 FOR 10 POPTABS AND 1 RESPECT | PLAYER TOTAL MONEY: 3399
[23:39:50:527283 --7:00] [Thread 5840] PLAYER: ( 76561198092067587 ) R Alpha 2-2:1 (vakero) REMOTE SOLD ITEM Exile_Magazine_10Rnd_9x39 FOR 10 POPTABS AND 1 RESPECT | PLAYER TOTAL MONEY: 3409
[23:39:51:178956 --7:00] [Thread 5672] PLAYER: ( 76561198092067587 ) R Alpha 2-2:1 (vakero) REMOTE SOLD ITEM 6Rnd_45ACP_Cylinder FOR 10 POPTABS AND 1 RESPECT | PLAYER TOTAL MONEY: 3419
[23:39:51:933177 --7:00] [Thread 5840] PLAYER: ( 76561198092067587 ) R Alpha 2-2:1 (vakero) REMOTE SOLD ITEM 6Rnd_45ACP_Cylinder FOR 10 POPTABS AND 1 RESPECT | PLAYER TOTAL MONEY: 3429
[23:39:52:646371 --7:00] [Thread 6044] PLAYER: ( 76561198092067587 ) R Alpha 2-2:1 (vakero) REMOTE SOLD ITEM Exile_Item_InstaDoc FOR 500 POPTABS AND 50 RESPECT | PLAYER TOTAL MONEY: 3929
[23:40:01:033461 --7:00] [Thread 5840] PLAYER: ( 76561198092067587 ) R Alpha 2-2:1 (vakero) REMOTE SOLD ITEM 30Rnd_556x45_Stanag FOR 20 POPTABS AND 2 RESPECT | PLAYER TOTAL MONEY: 3949
[23:40:02:020553 --7:00] [Thread 6044] PLAYER: ( 76561198092067587 ) R Alpha 2-2:1 (vakero) REMOTE SOLD ITEM Exile_Magazine_10Rnd_9x39 FOR 10 POPTABS AND 1 RESPECT | PLAYER TOTAL MONEY: 3959
[23:40:02:954668 --7:00] [Thread 5840] PLAYER: ( 76561198092067587 ) R Alpha 2-2:1 (vakero) REMOTE SOLD ITEM 30Rnd_65x39_caseless_mag FOR 10 POPTABS AND 1 RESPECT | PLAYER TOTAL MONEY: 3969
[23:40:06:439196 --7:00] [Thread 5672] PLAYER: ( 76561198092067587 ) R Alpha 2-2:1 (vakero) REMOTE SOLD ITEM arifle_Mk20_plain_F FOR 150 POPTABS AND 15 RESPECT | PLAYER TOTAL MONEY: 4119
[23:40:07:439575 --7:00] [Thread 5840] PLAYER: ( 76561198092067587 ) R Alpha 2-2:1 (vakero) REMOTE SOLD ITEM srifle_GM6_F FOR 1500 POPTABS AND 150 RESPECT | PLAYER TOTAL MONEY: 5619
[23:40:08:707213 --7:00] [Thread 6044] PLAYER: ( 76561198092067587 ) R Alpha 2-2:1 (vakero) REMOTE SOLD ITEM Exile_Weapon_VSSVintorez FOR 300 POPTABS AND 30 RESPECT | PLAYER TOTAL MONEY: 5919
[23:40:09:775904 --7:00] [Thread 5840] PLAYER: ( 76561198092067587 ) R Alpha 2-2:1 (vakero) REMOTE SOLD ITEM Rangefinder FOR 200 POPTABS AND 20 RESPECT | PLAYER TOTAL MONEY: 6119
[23:40:10:806219 --7:00] [Thread 6044] PLAYER: ( 76561198092067587 ) R Alpha 2-2:1 (vakero) REMOTE SOLD ITEM Exile_Weapon_RPK FOR 125 POPTABS AND 12.5 RESPECT | PLAYER TOTAL MONEY: 6244
[23:40:11:997830 --7:00] [Thread 5840] PLAYER: ( 76561198092067587 ) R Alpha 2-2:1 (vakero) REMOTE SOLD ITEM arifle_MX_Black_F FOR 225 POPTABS AND 22.5 RESPECT | PLAYER TOTAL MONEY: 6469
[23:40:15:281899 --7:00] [Thread 5672] PLAYER: ( 76561198092067587 ) R Alpha 2-2:1 (vakero) REMOTE SOLD ITEM muzzle_snds_m_khk_F FOR 25 POPTABS AND 2.5 RESPECT | PLAYER TOTAL MONEY: 6494
[23:40:17:804434 --7:00] [Thread 5840] PLAYER: ( 76561198092067587 ) R Alpha 2-2:1 (vakero) REMOTE SOLD ITEM optic_LRPS FOR 300 POPTABS AND 30 RESPECT | PLAYER TOTAL MONEY: 6794
[23:40:18:829966 --7:00] [Thread 6044] PLAYER: ( 76561198092067587 ) R Alpha 2-2:1 (vakero) REMOTE SOLD ITEM Exile_Item_XM8 FOR 10 POPTABS AND 1 RESPECT | PLAYER TOTAL MONEY: 6804
[23:40:22:315587 --7:00] [Thread 5840] PLAYER: ( 76561198092067587 ) R Alpha 2-2:1 (vakero) REMOTE SOLD ITEM optic_Arco FOR 150 POPTABS AND 15 RESPECT | PLAYER TOTAL MONEY: 6954
[23:40:23:317726 --7:00] [Thread 5672] PLAYER: ( 76561198092067587 ) R Alpha 2-2:1 (vakero) REMOTE SOLD ITEM ItemGPS FOR 20 POPTABS AND 2 RESPECT | PLAYER TOTAL MONEY: 6974
[23:40:24:516610 --7:00] [Thread 5840] PLAYER: ( 76561198092067587 ) R Alpha 2-2:1 (vakero) REMOTE SOLD ITEM optic_DMS FOR 150 POPTABS AND 15 RESPECT | PLAYER TOTAL MONEY: 7124
[23:40:25:476502 --7:00] [Thread 5672] PLAYER: ( 76561198092067587 ) R Alpha 2-2:1 (vakero) REMOTE SOLD ITEM U_O_V_Soldier_Viper_F FOR 350 POPTABS AND 35 RESPECT | PLAYER TOTAL MONEY: 7474
[23:41:14:288550 --7:00] [Thread 6044] PLAYER: ( 76561198092067587 ) R Alpha 2-2:1 (vakero) REMOTE SOLD ITEM: Exile_Car_UAZ_Open_Green (ID# <null>) with Cargo ["Exile_Item_Surstromming_Cooked"] FOR 4000 POPTABS AND 400 RESPECT | PLAYER TOTAL MONEY: 11474
[23:41:34:575854 --7:00] [Thread 5840] PLAYER: ( 76561198092067587 ) R Alpha 2-2:1 (vakero) REMOTE PURCHASED ITEM muzzle_snds_B_khk_F FOR 50 POPTABS | PLAYER TOTAL MONEY: 11424
[23:41:35:838339 --7:00] [Thread 5672] PLAYER: ( 76561198092067587 ) R Alpha 2-2:1 (vakero) REMOTE PURCHASED ITEM bipod_01_F_khk FOR 50 POPTABS | PLAYER TOTAL MONEY: 11374
[23:41:37:810697 --7:00] [Thread 5840] PLAYER: ( 76561198092067587 ) R Alpha 2-2:1 (vakero) REMOTE PURCHASED ITEM acc_pointer_IR FOR 20 POPTABS | PLAYER TOTAL MONEY: 11354
[23:41:38:810420 --7:00] [Thread 5672] PLAYER: ( 76561198092067587 ) R Alpha 2-2:1 (vakero) REMOTE PURCHASED ITEM 20Rnd_762x51_Mag FOR 50 POPTABS | PLAYER TOTAL MONEY: 11304
[23:41:39:647253 --7:00] [Thread 5840] PLAYER: ( 76561198092067587 ) R Alpha 2-2:1 (vakero) REMOTE PURCHASED ITEM 20Rnd_762x51_Mag FOR 50 POPTABS | PLAYER TOTAL MONEY: 11254
[23:41:40:411227 --7:00] [Thread 5672] PLAYER: ( 76561198092067587 ) R Alpha 2-2:1 (vakero) REMOTE PURCHASED ITEM 20Rnd_762x51_Mag FOR 50 POPTABS | PLAYER TOTAL MONEY: 11204
[23:41:41:108462 --7:00] [Thread 5840] PLAYER: ( 76561198092067587 ) R Alpha 2-2:1 (vakero) REMOTE PURCHASED ITEM 20Rnd_762x51_Mag FOR 50 POPTABS | PLAYER TOTAL MONEY: 11154
[23:41:41:615888 --7:00] [Thread 5672] PLAYER: ( 76561198092067587 ) R Alpha 2-2:1 (vakero) REMOTE PURCHASED ITEM 20Rnd_762x51_Mag FOR 50 POPTABS | PLAYER TOTAL MONEY: 11104
[23:41:42:120161 --7:00] [Thread 5840] PLAYER: ( 76561198092067587 ) R Alpha 2-2:1 (vakero) REMOTE PURCHASED ITEM 20Rnd_762x51_Mag FOR 50 POPTABS | PLAYER TOTAL MONEY: 11054
[23:41:42:579871 --7:00] [Thread 5672] PLAYER: ( 76561198092067587 ) R Alpha 2-2:1 (vakero) REMOTE PURCHASED ITEM 20Rnd_762x51_Mag FOR 50 POPTABS | PLAYER TOTAL MONEY: 11004
[23:41:43:018638 --7:00] [Thread 5840] PLAYER: ( 76561198092067587 ) R Alpha 2-2:1 (vakero) REMOTE PURCHASED ITEM 20Rnd_762x51_Mag FOR 50 POPTABS | PLAYER TOTAL MONEY: 10954
[23:41:43:476710 --7:00] [Thread 5672] PLAYER: ( 76561198092067587 ) R Alpha 2-2:1 (vakero) REMOTE PURCHASED ITEM 20Rnd_762x51_Mag FOR 50 POPTABS | PLAYER TOTAL MONEY: 10904
[14:56:06:760741 --7:00] [Thread 5892] PLAYER: ( 76561198151637619 ) R Alpha 1-3:1 (JoMilla) REMOTE PURCHASED ITEM Exile_Item_Foolbox FOR 4000 POPTABS | PLAYER TOTAL MONEY: 1000
[14:56:10:946375 --7:00] [Thread 4532] PLAYER: ( 76561198151637619 ) R Alpha 1-3:1 (JoMilla) REMOTE PURCHASED ITEM Exile_Item_CookingPot FOR 100 POPTABS | PLAYER TOTAL MONEY: 900
[14:56:16:198410 --7:00] [Thread 5892] PLAYER: ( 76561198151637619 ) R Alpha 1-3:1 (JoMilla) REMOTE PURCHASED ITEM Exile_Item_DuctTape FOR 300 POPTABS | PLAYER TOTAL MONEY: 600
[14:56:17:121020 --7:00] [Thread 4532] PLAYER: ( 76561198151637619 ) R Alpha 1-3:1 (JoMilla) REMOTE PURCHASED ITEM Exile_Item_DuctTape FOR 300 POPTABS | PLAYER TOTAL MONEY: 300
[14:56:18:099080 --7:00] [Thread 5892] PLAYER: ( 76561198151637619 ) R Alpha 1-3:1 (JoMilla) REMOTE PURCHASED ITEM Exile_Item_DuctTape FOR 300 POPTABS | PLAYER TOTAL MONEY: 0
[14:56:55:080350 --7:00] [Thread 4532] PLAYER: ( 76561198151637619 ) R Alpha 1-3:1 (JoMilla) REMOTE PURCHASED ITEM O_HMG_01_weapon_F FOR 5000 POPTABS | PLAYER TOTAL MONEY: 45000
[14:57:39:891176 --7:00] [Thread 5892] PLAYER: ( 76561198151637619 ) R Alpha 1-3:1 (JoMilla) REMOTE PURCHASED ITEM Exile_Item_Defibrillator FOR 3000 POPTABS | PLAYER TOTAL MONEY: 42000
[14:57:40:877264 --7:00] [Thread 4532] PLAYER: ( 76561198151637619 ) R Alpha 1-3:1 (JoMilla) REMOTE PURCHASED ITEM Exile_Item_Defibrillator FOR 3000 POPTABS | PLAYER TOTAL MONEY: 39000
[14:59:42:649212 --7:00] [Thread 5892] PLAYER: ( 76561198151637619 ) R Alpha 1-3:1 (JoMilla) REMOTE PURCHASED ITEM O_HMG_01_support_F FOR 1000 POPTABS | PLAYER TOTAL MONEY: 38000
[15:01:04:493330 --7:00] [Thread 4532] PLAYER: ( 76561198151637619 ) R Alpha 1-3:1 (JoMilla) REMOTE PURCHASED ITEM hgun_Pistol_Signal_F FOR 200 POPTABS | PLAYER TOTAL MONEY: 37800
[15:01:07:969917 --7:00] [Thread 5892] PLAYER: ( 76561198151637619 ) R Alpha 1-3:1 (JoMilla) REMOTE PURCHASED ITEM 6Rnd_RedSignal_F FOR 50 POPTABS | PLAYER TOTAL MONEY: 37750
[15:01:41:426169 --7:00] [Thread 4532] PLAYER: ( 76561198151637619 ) R Alpha 1-3:1 (JoMilla) REMOTE PURCHASED ITEM B_Bergen_tna_F FOR 600 POPTABS | PLAYER TOTAL MONEY: 37150
[15:01:52:126583 --7:00] [Thread 5892] PLAYER: ( 76561198151637619 ) R Alpha 1-3:1 (JoMilla) REMOTE PURCHASED ITEM 6Rnd_RedSignal_F FOR 50 POPTABS | PLAYER TOTAL MONEY: 37100
[15:01:53:935013 --7:00] [Thread 4532] PLAYER: ( 76561198151637619 ) R Alpha 1-3:1 (JoMilla) REMOTE PURCHASED ITEM 6Rnd_GreenSignal_F FOR 50 POPTABS | PLAYER TOTAL MONEY: 37050
[15:01:54:308491 --7:00] [Thread 5892] PLAYER: ( 76561198151637619 ) R Alpha 1-3:1 (JoMilla) REMOTE PURCHASED ITEM 6Rnd_GreenSignal_F FOR 50 POPTABS | PLAYER TOTAL MONEY: 37000
[15:01:54:680936 --7:00] [Thread 4532] PLAYER: ( 76561198151637619 ) R Alpha 1-3:1 (JoMilla) REMOTE PURCHASED ITEM 6Rnd_GreenSignal_F FOR 50 POPTABS | PLAYER TOTAL MONEY: 36950
[15:01:55:033300 --7:00] [Thread 5892] PLAYER: ( 76561198151637619 ) R Alpha 1-3:1 (JoMilla) REMOTE PURCHASED ITEM 6Rnd_GreenSignal_F FOR 50 POPTABS | PLAYER TOTAL MONEY: 36900
[15:01:55:408769 --7:00] [Thread 4532] PLAYER: ( 76561198151637619 ) R Alpha 1-3:1 (JoMilla) REMOTE PURCHASED ITEM 6Rnd_GreenSignal_F FOR 50 POPTABS | PLAYER TOTAL MONEY: 36850
[15:01:56:266370 --7:00] [Thread 5892] PLAYER: ( 76561198151637619 ) R Alpha 1-3:1 (JoMilla) REMOTE PURCHASED ITEM 6Rnd_RedSignal_F FOR 50 POPTABS | PLAYER TOTAL MONEY: 36800
[15:01:56:767772 --7:00] [Thread 4532] PLAYER: ( 76561198151637619 ) R Alpha 1-3:1 (JoMilla) REMOTE PURCHASED ITEM 6Rnd_RedSignal_F FOR 50 POPTABS | PLAYER TOTAL MONEY: 36750
[15:01:57:140935 --7:00] [Thread 5892] PLAYER: ( 76561198151637619 ) R Alpha 1-3:1 (JoMilla) REMOTE PURCHASED ITEM 6Rnd_RedSignal_F FOR 50 POPTABS | PLAYER TOTAL MONEY: 36700
[15:01:57:560769 --7:00] [Thread 4532] PLAYER: ( 76561198151637619 ) R Alpha 1-3:1 (JoMilla) REMOTE PURCHASED ITEM 6Rnd_RedSignal_F FOR 50 POPTABS | PLAYER TOTAL MONEY: 36650
[15:01:57:958481 --7:00] [Thread 5892] PLAYER: ( 76561198151637619 ) R Alpha 1-3:1 (JoMilla) REMOTE PURCHASED ITEM 6Rnd_RedSignal_F FOR 50 POPTABS | PLAYER TOTAL MONEY: 36600
[15:02:09:380846 --7:00] [Thread 4532] PLAYER: ( 76561198151637619 ) R Alpha 1-3:1 (JoMilla) REMOTE PURCHASED ITEM srifle_LRR_tna_F FOR 2750 POPTABS | PLAYER TOTAL MONEY: 33850
[15:02:10:684324 --7:00] [Thread 5892] PLAYER: ( 76561198151637619 ) R Alpha 1-3:1 (JoMilla) REMOTE PURCHASED ITEM optic_Nightstalker FOR 1500 POPTABS | PLAYER TOTAL MONEY: 32350
[15:02:17:809215 --7:00] [Thread 4532] PLAYER: ( 76561198151637619 ) R Alpha 1-3:1 (JoMilla) REMOTE PURCHASED ITEM 7Rnd_408_Mag FOR 40 POPTABS | PLAYER TOTAL MONEY: 32310
[15:02:18:329749 --7:00] [Thread 5892] PLAYER: ( 76561198151637619 ) R Alpha 1-3:1 (JoMilla) REMOTE PURCHASED ITEM 7Rnd_408_Mag FOR 40 POPTABS | PLAYER TOTAL MONEY: 32270
[15:02:18:722452 --7:00] [Thread 4532] PLAYER: ( 76561198151637619 ) R Alpha 1-3:1 (JoMilla) REMOTE PURCHASED ITEM 7Rnd_408_Mag FOR 40 POPTABS | PLAYER TOTAL MONEY: 32230
[15:02:19:081217 --7:00] [Thread 5892] PLAYER: ( 76561198151637619 ) R Alpha 1-3:1 (JoMilla) REMOTE PURCHASED ITEM 7Rnd_408_Mag FOR 40 POPTABS | PLAYER TOTAL MONEY: 32190
[15:02:19:454288 --7:00] [Thread 4532] PLAYER: ( 76561198151637619 ) R Alpha 1-3:1 (JoMilla) REMOTE PURCHASED ITEM 7Rnd_408_Mag FOR 40 POPTABS | PLAYER TOTAL MONEY: 32150
[15:02:19:782861 --7:00] [Thread 5892] PLAYER: ( 76561198151637619 ) R Alpha 1-3:1 (JoMilla) REMOTE PURCHASED ITEM 7Rnd_408_Mag FOR 40 POPTABS | PLAYER TOTAL MONEY: 32110
[15:02:20:159446 --7:00] [Thread 4532] PLAYER: ( 76561198151637619 ) R Alpha 1-3:1 (JoMilla) REMOTE PURCHASED ITEM 7Rnd_408_Mag FOR 40 POPTABS | PLAYER TOTAL MONEY: 32070
[15:02:25:076132 --7:00] [Thread 5892] PLAYER: ( 76561198151637619 ) R Alpha 1-3:1 (JoMilla) REMOTE PURCHASED ITEM optic_LRPS FOR 600 POPTABS | PLAYER TOTAL MONEY: 31470
[15:02:27:439646 --7:00] [Thread 4532] PLAYER: ( 76561198151637619 ) R Alpha 1-3:1 (JoMilla) REMOTE PURCHASED ITEM optic_LRPS_ghex_F FOR 600 POPTABS | PLAYER TOTAL MONEY: 30870
[15:02:28:910562 --7:00] [Thread 5892] PLAYER: ( 76561198151637619 ) R Alpha 1-3:1 (JoMilla) REMOTE PURCHASED ITEM optic_LRPS_tna_F FOR 600 POPTABS | PLAYER TOTAL MONEY: 30270
[15:02:49:066483 --7:00] [Thread 4532] PLAYER: ( 76561198151637619 ) R Alpha 1-3:1 (JoMilla) REMOTE PURCHASED ITEM Exile_Item_EMRE FOR 200 POPTABS | PLAYER TOTAL MONEY: 30070
[15:02:49:546530 --7:00] [Thread 5892] PLAYER: ( 76561198151637619 ) R Alpha 1-3:1 (JoMilla) REMOTE PURCHASED ITEM Exile_Item_EMRE FOR 200 POPTABS | PLAYER TOTAL MONEY: 29870
[16:04:00:735091 --7:00] [Thread 5292] PLAYER: ( 76561198082032817 ) R Alpha 1-2:1 (Ethan Barker) REMOTE SOLD ITEM B_Bergen_tna_F FOR 300 POPTABS AND 30 RESPECT | PLAYER TOTAL MONEY: 48705
[16:10:35:619406 --7:00] [Thread 5064] PLAYER: ( 76561198082032817 ) R Alpha 1-2:1 (Ethan Barker) REMOTE SOLD ITEM: Exile_Car_Strider (ID# 42) with Cargo ["srifle_LRR_tna_F","optic_AMS_snd","Exile_Magazine_7Rnd_408_Bullet_Cam_Mag"] FOR 1790 POPTABS AND 179 RESPECT | PLAYER TOTAL MONEY: 50495
[16:10:40:369591 --7:00] [Thread 5064] PLAYER: ( 76561198082032817 ) R Alpha 1-2:1 (Ethan Barker) REMOTE SOLD ITEM: Exile_Car_Strider (ID# 42) with Cargo [] FOR 15000 POPTABS AND 1500 RESPECT | PLAYER TOTAL MONEY: 65495
[16:11:33:219826 --7:00] [Thread 5292] PLAYER: ( 76561198082032817 ) R Alpha 1-2:1 (Ethan Barker) REMOTE PURCHASED VEHICLE Exile_Chopper_Huey_Armed_Green FOR 15000 POPTABS | PLAYER TOTAL MONEY: 50495
[16:13:00:153893 --7:00] [Thread 4084] PLAYER: ( 76561198082032817 ) R Alpha 1-2:1 (Ethan Barker) REMOTE PURCHASED ITEM H_HelmetB_TI_tna_F FOR 300 POPTABS | PLAYER TOTAL MONEY: 50195
[16:13:07:552543 --7:00] [Thread 4384] PLAYER: ( 76561198082032817 ) R Alpha 1-2:1 (Ethan Barker) REMOTE PURCHASED ITEM G_Combat_Goggles_tna_F FOR 6 POPTABS | PLAYER TOTAL MONEY: 50189
[16:13:49:475526 --7:00] [Thread 4084] PLAYER: ( 76561198082032817 ) R Alpha 1-2:1 (Ethan Barker) REMOTE PURCHASED ITEM U_B_CTRG_Soldier_F FOR 400 POPTABS | PLAYER TOTAL MONEY: 49789
[16:14:22:787066 --7:00] [Thread 4384] PLAYER: ( 76561198082032817 ) R Alpha 1-2:1 (Ethan Barker) REMOTE PURCHASED ITEM V_PlateCarrier1_rgr FOR 400 POPTABS | PLAYER TOTAL MONEY: 49389
[16:15:14:237476 --7:00] [Thread 4084] PLAYER: ( 76561198082032817 ) R Alpha 1-2:1 (Ethan Barker) REMOTE PURCHASED ITEM B_AssaultPack_khk FOR 300 POPTABS | PLAYER TOTAL MONEY: 49089
[16:15:18:817157 --7:00] [Thread 4384] PLAYER: ( 76561198082032817 ) R Alpha 1-2:1 (Ethan Barker) REMOTE PURCHASED ITEM Exile_Item_InstaDoc FOR 1000 POPTABS | PLAYER TOTAL MONEY: 48089
[16:15:22:728967 --7:00] [Thread 4084] PLAYER: ( 76561198082032817 ) R Alpha 1-2:1 (Ethan Barker) REMOTE PURCHASED ITEM Exile_Item_Bandage FOR 100 POPTABS | PLAYER TOTAL MONEY: 47989
[16:15:27:642142 --7:00] [Thread 4384] PLAYER: ( 76561198082032817 ) R Alpha 1-2:1 (Ethan Barker) REMOTE PURCHASED ITEM Exile_Item_Vishpirin FOR 300 POPTABS | PLAYER TOTAL MONEY: 47689
[16:16:47:577089 --7:00] [Thread 4084] PLAYER: ( 76561198082032817 ) R Alpha 1-2:1 (Ethan Barker) REMOTE PURCHASED ITEM arifle_MXM_F FOR 600 POPTABS | PLAYER TOTAL MONEY: 47089
[16:16:55:160858 --7:00] [Thread 4384] PLAYER: ( 76561198082032817 ) R Alpha 1-2:1 (Ethan Barker) REMOTE PURCHASED ITEM optic_MRCO FOR 300 POPTABS | PLAYER TOTAL MONEY: 46789
[16:17:04:403334 --7:00] [Thread 4084] PLAYER: ( 76561198082032817 ) R Alpha 1-2:1 (Ethan Barker) REMOTE PURCHASED ITEM 100Rnd_65x39_caseless_mag FOR 100 POPTABS | PLAYER TOTAL MONEY: 46689
[16:17:05:548572 --7:00] [Thread 4384] PLAYER: ( 76561198082032817 ) R Alpha 1-2:1 (Ethan Barker) REMOTE PURCHASED ITEM 100Rnd_65x39_caseless_mag FOR 100 POPTABS | PLAYER TOTAL MONEY: 46589
[16:17:06:541661 --7:00] [Thread 4084] PLAYER: ( 76561198082032817 ) R Alpha 1-2:1 (Ethan Barker) REMOTE PURCHASED ITEM 100Rnd_65x39_caseless_mag FOR 100 POPTABS | PLAYER TOTAL MONEY: 46489
[16:17:08:365984 --7:00] [Thread 4384] PLAYER: ( 76561198082032817 ) R Alpha 1-2:1 (Ethan Barker) REMOTE PURCHASED ITEM 100Rnd_65x39_caseless_mag FOR 100 POPTABS | PLAYER TOTAL MONEY: 46389
[16:17:09:532381 --7:00] [Thread 4084] PLAYER: ( 76561198082032817 ) R Alpha 1-2:1 (Ethan Barker) REMOTE PURCHASED ITEM 100Rnd_65x39_caseless_mag FOR 100 POPTABS | PLAYER TOTAL MONEY: 46289
[16:17:10:559877 --7:00] [Thread 4384] PLAYER: ( 76561198082032817 ) R Alpha 1-2:1 (Ethan Barker) REMOTE PURCHASED ITEM 100Rnd_65x39_caseless_mag FOR 100 POPTABS | PLAYER TOTAL MONEY: 46189
[16:17:19:908119 --7:00] [Thread 4084] PLAYER: ( 76561198082032817 ) R Alpha 1-2:1 (Ethan Barker) REMOTE PURCHASED ITEM acc_pointer_IR FOR 20 POPTABS | PLAYER TOTAL MONEY: 46169
[16:38:34:302386 --7:00] [Thread 5292] PLAYER: ( 76561198082032817 ) R Alpha 1-2:1 (Ethan Barker) REMOTE SOLD ITEM arifle_MXM_F FOR 300 POPTABS AND 30 RESPECT | PLAYER TOTAL MONEY: 46469
[16:39:33:756535 --7:00] [Thread 4384] PLAYER: ( 76561198082032817 ) R Alpha 1-2:1 (Ethan Barker) REMOTE PURCHASED ITEM srifle_LRR_camo_F FOR 2750 POPTABS | PLAYER TOTAL MONEY: 43719
[16:40:08:065151 --7:00] [Thread 5292] PLAYER: ( 76561198082032817 ) R Alpha 1-2:1 (Ethan Barker) REMOTE PURCHASED ITEM optic_ERCO_khk_F FOR 150 POPTABS | PLAYER TOTAL MONEY: 43569
[16:40:22:502413 --7:00] [Thread 4384] PLAYER: ( 76561198082032817 ) R Alpha 1-2:1 (Ethan Barker) REMOTE PURCHASED ITEM 7Rnd_408_Mag FOR 40 POPTABS | PLAYER TOTAL MONEY: 43529
[16:40:23:375818 --7:00] [Thread 5292] PLAYER: ( 76561198082032817 ) R Alpha 1-2:1 (Ethan Barker) REMOTE PURCHASED ITEM 7Rnd_408_Mag FOR 40 POPTABS | PLAYER TOTAL MONEY: 43489
[16:40:24:268471 --7:00] [Thread 4384] PLAYER: ( 76561198082032817 ) R Alpha 1-2:1 (Ethan Barker) REMOTE PURCHASED ITEM 7Rnd_408_Mag FOR 40 POPTABS | PLAYER TOTAL MONEY: 43449
[16:40:25:064233 --7:00] [Thread 5292] PLAYER: ( 76561198082032817 ) R Alpha 1-2:1 (Ethan Barker) REMOTE PURCHASED ITEM 7Rnd_408_Mag FOR 40 POPTABS | PLAYER TOTAL MONEY: 43409
[16:40:25:855795 --7:00] [Thread 4384] PLAYER: ( 76561198082032817 ) R Alpha 1-2:1 (Ethan Barker) REMOTE PURCHASED ITEM 7Rnd_408_Mag FOR 40 POPTABS | PLAYER TOTAL MONEY: 43369
[16:40:39:347645 --7:00] [Thread 5292] PLAYER: ( 76561198082032817 ) R Alpha 1-2:1 (Ethan Barker) REMOTE PURCHASED ITEM B_AssaultPack_sgg FOR 300 POPTABS | PLAYER TOTAL MONEY: 43069
[16:40:49:906425 --7:00] [Thread 4384] PLAYER: ( 76561198082032817 ) R Alpha 1-2:1 (Ethan Barker) REMOTE PURCHASED ITEM 7Rnd_408_Mag FOR 40 POPTABS | PLAYER TOTAL MONEY: 43029
[16:40:50:761219 --7:00] [Thread 5292] PLAYER: ( 76561198082032817 ) R Alpha 1-2:1 (Ethan Barker) REMOTE PURCHASED ITEM 7Rnd_408_Mag FOR 40 POPTABS | PLAYER TOTAL MONEY: 42989
[16:40:51:752486 --7:00] [Thread 4384] PLAYER: ( 76561198082032817 ) R Alpha 1-2:1 (Ethan Barker) REMOTE PURCHASED ITEM 7Rnd_408_Mag FOR 40 POPTABS | PLAYER TOTAL MONEY: 42949
[16:41:33:056162 --7:00] [Thread 5292] PLAYER: ( 76561198082032817 ) R Alpha 1-2:1 (Ethan Barker) REMOTE PURCHASED ITEM Exile_Item_EnergyDrink FOR 150 POPTABS | PLAYER TOTAL MONEY: 42799
[16:41:34:215490 --7:00] [Thread 4384] PLAYER: ( 76561198082032817 ) R Alpha 1-2:1 (Ethan Barker) REMOTE PURCHASED ITEM Exile_Item_EnergyDrink FOR 150 POPTABS | PLAYER TOTAL MONEY: 42649
[16:41:52:126796 --7:00] [Thread 5292] PLAYER: ( 76561198082032817 ) R Alpha 1-2:1 (Ethan Barker) REMOTE PURCHASED ITEM Exile_Item_Noodles FOR 50 POPTABS | PLAYER TOTAL MONEY: 42599
[16:41:52:938466 --7:00] [Thread 4384] PLAYER: ( 76561198082032817 ) R Alpha 1-2:1 (Ethan Barker) REMOTE PURCHASED ITEM Exile_Item_Noodles FOR 50 POPTABS | PLAYER TOTAL MONEY: 42549
[16:41:53:746475 --7:00] [Thread 5292] PLAYER: ( 76561198082032817 ) R Alpha 1-2:1 (Ethan Barker) REMOTE PURCHASED ITEM Exile_Item_Noodles FOR 50 POPTABS | PLAYER TOTAL MONEY: 42499
[16:42:52:852949 --7:00] [Thread 4384] PLAYER: ( 76561198082032817 ) R Alpha 1-2:1 (Ethan Barker) REMOTE PURCHASED ITEM Exile_Item_DuctTape FOR 300 POPTABS | PLAYER TOTAL MONEY: 42199
[16:42:55:196051 --7:00] [Thread 5292] PLAYER: ( 76561198082032817 ) R Alpha 1-2:1 (Ethan Barker) REMOTE PURCHASED ITEM Exile_Item_Handsaw FOR 500 POPTABS | PLAYER TOTAL MONEY: 41699
[16:42:58:068511 --7:00] [Thread 4384] PLAYER: ( 76561198082032817 ) R Alpha 1-2:1 (Ethan Barker) REMOTE PURCHASED ITEM Exile_Item_Pliers FOR 350 POPTABS | PLAYER TOTAL MONEY: 41349
[16:43:06:739554 --7:00] [Thread 5292] PLAYER: ( 76561198082032817 ) R Alpha 1-2:1 (Ethan Barker) REMOTE PURCHASED ITEM Binocular FOR 100 POPTABS | PLAYER TOTAL MONEY: 41249
[16:43:11:505587 --7:00] [Thread 4384] PLAYER: ( 76561198082032817 ) R Alpha 1-2:1 (Ethan Barker) REMOTE PURCHASED ITEM Exile_Item_ExtensionCord FOR 50 POPTABS | PLAYER TOTAL MONEY: 41199
[17:20:12:192987 --7:00] [Thread 4084] PLAYER: ( 76561198082032817 ) R Alpha 1-2:1 (Ethan Barker) REMOTE SOLD ITEM Exile_Weapon_M1014 FOR 110 POPTABS AND 11 RESPECT | PLAYER TOTAL MONEY: 110
[17:20:13:945754 --7:00] [Thread 5064] PLAYER: ( 76561198082032817 ) R Alpha 1-2:1 (Ethan Barker) REMOTE SOLD ITEM B_OutdoorPack_blk FOR 100 POPTABS AND 10 RESPECT | PLAYER TOTAL MONEY: 210
[17:20:16:207749 --7:00] [Thread 636] PLAYER: ( 76561198082032817 ) R Alpha 1-2:1 (Ethan Barker) REMOTE SOLD ITEM V_Rangemaster_belt FOR 50 POPTABS AND 5 RESPECT | PLAYER TOTAL MONEY: 260
[17:20:18:172296 --7:00] [Thread 4084] PLAYER: ( 76561198082032817 ) R Alpha 1-2:1 (Ethan Barker) REMOTE SOLD ITEM hgun_Rook40_F FOR 100 POPTABS AND 10 RESPECT | PLAYER TOTAL MONEY: 360
[17:21:24:407016 --7:00] [Thread 4084] PLAYER: ( 76561198082032817 ) R Alpha 1-2:1 (Ethan Barker) REMOTE PURCHASED ITEM H_Shemag_olive_hs FOR 100 POPTABS | PLAYER TOTAL MONEY: 10260
[17:21:40:065519 --7:00] [Thread 636] PLAYER: ( 76561198082032817 ) R Alpha 1-2:1 (Ethan Barker) REMOTE PURCHASED ITEM G_Combat FOR 6 POPTABS | PLAYER TOTAL MONEY: 10254
[17:21:53:032293 --7:00] [Thread 4084] PLAYER: ( 76561198082032817 ) R Alpha 1-2:1 (Ethan Barker) REMOTE PURCHASED ITEM U_B_CTRG_Soldier_3_F FOR 400 POPTABS | PLAYER TOTAL MONEY: 9854
[17:21:59:368566 --7:00] [Thread 636] PLAYER: ( 76561198082032817 ) R Alpha 1-2:1 (Ethan Barker) REMOTE PURCHASED ITEM V_PlateCarrier1_rgr FOR 400 POPTABS | PLAYER TOTAL MONEY: 9454
[17:22:05:975492 --7:00] [Thread 4084] PLAYER: ( 76561198082032817 ) R Alpha 1-2:1 (Ethan Barker) REMOTE PURCHASED ITEM B_AssaultPack_khk FOR 300 POPTABS | PLAYER TOTAL MONEY: 9154
[17:22:11:324350 --7:00] [Thread 636] PLAYER: ( 76561198082032817 ) R Alpha 1-2:1 (Ethan Barker) REMOTE PURCHASED ITEM Exile_Item_InstaDoc FOR 1000 POPTABS | PLAYER TOTAL MONEY: 8154
[17:22:43:704652 --7:00] [Thread 4084] PLAYER: ( 76561198082032817 ) R Alpha 1-2:1 (Ethan Barker) REMOTE PURCHASED ITEM arifle_MXM_Black_F FOR 600 POPTABS | PLAYER TOTAL MONEY: 7554
[17:23:08:056309 --7:00] [Thread 636] PLAYER: ( 76561198082032817 ) R Alpha 1-2:1 (Ethan Barker) REMOTE PURCHASED ITEM 30Rnd_65x39_caseless_green FOR 50 POPTABS | PLAYER TOTAL MONEY: 7504
[17:24:01:899317 --7:00] [Thread 4084] PLAYER: ( 76561198082032817 ) R Alpha 1-2:1 (Ethan Barker) REMOTE PURCHASED ITEM Exile_Magazine_75Rnd_545x39_RPK_Green FOR 20 POPTABS | PLAYER TOTAL MONEY: 7484
[17:24:06:955547 --7:00] [Thread 636] PLAYER: ( 76561198082032817 ) R Alpha 1-2:1 (Ethan Barker) REMOTE PURCHASED ITEM 100Rnd_65x39_caseless_mag FOR 100 POPTABS | PLAYER TOTAL MONEY: 7384
[17:24:14:472323 --7:00] [Thread 4084] PLAYER: ( 76561198082032817 ) R Alpha 1-2:1 (Ethan Barker) REMOTE PURCHASED ITEM 10Rnd_762x54_Mag FOR 50 POPTABS | PLAYER TOTAL MONEY: 7334
[17:24:15:707720 --7:00] [Thread 636] PLAYER: ( 76561198082032817 ) R Alpha 1-2:1 (Ethan Barker) REMOTE PURCHASED ITEM 20Rnd_762x51_Mag FOR 50 POPTABS | PLAYER TOTAL MONEY: 7284
[17:24:18:243444 --7:00] [Thread 4084] PLAYER: ( 76561198082032817 ) R Alpha 1-2:1 (Ethan Barker) REMOTE PURCHASED ITEM 30Rnd_65x39_caseless_green FOR 50 POPTABS | PLAYER TOTAL MONEY: 7234
[17:24:38:510255 --7:00] [Thread 636] PLAYER: ( 76561198082032817 ) R Alpha 1-2:1 (Ethan Barker) REMOTE PURCHASED ITEM muzzle_snds_H_MG_blk_F FOR 50 POPTABS | PLAYER TOTAL MONEY: 7184
[17:25:23:709359 --7:00] [Thread 5064] PLAYER: ( 76561198082032817 ) R Alpha 1-2:1 (Ethan Barker) REMOTE SOLD ITEM arifle_MXM_Black_F FOR 325 POPTABS AND 32.5 RESPECT | PLAYER TOTAL MONEY: 7509
[17:25:36:989815 --7:00] [Thread 4084] PLAYER: ( 76561198082032817 ) R Alpha 1-2:1 (Ethan Barker) REMOTE PURCHASED ITEM arifle_MXM_F FOR 600 POPTABS | PLAYER TOTAL MONEY: 6909
[17:25:48:238113 --7:00] [Thread 636] PLAYER: ( 76561198082032817 ) R Alpha 1-2:1 (Ethan Barker) REMOTE SOLD ITEM arifle_MXM_F FOR 300 POPTABS AND 30 RESPECT | PLAYER TOTAL MONEY: 7209
[17:26:05:308849 --7:00] [Thread 5064] PLAYER: ( 76561198082032817 ) R Alpha 1-2:1 (Ethan Barker) REMOTE PURCHASED ITEM srifle_GM6_F FOR 3000 POPTABS | PLAYER TOTAL MONEY: 4209
[17:26:26:462748 --7:00] [Thread 4084] PLAYER: ( 76561198082032817 ) R Alpha 1-2:1 (Ethan Barker) REMOTE SOLD ITEM srifle_GM6_F FOR 1500 POPTABS AND 150 RESPECT | PLAYER TOTAL MONEY: 5709
[17:26:28:929714 --7:00] [Thread 636] PLAYER: ( 76561198082032817 ) R Alpha 1-2:1 (Ethan Barker) REMOTE PURCHASED ITEM srifle_LRR_F FOR 2750 POPTABS | PLAYER TOTAL MONEY: 2959
[17:26:37:184793 --7:00] [Thread 4084] PLAYER: ( 76561198082032817 ) R Alpha 1-2:1 (Ethan Barker) REMOTE PURCHASED ITEM 7Rnd_408_Mag FOR 40 POPTABS | PLAYER TOTAL MONEY: 2919
[17:26:38:206065 --7:00] [Thread 636] PLAYER: ( 76561198082032817 ) R Alpha 1-2:1 (Ethan Barker) REMOTE PURCHASED ITEM 7Rnd_408_Mag FOR 40 POPTABS | PLAYER TOTAL MONEY: 2879
[17:26:39:007489 --7:00] [Thread 4084] PLAYER: ( 76561198082032817 ) R Alpha 1-2:1 (Ethan Barker) REMOTE PURCHASED ITEM 7Rnd_408_Mag FOR 40 POPTABS | PLAYER TOTAL MONEY: 2839
[17:26:39:334339 --7:00] [Thread 636] PLAYER: ( 76561198082032817 ) R Alpha 1-2:1 (Ethan Barker) REMOTE PURCHASED ITEM 7Rnd_408_Mag FOR 40 POPTABS | PLAYER TOTAL MONEY: 2799
[17:26:42:367772 --7:00] [Thread 4084] PLAYER: ( 76561198082032817 ) R Alpha 1-2:1 (Ethan Barker) REMOTE PURCHASED ITEM 7Rnd_408_Mag FOR 40 POPTABS | PLAYER TOTAL MONEY: 2759
[17:26:43:327933 --7:00] [Thread 636] PLAYER: ( 76561198082032817 ) R Alpha 1-2:1 (Ethan Barker) REMOTE PURCHASED ITEM 7Rnd_408_Mag FOR 40 POPTABS | PLAYER TOTAL MONEY: 2719
[17:26:44:570123 --7:00] [Thread 4084] PLAYER: ( 76561198082032817 ) R Alpha 1-2:1 (Ethan Barker) REMOTE PURCHASED ITEM 7Rnd_408_Mag FOR 40 POPTABS | PLAYER TOTAL MONEY: 2679
[17:26:54:098004 --7:00] [Thread 636] PLAYER: ( 76561198082032817 ) R Alpha 1-2:1 (Ethan Barker) REMOTE PURCHASED ITEM optic_MRCO FOR 300 POPTABS | PLAYER TOTAL MONEY: 2379
[17:27:48:564442 --7:00] [Thread 4084] PLAYER: ( 76561198082032817 ) R Alpha 1-2:1 (Ethan Barker) REMOTE PURCHASED ITEM Exile_Item_Noodles FOR 50 POPTABS | PLAYER TOTAL MONEY: 2329
[17:27:49:571113 --7:00] [Thread 636] PLAYER: ( 76561198082032817 ) R Alpha 1-2:1 (Ethan Barker) REMOTE PURCHASED ITEM Exile_Item_Noodles FOR 50 POPTABS | PLAYER TOTAL MONEY: 2279
[17:27:53:761411 --7:00] [Thread 4084] PLAYER: ( 76561198082032817 ) R Alpha 1-2:1 (Ethan Barker) REMOTE PURCHASED ITEM Exile_Item_EnergyDrink FOR 150 POPTABS | PLAYER TOTAL MONEY: 2129
[17:27:54:775751 --7:00] [Thread 636] PLAYER: ( 76561198082032817 ) R Alpha 1-2:1 (Ethan Barker) REMOTE PURCHASED ITEM Exile_Item_EnergyDrink FOR 150 POPTABS | PLAYER TOTAL MONEY: 1979
[17:28:24:347185 --7:00] [Thread 4084] PLAYER: ( 76561198082032817 ) R Alpha 1-2:1 (Ethan Barker) REMOTE PURCHASED ITEM Exile_Item_Grinder FOR 1250 POPTABS | PLAYER TOTAL MONEY: 729
[17:28:28:697535 --7:00] [Thread 636] PLAYER: ( 76561198082032817 ) R Alpha 1-2:1 (Ethan Barker) REMOTE PURCHASED ITEM Exile_Item_Handsaw FOR 500 POPTABS | PLAYER TOTAL MONEY: 229
[17:30:22:799733 --7:00] [Thread 636] PLAYER: ( 76561198082032817 ) R Alpha 1-2:1 (Ethan Barker) REMOTE PURCHASED ITEM Exile_Item_Pliers FOR 350 POPTABS | PLAYER TOTAL MONEY: 9879
[17:32:27:394143 --7:00] [Thread 5064] PLAYER: ( 76561198082032817 ) R Alpha 1-2:1 (Ethan Barker) REMOTE PURCHASED VEHICLE Exile_Car_Hatchback_Sport_Red FOR 7000 POPTABS | PLAYER TOTAL MONEY: 2879
