[21:55:00:444412 --7:00] [Thread 5888] PLAYER: ( 76561198083583044 ) R Alpha 1-2:1 (Cyril) REMOTE SOLD ITEM hgun_PDW2000_F FOR 150 POPTABS AND 15 RESPECT | PLAYER TOTAL MONEY: 5150
[21:56:26:026251 --7:00] [Thread 4368] PLAYER: ( 76561198083583044 ) R Alpha 1-2:1 (Cyril) REMOTE PURCHASED ITEM Exile_Weapon_LeeEnfield FOR 250 POPTABS | PLAYER TOTAL MONEY: 4900
[21:56:32:072445 --7:00] [Thread 5888] PLAYER: ( 76561198083583044 ) R Alpha 1-2:1 (Cyril) REMOTE PURCHASED ITEM Exile_Magazine_10Rnd_303 FOR 20 POPTABS | PLAYER TOTAL MONEY: 4880
[21:56:33:352749 --7:00] [Thread 4368] PLAYER: ( 76561198083583044 ) R Alpha 1-2:1 (Cyril) REMOTE PURCHASED ITEM Exile_Magazine_10Rnd_303 FOR 20 POPTABS | PLAYER TOTAL MONEY: 4860
[21:56:34:479349 --7:00] [Thread 5888] PLAYER: ( 76561198083583044 ) R Alpha 1-2:1 (Cyril) REMOTE PURCHASED ITEM Exile_Magazine_10Rnd_303 FOR 20 POPTABS | PLAYER TOTAL MONEY: 4840
[21:56:35:413302 --7:00] [Thread 4368] PLAYER: ( 76561198083583044 ) R Alpha 1-2:1 (Cyril) REMOTE PURCHASED ITEM Exile_Magazine_10Rnd_303 FOR 20 POPTABS | PLAYER TOTAL MONEY: 4820
[21:56:36:977851 --7:00] [Thread 5888] PLAYER: ( 76561198083583044 ) R Alpha 1-2:1 (Cyril) REMOTE PURCHASED ITEM Exile_Magazine_10Rnd_303 FOR 20 POPTABS | PLAYER TOTAL MONEY: 4800
[21:56:38:232410 --7:00] [Thread 4368] PLAYER: ( 76561198083583044 ) R Alpha 1-2:1 (Cyril) REMOTE PURCHASED ITEM Exile_Magazine_10Rnd_303 FOR 20 POPTABS | PLAYER TOTAL MONEY: 4780
[21:58:47:486462 --7:00] [Thread 592] PLAYER: ( 76561198083583044 ) R Alpha 1-2:1 (Cyril) REMOTE PURCHASED VEHICLE Exile_Car_Lada_Green FOR 3000 POPTABS | PLAYER TOTAL MONEY: 1780
[21:59:47:386793 --7:00] [Thread 5888] PLAYER: ( 76561198083583044 ) R Alpha 1-2:1 (Cyril) REMOTE PURCHASED ITEM Exile_Item_Vishpirin FOR 300 POPTABS | PLAYER TOTAL MONEY: 1480
[22:00:55:000577 --7:00] [Thread 4368] PLAYER: ( 76561198083583044 ) R Alpha 1-2:1 (Cyril) REMOTE PURCHASED ITEM Exile_Item_DuctTape FOR 300 POPTABS | PLAYER TOTAL MONEY: 1180
[22:01:06:727327 --7:00] [Thread 5888] PLAYER: ( 76561198083583044 ) R Alpha 1-2:1 (Cyril) REMOTE PURCHASED ITEM Exile_Item_FuelCanisterEmpty FOR 50 POPTABS | PLAYER TOTAL MONEY: 1130
[22:01:12:319549 --7:00] [Thread 4368] PLAYER: ( 76561198083583044 ) R Alpha 1-2:1 (Cyril) REMOTE PURCHASED ITEM Binocular FOR 100 POPTABS | PLAYER TOTAL MONEY: 1030
[22:01:14:854392 --7:00] [Thread 5888] PLAYER: ( 76561198083583044 ) R Alpha 1-2:1 (Cyril) REMOTE PURCHASED ITEM Exile_Item_CanOpener FOR 80 POPTABS | PLAYER TOTAL MONEY: 950
[22:01:21:793827 --7:00] [Thread 4368] PLAYER: ( 76561198083583044 ) R Alpha 1-2:1 (Cyril) REMOTE PURCHASED ITEM Exile_Item_CamoTentKit FOR 250 POPTABS | PLAYER TOTAL MONEY: 700
[23:21:05:656139 --7:00] [Thread 7048] PLAYER: ( 76561198092067587 ) R Vakero hills:1 (vakero) REMOTE SOLD ITEM: Exile_Car_ProwlerLight (ID# 58) with Cargo ["B_FieldPack_oucamo","20Rnd_762x51_Mag","20Rnd_762x51_Mag","20Rnd_762x51_Mag","20Rnd_762x51_Mag","20Rnd_762x51_Mag","20Rnd_762x51_Mag","7Rnd_408_Mag","7Rnd_408_Mag","Exile_Magazine_10Rnd_9x39","7Rnd_408_Mag","Exile_Magazine_10Rnd_9x39","Exile_Magazine_10Rnd_9x39","Exile_Magazine_10Rnd_9x39","Exile_Item_EMRE","Exile_Item_Matches","Exile_Magazine_8Rnd_9x18","Exile_Item_BBQSandwich","30Rnd_556x45_Stanag","30Rnd_556x45_Stanag","30Rnd_556x45_Stanag","30Rnd_556x45_Stanag","30Rnd_556x45_Stanag","30Rnd_556x45_Stanag","30Rnd_556x45_Stanag","11Rnd_45ACP_Mag","Exile_Item_EnergyDrink","Exile_Item_BBQSandwich","Exile_Item_EnergyDrink","Exile_Magazine_30Rnd_545x39_AK","Exile_Magazine_30Rnd_545x39_AK","Exile_Magazine_30Rnd_545x39_AK","Exile_Magazine_30Rnd_545x39_AK","Exile_Magazine_30Rnd_545x39_AK","9Rnd_45ACP_Mag","Exile_Item_Surstromming_Cooked","Exile_Item_Surstromming_Cooked","Exile_Item_PlasticBottleFreshWater","Exile_Item_PlasticBottleFreshWater","Exile_Item_EMRE","Exile_Item_EnergyDrink","20Rnd_762x51_Mag","Exile_Weapon_AK107_GL","arifle_TRG20_F","arifle_SPAR_03_khk_F","Exile_Weapon_VSSVintorez","srifle_EBR_F","srifle_LRR_F","hgun_Pistol_heavy_01_F","optic_Holosight","muzzle_snds_B_snd_F","ItemGPS","Exile_Uniform_BambiOverall","U_I_GhillieSuit","U_BG_Guerilla2_3","V_PlateCarrierGL_mtp","V_PlateCarrierL_CTRG","U_IG_Guerilla3_2"] FOR 5528 POPTABS AND 552.8 RESPECT | PLAYER TOTAL MONEY: 5528
[23:21:21:633758 --7:00] [Thread 5888] PLAYER: ( 76561198092067587 ) R Vakero hills:1 (vakero) REMOTE PURCHASED ITEM 10Rnd_338_Mag FOR 60 POPTABS | PLAYER TOTAL MONEY: 5468
[23:21:22:198149 --7:00] [Thread 592] PLAYER: ( 76561198092067587 ) R Vakero hills:1 (vakero) REMOTE PURCHASED ITEM 10Rnd_338_Mag FOR 60 POPTABS | PLAYER TOTAL MONEY: 5408
[23:21:22:696415 --7:00] [Thread 5888] PLAYER: ( 76561198092067587 ) R Vakero hills:1 (vakero) REMOTE PURCHASED ITEM 10Rnd_338_Mag FOR 60 POPTABS | PLAYER TOTAL MONEY: 5348
[23:21:23:183552 --7:00] [Thread 592] PLAYER: ( 76561198092067587 ) R Vakero hills:1 (vakero) REMOTE PURCHASED ITEM 10Rnd_338_Mag FOR 60 POPTABS | PLAYER TOTAL MONEY: 5288
[23:21:23:727617 --7:00] [Thread 5888] PLAYER: ( 76561198092067587 ) R Vakero hills:1 (vakero) REMOTE PURCHASED ITEM 10Rnd_338_Mag FOR 60 POPTABS | PLAYER TOTAL MONEY: 5228
[23:21:24:230277 --7:00] [Thread 592] PLAYER: ( 76561198092067587 ) R Vakero hills:1 (vakero) REMOTE PURCHASED ITEM 10Rnd_338_Mag FOR 60 POPTABS | PLAYER TOTAL MONEY: 5168
[23:21:24:729151 --7:00] [Thread 5888] PLAYER: ( 76561198092067587 ) R Vakero hills:1 (vakero) REMOTE PURCHASED ITEM 10Rnd_338_Mag FOR 60 POPTABS | PLAYER TOTAL MONEY: 5108
[23:21:25:188308 --7:00] [Thread 592] PLAYER: ( 76561198092067587 ) R Vakero hills:1 (vakero) REMOTE PURCHASED ITEM 10Rnd_338_Mag FOR 60 POPTABS | PLAYER TOTAL MONEY: 5048
[23:21:25:643807 --7:00] [Thread 5888] PLAYER: ( 76561198092067587 ) R Vakero hills:1 (vakero) REMOTE PURCHASED ITEM 10Rnd_338_Mag FOR 60 POPTABS | PLAYER TOTAL MONEY: 4988
[23:21:26:057794 --7:00] [Thread 592] PLAYER: ( 76561198092067587 ) R Vakero hills:1 (vakero) REMOTE PURCHASED ITEM 10Rnd_338_Mag FOR 60 POPTABS | PLAYER TOTAL MONEY: 4928
[23:59:41:999860 --7:00] [Thread 5888] PLAYER: ( 76561198092067587 ) R Vakero hills:1 (vakero) REMOTE SOLD ITEM 100Rnd_65x39_caseless_mag_Tracer FOR 50 POPTABS AND 5 RESPECT | PLAYER TOTAL MONEY: 105
[23:59:43:399548 --7:00] [Thread 4368] PLAYER: ( 76561198092067587 ) R Vakero hills:1 (vakero) REMOTE SOLD ITEM Exile_Item_Vishpirin FOR 150 POPTABS AND 15 RESPECT | PLAYER TOTAL MONEY: 255
[23:59:44:341966 --7:00] [Thread 5888] PLAYER: ( 76561198092067587 ) R Vakero hills:1 (vakero) REMOTE SOLD ITEM Exile_Item_EMRE FOR 100 POPTABS AND 10 RESPECT | PLAYER TOTAL MONEY: 355
[23:59:45:215001 --7:00] [Thread 7048] PLAYER: ( 76561198092067587 ) R Vakero hills:1 (vakero) REMOTE SOLD ITEM Exile_Item_EMRE FOR 100 POPTABS AND 10 RESPECT | PLAYER TOTAL MONEY: 455
[23:59:46:004505 --7:00] [Thread 4368] PLAYER: ( 76561198092067587 ) R Vakero hills:1 (vakero) REMOTE SOLD ITEM Exile_Item_Bandage FOR 50 POPTABS AND 5 RESPECT | PLAYER TOTAL MONEY: 505
[23:59:50:115139 --7:00] [Thread 5888] PLAYER: ( 76561198092067587 ) R Vakero hills:1 (vakero) REMOTE SOLD ITEM 100Rnd_65x39_caseless_mag_Tracer FOR 50 POPTABS AND 5 RESPECT | PLAYER TOTAL MONEY: 555
[23:59:52:845330 --7:00] [Thread 7048] PLAYER: ( 76561198092067587 ) R Vakero hills:1 (vakero) REMOTE SOLD ITEM Exile_Item_PlasticBottleFreshWater FOR 4 POPTABS AND 0.4 RESPECT | PLAYER TOTAL MONEY: 559
[23:59:53:770452 --7:00] [Thread 4368] PLAYER: ( 76561198092067587 ) R Vakero hills:1 (vakero) REMOTE SOLD ITEM Exile_Item_PlasticBottleFreshWater FOR 4 POPTABS AND 0.4 RESPECT | PLAYER TOTAL MONEY: 563
[23:59:57:172374 --7:00] [Thread 7048] PLAYER: ( 76561198092067587 ) R Vakero hills:1 (vakero) REMOTE SOLD ITEM Exile_Item_EnergyDrink FOR 75 POPTABS AND 7.5 RESPECT | PLAYER TOTAL MONEY: 638
[00:00:00:046484 --7:00] [Thread 5888] PLAYER: ( 76561198092067587 ) R Vakero hills:1 (vakero) REMOTE SOLD ITEM Exile_Item_InstaDoc FOR 500 POPTABS AND 50 RESPECT | PLAYER TOTAL MONEY: 1138
[00:00:04:136874 --7:00] [Thread 7048] PLAYER: ( 76561198092067587 ) R Vakero hills:1 (vakero) REMOTE SOLD ITEM Exile_Item_PlasticBottleEmpty FOR 5 POPTABS AND 0.5 RESPECT | PLAYER TOTAL MONEY: 1143
[00:00:09:001008 --7:00] [Thread 4368] PLAYER: ( 76561198092067587 ) R Vakero hills:1 (vakero) REMOTE SOLD ITEM 200Rnd_556x45_Box_F FOR 100 POPTABS AND 10 RESPECT | PLAYER TOTAL MONEY: 1243
[00:00:13:079506 --7:00] [Thread 7048] PLAYER: ( 76561198092067587 ) R Vakero hills:1 (vakero) REMOTE SOLD ITEM 200Rnd_556x45_Box_F FOR 100 POPTABS AND 10 RESPECT | PLAYER TOTAL MONEY: 1343
[00:00:13:929887 --7:00] [Thread 4368] PLAYER: ( 76561198092067587 ) R Vakero hills:1 (vakero) REMOTE SOLD ITEM 200Rnd_556x45_Box_F FOR 100 POPTABS AND 10 RESPECT | PLAYER TOTAL MONEY: 1443
[00:00:14:849578 --7:00] [Thread 5888] PLAYER: ( 76561198092067587 ) R Vakero hills:1 (vakero) REMOTE SOLD ITEM 200Rnd_556x45_Box_F FOR 100 POPTABS AND 10 RESPECT | PLAYER TOTAL MONEY: 1543
[00:00:17:410179 --7:00] [Thread 4368] PLAYER: ( 76561198092067587 ) R Vakero hills:1 (vakero) REMOTE SOLD ITEM Exile_Magazine_30Rnd_545x39_AK FOR 10 POPTABS AND 1 RESPECT | PLAYER TOTAL MONEY: 1553
[00:00:18:283490 --7:00] [Thread 5888] PLAYER: ( 76561198092067587 ) R Vakero hills:1 (vakero) REMOTE SOLD ITEM Exile_Magazine_30Rnd_545x39_AK FOR 10 POPTABS AND 1 RESPECT | PLAYER TOTAL MONEY: 1563
[00:00:19:072926 --7:00] [Thread 4368] PLAYER: ( 76561198092067587 ) R Vakero hills:1 (vakero) REMOTE SOLD ITEM Exile_Magazine_30Rnd_545x39_AK FOR 10 POPTABS AND 1 RESPECT | PLAYER TOTAL MONEY: 1573
[00:00:19:863552 --7:00] [Thread 7048] PLAYER: ( 76561198092067587 ) R Vakero hills:1 (vakero) REMOTE SOLD ITEM Exile_Magazine_30Rnd_545x39_AK FOR 10 POPTABS AND 1 RESPECT | PLAYER TOTAL MONEY: 1583
[00:00:24:026555 --7:00] [Thread 5888] PLAYER: ( 76561198092067587 ) R Vakero hills:1 (vakero) REMOTE SOLD ITEM Exile_Item_Handsaw FOR 250 POPTABS AND 25 RESPECT | PLAYER TOTAL MONEY: 1833
[00:00:27:582959 --7:00] [Thread 7048] PLAYER: ( 76561198092067587 ) R Vakero hills:1 (vakero) REMOTE SOLD ITEM Exile_Item_Handsaw FOR 250 POPTABS AND 25 RESPECT | PLAYER TOTAL MONEY: 2083
[00:00:41:691038 --7:00] [Thread 5888] PLAYER: ( 76561198092067587 ) R Vakero hills:1 (vakero) REMOTE SOLD ITEM Exile_Item_Codelock FOR 2500 POPTABS AND 250 RESPECT | PLAYER TOTAL MONEY: 4583
[00:00:45:627264 --7:00] [Thread 7048] PLAYER: ( 76561198092067587 ) R Vakero hills:1 (vakero) REMOTE SOLD ITEM 30Rnd_556x45_Stanag FOR 20 POPTABS AND 2 RESPECT | PLAYER TOTAL MONEY: 4603
[00:00:47:620448 --7:00] [Thread 4368] PLAYER: ( 76561198092067587 ) R Vakero hills:1 (vakero) REMOTE SOLD ITEM Exile_Magazine_45Rnd_545x39_RPK_Green FOR 10 POPTABS AND 1 RESPECT | PLAYER TOTAL MONEY: 4613
[00:00:53:796028 --7:00] [Thread 7048] PLAYER: ( 76561198092067587 ) R Vakero hills:1 (vakero) REMOTE SOLD ITEM arifle_MX_khk_F FOR 350 POPTABS AND 35 RESPECT | PLAYER TOTAL MONEY: 4963
[00:00:55:507883 --7:00] [Thread 4368] PLAYER: ( 76561198092067587 ) R Vakero hills:1 (vakero) REMOTE SOLD ITEM arifle_Mk20_GL_F FOR 200 POPTABS AND 20 RESPECT | PLAYER TOTAL MONEY: 5163
[00:00:58:669658 --7:00] [Thread 5888] PLAYER: ( 76561198092067587 ) R Vakero hills:1 (vakero) REMOTE SOLD ITEM Rangefinder FOR 200 POPTABS AND 20 RESPECT | PLAYER TOTAL MONEY: 5363
[00:00:59:675140 --7:00] [Thread 7048] PLAYER: ( 76561198092067587 ) R Vakero hills:1 (vakero) REMOTE SOLD ITEM Exile_Weapon_RPK FOR 125 POPTABS AND 12.5 RESPECT | PLAYER TOTAL MONEY: 5488
[00:01:00:594793 --7:00] [Thread 5888] PLAYER: ( 76561198092067587 ) R Vakero hills:1 (vakero) REMOTE SOLD ITEM Exile_Weapon_VSSVintorez FOR 300 POPTABS AND 30 RESPECT | PLAYER TOTAL MONEY: 5788
[00:01:01:532183 --7:00] [Thread 7048] PLAYER: ( 76561198092067587 ) R Vakero hills:1 (vakero) REMOTE SOLD ITEM Exile_Weapon_AK107 FOR 150 POPTABS AND 15 RESPECT | PLAYER TOTAL MONEY: 5938
[00:01:02:471663 --7:00] [Thread 4368] PLAYER: ( 76561198092067587 ) R Vakero hills:1 (vakero) REMOTE SOLD ITEM LMG_03_F FOR 750 POPTABS AND 75 RESPECT | PLAYER TOTAL MONEY: 6688
[00:01:03:783642 --7:00] [Thread 7048] PLAYER: ( 76561198092067587 ) R Vakero hills:1 (vakero) REMOTE SOLD ITEM bipod_01_F_khk FOR 25 POPTABS AND 2.5 RESPECT | PLAYER TOTAL MONEY: 6713
[00:01:04:814138 --7:00] [Thread 4368] PLAYER: ( 76561198092067587 ) R Vakero hills:1 (vakero) REMOTE SOLD ITEM bipod_01_F_khk FOR 25 POPTABS AND 2.5 RESPECT | PLAYER TOTAL MONEY: 6738
[00:01:05:952720 --7:00] [Thread 7048] PLAYER: ( 76561198092067587 ) R Vakero hills:1 (vakero) REMOTE SOLD ITEM bipod_01_F_khk FOR 25 POPTABS AND 2.5 RESPECT | PLAYER TOTAL MONEY: 6763
[00:01:07:030756 --7:00] [Thread 5888] PLAYER: ( 76561198092067587 ) R Vakero hills:1 (vakero) REMOTE SOLD ITEM bipod_01_F_khk FOR 25 POPTABS AND 2.5 RESPECT | PLAYER TOTAL MONEY: 6788
[00:01:07:993568 --7:00] [Thread 7048] PLAYER: ( 76561198092067587 ) R Vakero hills:1 (vakero) REMOTE SOLD ITEM bipod_01_F_khk FOR 25 POPTABS AND 2.5 RESPECT | PLAYER TOTAL MONEY: 6813
[00:01:08:985874 --7:00] [Thread 4368] PLAYER: ( 76561198092067587 ) R Vakero hills:1 (vakero) REMOTE SOLD ITEM bipod_01_F_khk FOR 25 POPTABS AND 2.5 RESPECT | PLAYER TOTAL MONEY: 6838
[00:01:09:962978 --7:00] [Thread 5888] PLAYER: ( 76561198092067587 ) R Vakero hills:1 (vakero) REMOTE SOLD ITEM bipod_01_F_khk FOR 25 POPTABS AND 2.5 RESPECT | PLAYER TOTAL MONEY: 6863
[00:01:10:901942 --7:00] [Thread 7048] PLAYER: ( 76561198092067587 ) R Vakero hills:1 (vakero) REMOTE SOLD ITEM bipod_01_F_khk FOR 25 POPTABS AND 2.5 RESPECT | PLAYER TOTAL MONEY: 6888
[00:01:11:779295 --7:00] [Thread 4368] PLAYER: ( 76561198092067587 ) R Vakero hills:1 (vakero) REMOTE SOLD ITEM bipod_01_F_khk FOR 25 POPTABS AND 2.5 RESPECT | PLAYER TOTAL MONEY: 6913
[00:01:12:657326 --7:00] [Thread 4368] PLAYER: ( 76561198092067587 ) R Vakero hills:1 (vakero) REMOTE SOLD ITEM bipod_01_F_khk FOR 25 POPTABS AND 2.5 RESPECT | PLAYER TOTAL MONEY: 6938
[00:01:13:592867 --7:00] [Thread 5888] PLAYER: ( 76561198092067587 ) R Vakero hills:1 (vakero) REMOTE SOLD ITEM bipod_01_F_khk FOR 25 POPTABS AND 2.5 RESPECT | PLAYER TOTAL MONEY: 6963
[00:01:14:470274 --7:00] [Thread 4368] PLAYER: ( 76561198092067587 ) R Vakero hills:1 (vakero) REMOTE SOLD ITEM bipod_01_F_khk FOR 25 POPTABS AND 2.5 RESPECT | PLAYER TOTAL MONEY: 6988
[00:01:15:418707 --7:00] [Thread 5888] PLAYER: ( 76561198092067587 ) R Vakero hills:1 (vakero) REMOTE SOLD ITEM bipod_01_F_khk FOR 25 POPTABS AND 2.5 RESPECT | PLAYER TOTAL MONEY: 7013
[00:01:16:320272 --7:00] [Thread 7048] PLAYER: ( 76561198092067587 ) R Vakero hills:1 (vakero) REMOTE SOLD ITEM bipod_01_F_khk FOR 25 POPTABS AND 2.5 RESPECT | PLAYER TOTAL MONEY: 7038
[00:01:17:169314 --7:00] [Thread 4368] PLAYER: ( 76561198092067587 ) R Vakero hills:1 (vakero) REMOTE SOLD ITEM bipod_01_F_khk FOR 25 POPTABS AND 2.5 RESPECT | PLAYER TOTAL MONEY: 7063
[00:01:18:065508 --7:00] [Thread 5888] PLAYER: ( 76561198092067587 ) R Vakero hills:1 (vakero) REMOTE SOLD ITEM bipod_01_F_khk FOR 25 POPTABS AND 2.5 RESPECT | PLAYER TOTAL MONEY: 7088
[00:01:18:956673 --7:00] [Thread 7048] PLAYER: ( 76561198092067587 ) R Vakero hills:1 (vakero) REMOTE SOLD ITEM bipod_01_F_khk FOR 25 POPTABS AND 2.5 RESPECT | PLAYER TOTAL MONEY: 7113
[00:01:19:808665 --7:00] [Thread 5888] PLAYER: ( 76561198092067587 ) R Vakero hills:1 (vakero) REMOTE SOLD ITEM bipod_01_F_khk FOR 25 POPTABS AND 2.5 RESPECT | PLAYER TOTAL MONEY: 7138
[00:01:20:639548 --7:00] [Thread 4368] PLAYER: ( 76561198092067587 ) R Vakero hills:1 (vakero) REMOTE SOLD ITEM bipod_01_F_khk FOR 25 POPTABS AND 2.5 RESPECT | PLAYER TOTAL MONEY: 7163
[00:01:21:532911 --7:00] [Thread 7048] PLAYER: ( 76561198092067587 ) R Vakero hills:1 (vakero) REMOTE SOLD ITEM bipod_01_F_khk FOR 25 POPTABS AND 2.5 RESPECT | PLAYER TOTAL MONEY: 7188
[00:01:22:303806 --7:00] [Thread 5888] PLAYER: ( 76561198092067587 ) R Vakero hills:1 (vakero) REMOTE SOLD ITEM bipod_01_F_khk FOR 25 POPTABS AND 2.5 RESPECT | PLAYER TOTAL MONEY: 7213
[00:01:23:110579 --7:00] [Thread 7048] PLAYER: ( 76561198092067587 ) R Vakero hills:1 (vakero) REMOTE SOLD ITEM bipod_01_F_khk FOR 25 POPTABS AND 2.5 RESPECT | PLAYER TOTAL MONEY: 7238
[00:01:23:900934 --7:00] [Thread 4368] PLAYER: ( 76561198092067587 ) R Vakero hills:1 (vakero) REMOTE SOLD ITEM bipod_01_F_khk FOR 25 POPTABS AND 2.5 RESPECT | PLAYER TOTAL MONEY: 7263
[00:01:24:754978 --7:00] [Thread 7048] PLAYER: ( 76561198092067587 ) R Vakero hills:1 (vakero) REMOTE SOLD ITEM bipod_01_F_khk FOR 25 POPTABS AND 2.5 RESPECT | PLAYER TOTAL MONEY: 7288
[00:01:25:522535 --7:00] [Thread 4368] PLAYER: ( 76561198092067587 ) R Vakero hills:1 (vakero) REMOTE SOLD ITEM bipod_01_F_khk FOR 25 POPTABS AND 2.5 RESPECT | PLAYER TOTAL MONEY: 7313
[00:01:25:893128 --7:00] [Thread 5888] PLAYER: ( 76561198092067587 ) R Vakero hills:1 (vakero) REMOTE SOLD ITEM bipod_01_F_khk FOR 25 POPTABS AND 2.5 RESPECT | PLAYER TOTAL MONEY: 7338
[00:01:28:642888 --7:00] [Thread 4368] PLAYER: ( 76561198092067587 ) R Vakero hills:1 (vakero) REMOTE SOLD ITEM bipod_01_F_khk FOR 25 POPTABS AND 2.5 RESPECT | PLAYER TOTAL MONEY: 7363
[00:01:29:580675 --7:00] [Thread 7048] PLAYER: ( 76561198092067587 ) R Vakero hills:1 (vakero) REMOTE SOLD ITEM bipod_01_F_khk FOR 25 POPTABS AND 2.5 RESPECT | PLAYER TOTAL MONEY: 7388
[00:01:30:365792 --7:00] [Thread 4368] PLAYER: ( 76561198092067587 ) R Vakero hills:1 (vakero) REMOTE SOLD ITEM bipod_01_F_khk FOR 25 POPTABS AND 2.5 RESPECT | PLAYER TOTAL MONEY: 7413
[00:01:31:065556 --7:00] [Thread 5888] PLAYER: ( 76561198092067587 ) R Vakero hills:1 (vakero) REMOTE SOLD ITEM bipod_01_F_khk FOR 25 POPTABS AND 2.5 RESPECT | PLAYER TOTAL MONEY: 7438
[00:01:31:741926 --7:00] [Thread 4368] PLAYER: ( 76561198092067587 ) R Vakero hills:1 (vakero) REMOTE SOLD ITEM bipod_01_F_khk FOR 25 POPTABS AND 2.5 RESPECT | PLAYER TOTAL MONEY: 7463
[00:01:32:439914 --7:00] [Thread 5888] PLAYER: ( 76561198092067587 ) R Vakero hills:1 (vakero) REMOTE SOLD ITEM bipod_01_F_khk FOR 25 POPTABS AND 2.5 RESPECT | PLAYER TOTAL MONEY: 7488
[00:01:33:100212 --7:00] [Thread 4368] PLAYER: ( 76561198092067587 ) R Vakero hills:1 (vakero) REMOTE SOLD ITEM bipod_01_F_khk FOR 25 POPTABS AND 2.5 RESPECT | PLAYER TOTAL MONEY: 7513
[00:01:34:331488 --7:00] [Thread 7048] PLAYER: ( 76561198092067587 ) R Vakero hills:1 (vakero) REMOTE SOLD ITEM bipod_01_F_khk FOR 25 POPTABS AND 2.5 RESPECT | PLAYER TOTAL MONEY: 7538
[00:01:35:210284 --7:00] [Thread 5888] PLAYER: ( 76561198092067587 ) R Vakero hills:1 (vakero) REMOTE SOLD ITEM bipod_01_F_khk FOR 25 POPTABS AND 2.5 RESPECT | PLAYER TOTAL MONEY: 7563
[00:01:35:937280 --7:00] [Thread 7048] PLAYER: ( 76561198092067587 ) R Vakero hills:1 (vakero) REMOTE SOLD ITEM bipod_01_F_khk FOR 25 POPTABS AND 2.5 RESPECT | PLAYER TOTAL MONEY: 7588
[00:01:37:184700 --7:00] [Thread 5888] PLAYER: ( 76561198092067587 ) R Vakero hills:1 (vakero) REMOTE SOLD ITEM bipod_01_F_khk FOR 25 POPTABS AND 2.5 RESPECT | PLAYER TOTAL MONEY: 7613
[00:01:37:539373 --7:00] [Thread 4368] PLAYER: ( 76561198092067587 ) R Vakero hills:1 (vakero) REMOTE SOLD ITEM bipod_01_F_khk FOR 25 POPTABS AND 2.5 RESPECT | PLAYER TOTAL MONEY: 7638
[00:01:38:689231 --7:00] [Thread 5888] PLAYER: ( 76561198092067587 ) R Vakero hills:1 (vakero) REMOTE SOLD ITEM bipod_01_F_khk FOR 25 POPTABS AND 2.5 RESPECT | PLAYER TOTAL MONEY: 7663
[00:01:40:004637 --7:00] [Thread 7048] PLAYER: ( 76561198092067587 ) R Vakero hills:1 (vakero) REMOTE SOLD ITEM bipod_01_F_khk FOR 25 POPTABS AND 2.5 RESPECT | PLAYER TOTAL MONEY: 7688
[00:01:40:640223 --7:00] [Thread 4368] PLAYER: ( 76561198092067587 ) R Vakero hills:1 (vakero) REMOTE SOLD ITEM bipod_01_F_khk FOR 25 POPTABS AND 2.5 RESPECT | PLAYER TOTAL MONEY: 7713
[00:01:41:325541 --7:00] [Thread 7048] PLAYER: ( 76561198092067587 ) R Vakero hills:1 (vakero) REMOTE SOLD ITEM bipod_01_F_khk FOR 25 POPTABS AND 2.5 RESPECT | PLAYER TOTAL MONEY: 7738
[00:01:42:533450 --7:00] [Thread 5888] PLAYER: ( 76561198092067587 ) R Vakero hills:1 (vakero) REMOTE SOLD ITEM bipod_01_F_khk FOR 25 POPTABS AND 2.5 RESPECT | PLAYER TOTAL MONEY: 7763
[00:01:43:366413 --7:00] [Thread 7048] PLAYER: ( 76561198092067587 ) R Vakero hills:1 (vakero) REMOTE SOLD ITEM bipod_01_F_khk FOR 25 POPTABS AND 2.5 RESPECT | PLAYER TOTAL MONEY: 7788
[00:01:44:028931 --7:00] [Thread 4368] PLAYER: ( 76561198092067587 ) R Vakero hills:1 (vakero) REMOTE SOLD ITEM bipod_01_F_khk FOR 25 POPTABS AND 2.5 RESPECT | PLAYER TOTAL MONEY: 7813
[00:01:44:691273 --7:00] [Thread 7048] PLAYER: ( 76561198092067587 ) R Vakero hills:1 (vakero) REMOTE SOLD ITEM bipod_01_F_khk FOR 25 POPTABS AND 2.5 RESPECT | PLAYER TOTAL MONEY: 7838
[00:01:45:835742 --7:00] [Thread 4368] PLAYER: ( 76561198092067587 ) R Vakero hills:1 (vakero) REMOTE SOLD ITEM bipod_01_F_khk FOR 25 POPTABS AND 2.5 RESPECT | PLAYER TOTAL MONEY: 7863
[00:01:46:637908 --7:00] [Thread 5888] PLAYER: ( 76561198092067587 ) R Vakero hills:1 (vakero) REMOTE SOLD ITEM bipod_01_F_khk FOR 25 POPTABS AND 2.5 RESPECT | PLAYER TOTAL MONEY: 7888
[00:01:47:496555 --7:00] [Thread 7048] PLAYER: ( 76561198092067587 ) R Vakero hills:1 (vakero) REMOTE SOLD ITEM bipod_01_F_khk FOR 25 POPTABS AND 2.5 RESPECT | PLAYER TOTAL MONEY: 7913
[00:01:48:174824 --7:00] [Thread 4368] PLAYER: ( 76561198092067587 ) R Vakero hills:1 (vakero) REMOTE SOLD ITEM bipod_01_F_khk FOR 25 POPTABS AND 2.5 RESPECT | PLAYER TOTAL MONEY: 7938
[00:01:48:877285 --7:00] [Thread 7048] PLAYER: ( 76561198092067587 ) R Vakero hills:1 (vakero) REMOTE SOLD ITEM bipod_01_F_khk FOR 25 POPTABS AND 2.5 RESPECT | PLAYER TOTAL MONEY: 7963
[00:01:49:531962 --7:00] [Thread 4368] PLAYER: ( 76561198092067587 ) R Vakero hills:1 (vakero) REMOTE SOLD ITEM bipod_01_F_khk FOR 25 POPTABS AND 2.5 RESPECT | PLAYER TOTAL MONEY: 7988
[00:01:50:259400 --7:00] [Thread 7048] PLAYER: ( 76561198092067587 ) R Vakero hills:1 (vakero) REMOTE SOLD ITEM bipod_01_F_khk FOR 25 POPTABS AND 2.5 RESPECT | PLAYER TOTAL MONEY: 8013
[00:01:50:958608 --7:00] [Thread 4368] PLAYER: ( 76561198092067587 ) R Vakero hills:1 (vakero) REMOTE SOLD ITEM bipod_01_F_khk FOR 25 POPTABS AND 2.5 RESPECT | PLAYER TOTAL MONEY: 8038
[00:01:51:658313 --7:00] [Thread 5888] PLAYER: ( 76561198092067587 ) R Vakero hills:1 (vakero) REMOTE SOLD ITEM bipod_01_F_khk FOR 25 POPTABS AND 2.5 RESPECT | PLAYER TOTAL MONEY: 8063
[00:01:52:332322 --7:00] [Thread 7048] PLAYER: ( 76561198092067587 ) R Vakero hills:1 (vakero) REMOTE SOLD ITEM bipod_01_F_khk FOR 25 POPTABS AND 2.5 RESPECT | PLAYER TOTAL MONEY: 8088
[00:01:53:028555 --7:00] [Thread 4368] PLAYER: ( 76561198092067587 ) R Vakero hills:1 (vakero) REMOTE SOLD ITEM bipod_01_F_khk FOR 25 POPTABS AND 2.5 RESPECT | PLAYER TOTAL MONEY: 8113
[00:01:53:666207 --7:00] [Thread 7048] PLAYER: ( 76561198092067587 ) R Vakero hills:1 (vakero) REMOTE SOLD ITEM bipod_01_F_khk FOR 25 POPTABS AND 2.5 RESPECT | PLAYER TOTAL MONEY: 8138
[00:01:54:387651 --7:00] [Thread 5888] PLAYER: ( 76561198092067587 ) R Vakero hills:1 (vakero) REMOTE SOLD ITEM bipod_01_F_khk FOR 25 POPTABS AND 2.5 RESPECT | PLAYER TOTAL MONEY: 8163
[00:01:55:106146 --7:00] [Thread 4368] PLAYER: ( 76561198092067587 ) R Vakero hills:1 (vakero) REMOTE SOLD ITEM bipod_01_F_khk FOR 25 POPTABS AND 2.5 RESPECT | PLAYER TOTAL MONEY: 8188
[00:01:55:766633 --7:00] [Thread 5888] PLAYER: ( 76561198092067587 ) R Vakero hills:1 (vakero) REMOTE SOLD ITEM bipod_01_F_khk FOR 25 POPTABS AND 2.5 RESPECT | PLAYER TOTAL MONEY: 8213
[00:01:56:468414 --7:00] [Thread 4368] PLAYER: ( 76561198092067587 ) R Vakero hills:1 (vakero) REMOTE SOLD ITEM bipod_01_F_khk FOR 25 POPTABS AND 2.5 RESPECT | PLAYER TOTAL MONEY: 8238
[00:01:57:169016 --7:00] [Thread 7048] PLAYER: ( 76561198092067587 ) R Vakero hills:1 (vakero) REMOTE SOLD ITEM bipod_01_F_khk FOR 25 POPTABS AND 2.5 RESPECT | PLAYER TOTAL MONEY: 8263
[00:01:57:854333 --7:00] [Thread 4368] PLAYER: ( 76561198092067587 ) R Vakero hills:1 (vakero) REMOTE SOLD ITEM bipod_01_F_khk FOR 25 POPTABS AND 2.5 RESPECT | PLAYER TOTAL MONEY: 8288
[00:01:59:114928 --7:00] [Thread 7048] PLAYER: ( 76561198092067587 ) R Vakero hills:1 (vakero) REMOTE SOLD ITEM bipod_01_F_khk FOR 25 POPTABS AND 2.5 RESPECT | PLAYER TOTAL MONEY: 8313
[00:01:59:881298 --7:00] [Thread 4368] PLAYER: ( 76561198092067587 ) R Vakero hills:1 (vakero) REMOTE SOLD ITEM bipod_01_F_khk FOR 25 POPTABS AND 2.5 RESPECT | PLAYER TOTAL MONEY: 8338
[00:02:02:053883 --7:00] [Thread 7048] PLAYER: ( 76561198092067587 ) R Vakero hills:1 (vakero) REMOTE SOLD ITEM bipod_01_F_khk FOR 25 POPTABS AND 2.5 RESPECT | PLAYER TOTAL MONEY: 8363
[00:02:07:070392 --7:00] [Thread 4368] PLAYER: ( 76561198092067587 ) R Vakero hills:1 (vakero) REMOTE SOLD ITEM ItemGPS FOR 20 POPTABS AND 2 RESPECT | PLAYER TOTAL MONEY: 8383
[00:02:07:922929 --7:00] [Thread 5888] PLAYER: ( 76561198092067587 ) R Vakero hills:1 (vakero) REMOTE SOLD ITEM ItemGPS FOR 20 POPTABS AND 2 RESPECT | PLAYER TOTAL MONEY: 8403
[00:02:14:330468 --7:00] [Thread 5888] PLAYER: ( 76561198092067587 ) R Vakero hills:1 (vakero) REMOTE SOLD ITEM optic_Arco FOR 150 POPTABS AND 15 RESPECT | PLAYER TOTAL MONEY: 8553
[00:02:16:199453 --7:00] [Thread 4368] PLAYER: ( 76561198092067587 ) R Vakero hills:1 (vakero) REMOTE SOLD ITEM muzzle_snds_M FOR 25 POPTABS AND 2.5 RESPECT | PLAYER TOTAL MONEY: 8578
[00:04:10:390980 --7:00] [Thread 7048] PLAYER: ( 76561198092067587 ) R Vakero hills:1 (vakero) REMOTE SOLD ITEM bipod_01_F_khk FOR 25 POPTABS AND 2.5 RESPECT | PLAYER TOTAL MONEY: 8603
[00:04:11:201547 --7:00] [Thread 4368] PLAYER: ( 76561198092067587 ) R Vakero hills:1 (vakero) REMOTE SOLD ITEM bipod_01_F_khk FOR 25 POPTABS AND 2.5 RESPECT | PLAYER TOTAL MONEY: 8628
[00:04:11:903367 --7:00] [Thread 7048] PLAYER: ( 76561198092067587 ) R Vakero hills:1 (vakero) REMOTE SOLD ITEM bipod_01_F_khk FOR 25 POPTABS AND 2.5 RESPECT | PLAYER TOTAL MONEY: 8653
[00:04:12:608340 --7:00] [Thread 5888] PLAYER: ( 76561198092067587 ) R Vakero hills:1 (vakero) REMOTE SOLD ITEM bipod_01_F_khk FOR 25 POPTABS AND 2.5 RESPECT | PLAYER TOTAL MONEY: 8678
[00:04:13:312048 --7:00] [Thread 7048] PLAYER: ( 76561198092067587 ) R Vakero hills:1 (vakero) REMOTE SOLD ITEM bipod_01_F_khk FOR 25 POPTABS AND 2.5 RESPECT | PLAYER TOTAL MONEY: 8703
[00:04:13:949087 --7:00] [Thread 4368] PLAYER: ( 76561198092067587 ) R Vakero hills:1 (vakero) REMOTE SOLD ITEM bipod_01_F_khk FOR 25 POPTABS AND 2.5 RESPECT | PLAYER TOTAL MONEY: 8728
[00:04:18:732446 --7:00] [Thread 7048] PLAYER: ( 76561198092067587 ) R Vakero hills:1 (vakero) REMOTE SOLD ITEM bipod_01_F_khk FOR 25 POPTABS AND 2.5 RESPECT | PLAYER TOTAL MONEY: 8753
[00:04:19:479151 --7:00] [Thread 4368] PLAYER: ( 76561198092067587 ) R Vakero hills:1 (vakero) REMOTE SOLD ITEM bipod_01_F_khk FOR 25 POPTABS AND 2.5 RESPECT | PLAYER TOTAL MONEY: 8778
[00:04:20:245125 --7:00] [Thread 7048] PLAYER: ( 76561198092067587 ) R Vakero hills:1 (vakero) REMOTE SOLD ITEM bipod_01_F_khk FOR 25 POPTABS AND 2.5 RESPECT | PLAYER TOTAL MONEY: 8803
[00:04:20:908468 --7:00] [Thread 4368] PLAYER: ( 76561198092067587 ) R Vakero hills:1 (vakero) REMOTE SOLD ITEM bipod_01_F_khk FOR 25 POPTABS AND 2.5 RESPECT | PLAYER TOTAL MONEY: 8828
[00:04:21:561083 --7:00] [Thread 7048] PLAYER: ( 76561198092067587 ) R Vakero hills:1 (vakero) REMOTE SOLD ITEM bipod_01_F_khk FOR 25 POPTABS AND 2.5 RESPECT | PLAYER TOTAL MONEY: 8853
[00:04:22:835771 --7:00] [Thread 5888] PLAYER: ( 76561198092067587 ) R Vakero hills:1 (vakero) REMOTE SOLD ITEM bipod_01_F_khk FOR 25 POPTABS AND 2.5 RESPECT | PLAYER TOTAL MONEY: 8878
[00:04:23:682608 --7:00] [Thread 7048] PLAYER: ( 76561198092067587 ) R Vakero hills:1 (vakero) REMOTE SOLD ITEM bipod_01_F_khk FOR 25 POPTABS AND 2.5 RESPECT | PLAYER TOTAL MONEY: 8903
[00:04:24:929654 --7:00] [Thread 5888] PLAYER: ( 76561198092067587 ) R Vakero hills:1 (vakero) REMOTE SOLD ITEM bipod_01_F_khk FOR 25 POPTABS AND 2.5 RESPECT | PLAYER TOTAL MONEY: 8928
[00:04:25:653132 --7:00] [Thread 4368] PLAYER: ( 76561198092067587 ) R Vakero hills:1 (vakero) REMOTE SOLD ITEM bipod_01_F_khk FOR 25 POPTABS AND 2.5 RESPECT | PLAYER TOTAL MONEY: 8953
[00:04:26:862425 --7:00] [Thread 7048] PLAYER: ( 76561198092067587 ) R Vakero hills:1 (vakero) REMOTE SOLD ITEM bipod_01_F_khk FOR 25 POPTABS AND 2.5 RESPECT | PLAYER TOTAL MONEY: 8978
[00:04:27:479105 --7:00] [Thread 5888] PLAYER: ( 76561198092067587 ) R Vakero hills:1 (vakero) REMOTE SOLD ITEM bipod_01_F_khk FOR 25 POPTABS AND 2.5 RESPECT | PLAYER TOTAL MONEY: 9003
[00:04:28:466714 --7:00] [Thread 4368] PLAYER: ( 76561198092067587 ) R Vakero hills:1 (vakero) REMOTE SOLD ITEM bipod_01_F_khk FOR 25 POPTABS AND 2.5 RESPECT | PLAYER TOTAL MONEY: 9028
[00:04:29:148350 --7:00] [Thread 7048] PLAYER: ( 76561198092067587 ) R Vakero hills:1 (vakero) REMOTE SOLD ITEM bipod_01_F_khk FOR 25 POPTABS AND 2.5 RESPECT | PLAYER TOTAL MONEY: 9053
[00:04:29:865217 --7:00] [Thread 4368] PLAYER: ( 76561198092067587 ) R Vakero hills:1 (vakero) REMOTE SOLD ITEM bipod_01_F_khk FOR 25 POPTABS AND 2.5 RESPECT | PLAYER TOTAL MONEY: 9078
[00:04:30:504957 --7:00] [Thread 5888] PLAYER: ( 76561198092067587 ) R Vakero hills:1 (vakero) REMOTE SOLD ITEM bipod_01_F_khk FOR 25 POPTABS AND 2.5 RESPECT | PLAYER TOTAL MONEY: 9103
[00:04:38:706230 --7:00] [Thread 7048] PLAYER: ( 76561198092067587 ) R Vakero hills:1 (vakero) REMOTE SOLD ITEM bipod_01_F_khk FOR 25 POPTABS AND 2.5 RESPECT | PLAYER TOTAL MONEY: 9128
[00:04:39:545829 --7:00] [Thread 4368] PLAYER: ( 76561198092067587 ) R Vakero hills:1 (vakero) REMOTE SOLD ITEM bipod_01_F_khk FOR 25 POPTABS AND 2.5 RESPECT | PLAYER TOTAL MONEY: 9153
[00:04:40:169084 --7:00] [Thread 5888] PLAYER: ( 76561198092067587 ) R Vakero hills:1 (vakero) REMOTE SOLD ITEM bipod_01_F_khk FOR 25 POPTABS AND 2.5 RESPECT | PLAYER TOTAL MONEY: 9178
[00:04:40:831687 --7:00] [Thread 7048] PLAYER: ( 76561198092067587 ) R Vakero hills:1 (vakero) REMOTE SOLD ITEM bipod_01_F_khk FOR 25 POPTABS AND 2.5 RESPECT | PLAYER TOTAL MONEY: 9203
[00:04:41:967262 --7:00] [Thread 4368] PLAYER: ( 76561198092067587 ) R Vakero hills:1 (vakero) REMOTE SOLD ITEM bipod_01_F_khk FOR 25 POPTABS AND 2.5 RESPECT | PLAYER TOTAL MONEY: 9228
[00:04:42:802813 --7:00] [Thread 5888] PLAYER: ( 76561198092067587 ) R Vakero hills:1 (vakero) REMOTE SOLD ITEM bipod_01_F_khk FOR 25 POPTABS AND 2.5 RESPECT | PLAYER TOTAL MONEY: 9253
[00:04:43:485564 --7:00] [Thread 7048] PLAYER: ( 76561198092067587 ) R Vakero hills:1 (vakero) REMOTE SOLD ITEM bipod_01_F_khk FOR 25 POPTABS AND 2.5 RESPECT | PLAYER TOTAL MONEY: 9278
[00:04:44:604303 --7:00] [Thread 4368] PLAYER: ( 76561198092067587 ) R Vakero hills:1 (vakero) REMOTE SOLD ITEM bipod_01_F_khk FOR 25 POPTABS AND 2.5 RESPECT | PLAYER TOTAL MONEY: 9303
[00:04:45:309553 --7:00] [Thread 5888] PLAYER: ( 76561198092067587 ) R Vakero hills:1 (vakero) REMOTE SOLD ITEM bipod_01_F_khk FOR 25 POPTABS AND 2.5 RESPECT | PLAYER TOTAL MONEY: 9328
[00:04:46:010308 --7:00] [Thread 7048] PLAYER: ( 76561198092067587 ) R Vakero hills:1 (vakero) REMOTE SOLD ITEM bipod_01_F_khk FOR 25 POPTABS AND 2.5 RESPECT | PLAYER TOTAL MONEY: 9353
[00:04:47:275167 --7:00] [Thread 5888] PLAYER: ( 76561198092067587 ) R Vakero hills:1 (vakero) REMOTE SOLD ITEM bipod_01_F_khk FOR 25 POPTABS AND 2.5 RESPECT | PLAYER TOTAL MONEY: 9378
[00:04:48:159735 --7:00] [Thread 7048] PLAYER: ( 76561198092067587 ) R Vakero hills:1 (vakero) REMOTE SOLD ITEM bipod_01_F_khk FOR 25 POPTABS AND 2.5 RESPECT | PLAYER TOTAL MONEY: 9403
[00:04:48:975899 --7:00] [Thread 4368] PLAYER: ( 76561198092067587 ) R Vakero hills:1 (vakero) REMOTE SOLD ITEM bipod_01_F_khk FOR 25 POPTABS AND 2.5 RESPECT | PLAYER TOTAL MONEY: 9428
[00:05:03:249907 --7:00] [Thread 5888] PLAYER: ( 76561198092067587 ) R Vakero hills:1 (vakero) REMOTE SOLD ITEM bipod_01_F_khk FOR 25 POPTABS AND 2.5 RESPECT | PLAYER TOTAL MONEY: 9453
[00:05:13:234350 --7:00] [Thread 4368] PLAYER: ( 76561198092067587 ) R Vakero hills:1 (vakero) REMOTE PURCHASED ITEM muzzle_snds_H_MG_khk_F FOR 50 POPTABS | PLAYER TOTAL MONEY: 9403
[00:05:15:563500 --7:00] [Thread 5888] PLAYER: ( 76561198092067587 ) R Vakero hills:1 (vakero) REMOTE PURCHASED ITEM 100Rnd_65x39_caseless_mag FOR 100 POPTABS | PLAYER TOTAL MONEY: 9303
[00:05:17:641652 --7:00] [Thread 4368] PLAYER: ( 76561198092067587 ) R Vakero hills:1 (vakero) REMOTE PURCHASED ITEM 100Rnd_65x39_caseless_mag FOR 100 POPTABS | PLAYER TOTAL MONEY: 9203
[00:05:18:392592 --7:00] [Thread 5888] PLAYER: ( 76561198092067587 ) R Vakero hills:1 (vakero) REMOTE PURCHASED ITEM 100Rnd_65x39_caseless_mag FOR 100 POPTABS | PLAYER TOTAL MONEY: 9103
[00:05:19:241202 --7:00] [Thread 4368] PLAYER: ( 76561198092067587 ) R Vakero hills:1 (vakero) REMOTE PURCHASED ITEM 100Rnd_65x39_caseless_mag FOR 100 POPTABS | PLAYER TOTAL MONEY: 9003
[01:08:50:159524 --7:00] [Thread 5232] PLAYER: ( 76561198092067587 ) R Vakero hills:1 (vakero) REMOTE SOLD ITEM Exile_Magazine_30Rnd_762x39_AK FOR 10 POPTABS AND 1 RESPECT | PLAYER TOTAL MONEY: 710
[01:08:55:184141 --7:00] [Thread 6232] PLAYER: ( 76561198092067587 ) R Vakero hills:1 (vakero) REMOTE SOLD ITEM Exile_Item_InstaDoc FOR 500 POPTABS AND 50 RESPECT | PLAYER TOTAL MONEY: 1210
[01:08:55:904353 --7:00] [Thread 6740] PLAYER: ( 76561198092067587 ) R Vakero hills:1 (vakero) REMOTE SOLD ITEM Exile_Item_InstaDoc FOR 500 POPTABS AND 50 RESPECT | PLAYER TOTAL MONEY: 1710
[01:08:56:563928 --7:00] [Thread 5232] PLAYER: ( 76561198092067587 ) R Vakero hills:1 (vakero) REMOTE SOLD ITEM Exile_Item_InstaDoc FOR 500 POPTABS AND 50 RESPECT | PLAYER TOTAL MONEY: 2210
[01:08:57:442419 --7:00] [Thread 6740] PLAYER: ( 76561198092067587 ) R Vakero hills:1 (vakero) REMOTE SOLD ITEM Exile_Item_Vishpirin FOR 150 POPTABS AND 15 RESPECT | PLAYER TOTAL MONEY: 2360
[01:09:02:690658 --7:00] [Thread 5232] PLAYER: ( 76561198092067587 ) R Vakero hills:1 (vakero) REMOTE SOLD ITEM Exile_Weapon_AK107 FOR 150 POPTABS AND 15 RESPECT | PLAYER TOTAL MONEY: 2510
[01:09:03:523678 --7:00] [Thread 6232] PLAYER: ( 76561198092067587 ) R Vakero hills:1 (vakero) REMOTE SOLD ITEM Exile_Weapon_AK107_GL FOR 200 POPTABS AND 20 RESPECT | PLAYER TOTAL MONEY: 2710
[01:09:14:602648 --7:00] [Thread 6740] PLAYER: ( 76561198092067587 ) R Vakero hills:1 (vakero) REMOTE SOLD ITEM Exile_Magazine_10Rnd_9x39 FOR 10 POPTABS AND 1 RESPECT | PLAYER TOTAL MONEY: 2720
[01:09:15:417159 --7:00] [Thread 6232] PLAYER: ( 76561198092067587 ) R Vakero hills:1 (vakero) REMOTE SOLD ITEM Exile_Magazine_10Rnd_9x39 FOR 10 POPTABS AND 1 RESPECT | PLAYER TOTAL MONEY: 2730
[01:09:16:231739 --7:00] [Thread 6740] PLAYER: ( 76561198092067587 ) R Vakero hills:1 (vakero) REMOTE SOLD ITEM Exile_Magazine_10Rnd_9x39 FOR 10 POPTABS AND 1 RESPECT | PLAYER TOTAL MONEY: 2740
[01:09:21:242639 --7:00] [Thread 5232] PLAYER: ( 76561198092067587 ) R Vakero hills:1 (vakero) REMOTE SOLD ITEM Exile_Item_MetalBoard FOR 300 POPTABS AND 30 RESPECT | PLAYER TOTAL MONEY: 3040
[01:09:24:271438 --7:00] [Thread 6232] PLAYER: ( 76561198092067587 ) R Vakero hills:1 (vakero) REMOTE SOLD ITEM Exile_Item_Screwdriver FOR 125 POPTABS AND 12.5 RESPECT | PLAYER TOTAL MONEY: 3165
[01:09:25:124954 --7:00] [Thread 6232] PLAYER: ( 76561198092067587 ) R Vakero hills:1 (vakero) REMOTE SOLD ITEM Exile_Item_MetalPole FOR 400 POPTABS AND 40 RESPECT | PLAYER TOTAL MONEY: 3565
[01:09:27:936137 --7:00] [Thread 6740] PLAYER: ( 76561198092067587 ) R Vakero hills:1 (vakero) REMOTE SOLD ITEM Exile_Item_JunkMetal FOR 200 POPTABS AND 20 RESPECT | PLAYER TOTAL MONEY: 3765
[01:09:28:678997 --7:00] [Thread 5232] PLAYER: ( 76561198092067587 ) R Vakero hills:1 (vakero) REMOTE SOLD ITEM Exile_Item_MetalBoard FOR 300 POPTABS AND 30 RESPECT | PLAYER TOTAL MONEY: 4065
[01:09:36:962089 --7:00] [Thread 5232] PLAYER: ( 76561198092067587 ) R Vakero hills:1 (vakero) REMOTE SOLD ITEM Exile_Item_PlasticBottleFreshWater FOR 4 POPTABS AND 0.4 RESPECT | PLAYER TOTAL MONEY: 4069
[01:09:37:878552 --7:00] [Thread 6740] PLAYER: ( 76561198092067587 ) R Vakero hills:1 (vakero) REMOTE SOLD ITEM Exile_Item_PlasticBottleFreshWater FOR 4 POPTABS AND 0.4 RESPECT | PLAYER TOTAL MONEY: 4073
[01:09:38:669034 --7:00] [Thread 6232] PLAYER: ( 76561198092067587 ) R Vakero hills:1 (vakero) REMOTE SOLD ITEM Exile_Item_EMRE FOR 100 POPTABS AND 10 RESPECT | PLAYER TOTAL MONEY: 4173
[01:09:40:789259 --7:00] [Thread 6740] PLAYER: ( 76561198092067587 ) R Vakero hills:1 (vakero) REMOTE SOLD ITEM Exile_Item_EMRE FOR 100 POPTABS AND 10 RESPECT | PLAYER TOTAL MONEY: 4273
[01:09:44:062476 --7:00] [Thread 6232] PLAYER: ( 76561198092067587 ) R Vakero hills:1 (vakero) REMOTE SOLD ITEM Exile_Magazine_10Rnd_338_Bullet_Cam_Mag FOR 160 POPTABS AND 16 RESPECT | PLAYER TOTAL MONEY: 4433
[01:09:44:987385 --7:00] [Thread 6740] PLAYER: ( 76561198092067587 ) R Vakero hills:1 (vakero) REMOTE SOLD ITEM Exile_Magazine_10Rnd_338_Bullet_Cam_Mag FOR 160 POPTABS AND 16 RESPECT | PLAYER TOTAL MONEY: 4593
[01:09:45:837719 --7:00] [Thread 5232] PLAYER: ( 76561198092067587 ) R Vakero hills:1 (vakero) REMOTE SOLD ITEM 20Rnd_650x39_Cased_Mag_F FOR 25 POPTABS AND 2.5 RESPECT | PLAYER TOTAL MONEY: 4618
[01:09:46:667470 --7:00] [Thread 6232] PLAYER: ( 76561198092067587 ) R Vakero hills:1 (vakero) REMOTE SOLD ITEM 20Rnd_650x39_Cased_Mag_F FOR 25 POPTABS AND 2.5 RESPECT | PLAYER TOTAL MONEY: 4643
[01:09:47:391586 --7:00] [Thread 6740] PLAYER: ( 76561198092067587 ) R Vakero hills:1 (vakero) REMOTE SOLD ITEM 20Rnd_650x39_Cased_Mag_F FOR 25 POPTABS AND 2.5 RESPECT | PLAYER TOTAL MONEY: 4668
[01:09:48:194788 --7:00] [Thread 6232] PLAYER: ( 76561198092067587 ) R Vakero hills:1 (vakero) REMOTE SOLD ITEM 20Rnd_650x39_Cased_Mag_F FOR 25 POPTABS AND 2.5 RESPECT | PLAYER TOTAL MONEY: 4693
[01:09:48:982659 --7:00] [Thread 5232] PLAYER: ( 76561198092067587 ) R Vakero hills:1 (vakero) REMOTE SOLD ITEM 20Rnd_650x39_Cased_Mag_F FOR 25 POPTABS AND 2.5 RESPECT | PLAYER TOTAL MONEY: 4718
[01:09:55:411315 --7:00] [Thread 6740] PLAYER: ( 76561198092067587 ) R Vakero hills:1 (vakero) REMOTE SOLD ITEM Exile_Item_PlasticBottleFreshWater FOR 4 POPTABS AND 0.4 RESPECT | PLAYER TOTAL MONEY: 4722
[01:09:59:398494 --7:00] [Thread 6232] PLAYER: ( 76561198092067587 ) R Vakero hills:1 (vakero) REMOTE SOLD ITEM Exile_Item_InstaDoc FOR 500 POPTABS AND 50 RESPECT | PLAYER TOTAL MONEY: 5222
[01:10:00:226274 --7:00] [Thread 6740] PLAYER: ( 76561198092067587 ) R Vakero hills:1 (vakero) REMOTE SOLD ITEM Exile_Item_InstaDoc FOR 500 POPTABS AND 50 RESPECT | PLAYER TOTAL MONEY: 5722
[01:10:01:018904 --7:00] [Thread 6232] PLAYER: ( 76561198092067587 ) R Vakero hills:1 (vakero) REMOTE SOLD ITEM Exile_Item_InstaDoc FOR 500 POPTABS AND 50 RESPECT | PLAYER TOTAL MONEY: 6222
[01:10:01:713424 --7:00] [Thread 6740] PLAYER: ( 76561198092067587 ) R Vakero hills:1 (vakero) REMOTE SOLD ITEM Exile_Item_InstaDoc FOR 500 POPTABS AND 50 RESPECT | PLAYER TOTAL MONEY: 6722
[01:10:02:414869 --7:00] [Thread 6232] PLAYER: ( 76561198092067587 ) R Vakero hills:1 (vakero) REMOTE SOLD ITEM Exile_Item_InstaDoc FOR 500 POPTABS AND 50 RESPECT | PLAYER TOTAL MONEY: 7222
[01:10:04:278401 --7:00] [Thread 6232] PLAYER: ( 76561198092067587 ) R Vakero hills:1 (vakero) REMOTE SOLD ITEM Exile_Item_EMRE FOR 100 POPTABS AND 10 RESPECT | PLAYER TOTAL MONEY: 7322
[01:10:05:610607 --7:00] [Thread 6740] PLAYER: ( 76561198092067587 ) R Vakero hills:1 (vakero) REMOTE SOLD ITEM Exile_Item_InstaDoc FOR 500 POPTABS AND 50 RESPECT | PLAYER TOTAL MONEY: 7822
[01:10:11:143426 --7:00] [Thread 5232] PLAYER: ( 76561198092067587 ) R Vakero hills:1 (vakero) REMOTE SOLD ITEM Exile_Item_EMRE FOR 100 POPTABS AND 10 RESPECT | PLAYER TOTAL MONEY: 7922
[01:10:12:020642 --7:00] [Thread 6740] PLAYER: ( 76561198092067587 ) R Vakero hills:1 (vakero) REMOTE SOLD ITEM 20Rnd_650x39_Cased_Mag_F FOR 25 POPTABS AND 2.5 RESPECT | PLAYER TOTAL MONEY: 7947
[01:10:12:738517 --7:00] [Thread 5232] PLAYER: ( 76561198092067587 ) R Vakero hills:1 (vakero) REMOTE SOLD ITEM Exile_Magazine_30Rnd_545x39_AK FOR 10 POPTABS AND 1 RESPECT | PLAYER TOTAL MONEY: 7957
[01:10:13:513056 --7:00] [Thread 6740] PLAYER: ( 76561198092067587 ) R Vakero hills:1 (vakero) REMOTE SOLD ITEM 30Rnd_65x39_caseless_green FOR 25 POPTABS AND 2.5 RESPECT | PLAYER TOTAL MONEY: 7982
[01:10:14:199596 --7:00] [Thread 5232] PLAYER: ( 76561198092067587 ) R Vakero hills:1 (vakero) REMOTE SOLD ITEM 30Rnd_65x39_caseless_green FOR 25 POPTABS AND 2.5 RESPECT | PLAYER TOTAL MONEY: 8007
[01:10:14:877025 --7:00] [Thread 6740] PLAYER: ( 76561198092067587 ) R Vakero hills:1 (vakero) REMOTE SOLD ITEM 30Rnd_65x39_caseless_green FOR 25 POPTABS AND 2.5 RESPECT | PLAYER TOTAL MONEY: 8032
[01:10:15:492023 --7:00] [Thread 6232] PLAYER: ( 76561198092067587 ) R Vakero hills:1 (vakero) REMOTE SOLD ITEM 30Rnd_65x39_caseless_green FOR 25 POPTABS AND 2.5 RESPECT | PLAYER TOTAL MONEY: 8057
[01:10:16:126208 --7:00] [Thread 6740] PLAYER: ( 76561198092067587 ) R Vakero hills:1 (vakero) REMOTE SOLD ITEM Exile_Magazine_30Rnd_762x39_AK FOR 10 POPTABS AND 1 RESPECT | PLAYER TOTAL MONEY: 8067
[01:10:16:780695 --7:00] [Thread 6740] PLAYER: ( 76561198092067587 ) R Vakero hills:1 (vakero) REMOTE SOLD ITEM Exile_Magazine_30Rnd_762x39_AK FOR 10 POPTABS AND 1 RESPECT | PLAYER TOTAL MONEY: 8077
[01:10:17:566312 --7:00] [Thread 5232] PLAYER: ( 76561198092067587 ) R Vakero hills:1 (vakero) REMOTE SOLD ITEM Exile_Magazine_30Rnd_762x39_AK FOR 10 POPTABS AND 1 RESPECT | PLAYER TOTAL MONEY: 8087
[01:10:18:877680 --7:00] [Thread 6232] PLAYER: ( 76561198092067587 ) R Vakero hills:1 (vakero) REMOTE SOLD ITEM 130Rnd_338_Mag FOR 50 POPTABS AND 5 RESPECT | PLAYER TOTAL MONEY: 8137
[01:10:19:922424 --7:00] [Thread 5232] PLAYER: ( 76561198092067587 ) R Vakero hills:1 (vakero) REMOTE SOLD ITEM Exile_Magazine_6Rnd_45ACP FOR 10 POPTABS AND 1 RESPECT | PLAYER TOTAL MONEY: 8147
[01:10:23:011117 --7:00] [Thread 6232] PLAYER: ( 76561198092067587 ) R Vakero hills:1 (vakero) REMOTE SOLD ITEM srifle_DMR_07_ghex_F FOR 500 POPTABS AND 50 RESPECT | PLAYER TOTAL MONEY: 8647
[01:10:26:014267 --7:00] [Thread 5232] PLAYER: ( 76561198092067587 ) R Vakero hills:1 (vakero) REMOTE SOLD ITEM MMG_02_black_F FOR 1000 POPTABS AND 100 RESPECT | PLAYER TOTAL MONEY: 9647
[01:10:26:942436 --7:00] [Thread 6232] PLAYER: ( 76561198092067587 ) R Vakero hills:1 (vakero) REMOTE SOLD ITEM Exile_Weapon_TaurusGold FOR 75 POPTABS AND 7.5 RESPECT | PLAYER TOTAL MONEY: 9722
[01:10:27:819590 --7:00] [Thread 6740] PLAYER: ( 76561198092067587 ) R Vakero hills:1 (vakero) REMOTE SOLD ITEM Rangefinder FOR 200 POPTABS AND 20 RESPECT | PLAYER TOTAL MONEY: 9922
[01:10:30:460555 --7:00] [Thread 5232] PLAYER: ( 76561198092067587 ) R Vakero hills:1 (vakero) REMOTE SOLD ITEM srifle_DMR_05_blk_F FOR 1250 POPTABS AND 125 RESPECT | PLAYER TOTAL MONEY: 11172
[01:10:31:561415 --7:00] [Thread 6740] PLAYER: ( 76561198092067587 ) R Vakero hills:1 (vakero) REMOTE SOLD ITEM Exile_Weapon_AKS_Gold FOR 275 POPTABS AND 27.5 RESPECT | PLAYER TOTAL MONEY: 11447
[01:10:32:619097 --7:00] [Thread 5232] PLAYER: ( 76561198092067587 ) R Vakero hills:1 (vakero) REMOTE SOLD ITEM arifle_Katiba_F FOR 200 POPTABS AND 20 RESPECT | PLAYER TOTAL MONEY: 11647
[01:10:36:712911 --7:00] [Thread 5232] PLAYER: ( 76561198092067587 ) R Vakero hills:1 (vakero) REMOTE SOLD ITEM optic_Holosight FOR 75 POPTABS AND 7.5 RESPECT | PLAYER TOTAL MONEY: 11722
[01:10:37:656174 --7:00] [Thread 6232] PLAYER: ( 76561198092067587 ) R Vakero hills:1 (vakero) REMOTE SOLD ITEM bipod_01_F_blk FOR 25 POPTABS AND 2.5 RESPECT | PLAYER TOTAL MONEY: 11747
[01:10:40:311146 --7:00] [Thread 6740] PLAYER: ( 76561198092067587 ) R Vakero hills:1 (vakero) REMOTE SOLD ITEM muzzle_snds_65_TI_hex_F FOR 37 POPTABS AND 3.7 RESPECT | PLAYER TOTAL MONEY: 11784
[01:10:41:579786 --7:00] [Thread 5232] PLAYER: ( 76561198092067587 ) R Vakero hills:1 (vakero) REMOTE SOLD ITEM Exile_Item_XM8 FOR 10 POPTABS AND 1 RESPECT | PLAYER TOTAL MONEY: 11794
