[20:03:17:572160 --7:00] [Thread 6008] Micha was killed by an NPC!
[20:05:19:717798 --7:00] [Thread 6008] BTATCOM was killed by an NPC!
[01:04:45:605196 --7:00] [Thread 6124] Ethan was killed by an NPC!
[01:11:55:707764 --7:00] [Thread 4788] Ethan was killed by an NPC!
[01:13:21:345799 --7:00] [Thread 6124] Ethan died for an unknown reason!
[01:15:54:513692 --7:00] [Thread 4788] Ethan was killed by an NPC!
[05:28:09:315054 --7:00] [Thread 4368] Surgeon was killed by an NPC!
[05:40:30:592257 --7:00] [Thread 4368] Surgeon was killed by an NPC!
[11:48:14:584404 --7:00] [Thread 856] Magne commited suicide!
[12:29:06:006184 --7:00] [Thread 3128] Micha was killed by an NPC!
[12:29:53:478837 --7:00] [Thread 3128] BTATCOM was killed by an NPC!
[12:32:19:354158 --7:00] [Thread 5252] BTATCOM was killed by an NPC!
[12:35:50:901378 --7:00] [Thread 3128] BTATCOM was killed by an NPC!
[12:35:58:387348 --7:00] [Thread 5744] Micha was killed by an NPC!
[12:37:31:999489 --7:00] [Thread 3128] Micha commited suicide!
[12:43:02:283007 --7:00] [Thread 5224] BTATCOM commited suicide!
[12:56:34:073304 --7:00] [Thread 3128] JoMilla was killed by an NPC!
[12:56:38:148537 --7:00] [Thread 5224] BTATCOM was killed by an NPC!
[12:59:03:786974 --7:00] [Thread 5744] JoMilla commited suicide!
[13:00:23:715156 --7:00] [Thread 3128] BTATCOM commited suicide!
[13:12:16:559649 --7:00] [Thread 5744] BTATCOM was killed by an NPC!
[13:13:06:531944 --7:00] [Thread 3792] Micha was killed by an NPC!
[13:13:07:435300 --7:00] [Thread 3128] BTATCOM was killed by an NPC!
[13:21:09:096759 --7:00] [Thread 5252] JoMilla commited suicide!
[13:21:09:206786 --7:00] [Thread 3128] Micha was team-killed by JoMilla!
[13:51:21:159241 --7:00] [Thread 4892] JoMilla was killed by an NPC!
[14:09:21:457542 --7:00] [Thread 5744] JoMilla was killed by an NPC!
