[19:38:44:886448 --7:00] [Thread 6008] PLAYER: ( 76561198028618099 ) R Alpha 1-3:1 (BTATCOM) REMOTE PURCHASED ITEM NVGoggles_INDEP FOR 400 POPTABS | PLAYER TOTAL MONEY: 29600
[19:39:25:759117 --7:00] [Thread 5876] PLAYER: ( 76561198028618099 ) R Alpha 1-3:1 (BTATCOM) REMOTE PURCHASED ITEM Exile_Item_BeefParts FOR 50 POPTABS | PLAYER TOTAL MONEY: 29550
[19:39:34:509433 --7:00] [Thread 6008] PLAYER: ( 76561198028618099 ) R Alpha 1-3:1 (BTATCOM) REMOTE PURCHASED ITEM Exile_Item_PlasticBottleFreshWater FOR 150 POPTABS | PLAYER TOTAL MONEY: 29400
[19:41:39:815170 --7:00] [Thread 6008] PLAYER: ( 76561198028618099 ) R Alpha 1-3:1 (BTATCOM) REMOTE PURCHASED ITEM Exile_Magazine_10Rnd_93x64_DMR_05_Bullet_Cam_Mag FOR 280 POPTABS | PLAYER TOTAL MONEY: 29120
[19:41:40:894906 --7:00] [Thread 5876] PLAYER: ( 76561198028618099 ) R Alpha 1-3:1 (BTATCOM) REMOTE PURCHASED ITEM Exile_Magazine_10Rnd_93x64_DMR_05_Bullet_Cam_Mag FOR 280 POPTABS | PLAYER TOTAL MONEY: 28840
[19:41:41:925234 --7:00] [Thread 6008] PLAYER: ( 76561198028618099 ) R Alpha 1-3:1 (BTATCOM) REMOTE PURCHASED ITEM Exile_Magazine_10Rnd_93x64_DMR_05_Bullet_Cam_Mag FOR 280 POPTABS | PLAYER TOTAL MONEY: 28560
[19:41:43:086634 --7:00] [Thread 5876] PLAYER: ( 76561198028618099 ) R Alpha 1-3:1 (BTATCOM) REMOTE PURCHASED ITEM Exile_Magazine_10Rnd_93x64_DMR_05_Bullet_Cam_Mag FOR 280 POPTABS | PLAYER TOTAL MONEY: 28280
[19:42:01:232449 --7:00] [Thread 6008] PLAYER: ( 76561198028618099 ) R Alpha 1-3:1 (BTATCOM) REMOTE PURCHASED ITEM acc_pointer_IR FOR 20 POPTABS | PLAYER TOTAL MONEY: 28260
[19:42:13:603551 --7:00] [Thread 5876] PLAYER: ( 76561198033382828 ) R Alpha 2-1:1 (Micha) REMOTE PURCHASED ITEM Exile_Magazine_10Rnd_9x39 FOR 20 POPTABS | PLAYER TOTAL MONEY: 480
[19:42:14:484645 --7:00] [Thread 6008] PLAYER: ( 76561198033382828 ) R Alpha 2-1:1 (Micha) REMOTE PURCHASED ITEM Exile_Magazine_10Rnd_9x39 FOR 20 POPTABS | PLAYER TOTAL MONEY: 460
[19:42:15:800374 --7:00] [Thread 5876] PLAYER: ( 76561198033382828 ) R Alpha 2-1:1 (Micha) REMOTE PURCHASED ITEM Exile_Magazine_10Rnd_9x39 FOR 20 POPTABS | PLAYER TOTAL MONEY: 440
[23:40:41:859462 --7:00] [Thread 4532] PLAYER: ( 76561198153669780 ) R Alpha 1-3:1 (Nonbiri) REMOTE PURCHASED ITEM Exile_Item_CanOpener FOR 80 POPTABS | PLAYER TOTAL MONEY: 4920
[23:40:44:563540 --7:00] [Thread 5988] PLAYER: ( 76561198153669780 ) R Alpha 1-3:1 (Nonbiri) REMOTE PURCHASED ITEM Exile_Item_CanOpener FOR 80 POPTABS | PLAYER TOTAL MONEY: 4840
[23:40:53:058404 --7:00] [Thread 3792] PLAYER: ( 76561198153669780 ) R Alpha 1-3:1 (Nonbiri) REMOTE SOLD ITEM Exile_Weapon_SVD FOR 400 POPTABS AND 40 RESPECT | PLAYER TOTAL MONEY: 5240
[23:40:56:086430 --7:00] [Thread 4532] PLAYER: ( 76561198153669780 ) R Alpha 1-3:1 (Nonbiri) REMOTE SOLD ITEM optic_MRD FOR 50 POPTABS AND 5 RESPECT | PLAYER TOTAL MONEY: 5290
[23:44:35:475719 --7:00] [Thread 5988] PLAYER: ( 76561198153669780 ) R Alpha 1-3:1 (Nonbiri) REMOTE PURCHASED ITEM optic_Arco FOR 300 POPTABS | PLAYER TOTAL MONEY: 4990
[23:44:58:030703 --7:00] [Thread 5988] PLAYER: ( 76561198153669780 ) R Alpha 1-3:1 (Nonbiri) REMOTE PURCHASED ITEM bipod_01_F_mtp FOR 50 POPTABS | PLAYER TOTAL MONEY: 4940
[23:45:02:164644 --7:00] [Thread 4532] PLAYER: ( 76561198153669780 ) R Alpha 1-3:1 (Nonbiri) REMOTE PURCHASED ITEM muzzle_snds_B_khk_F FOR 50 POPTABS | PLAYER TOTAL MONEY: 4890
[23:45:10:515123 --7:00] [Thread 5988] PLAYER: ( 76561198153669780 ) R Alpha 1-3:1 (Nonbiri) REMOTE PURCHASED ITEM 20Rnd_762x51_Mag FOR 50 POPTABS | PLAYER TOTAL MONEY: 4840
[23:45:11:668993 --7:00] [Thread 4532] PLAYER: ( 76561198153669780 ) R Alpha 1-3:1 (Nonbiri) REMOTE PURCHASED ITEM 20Rnd_762x51_Mag FOR 50 POPTABS | PLAYER TOTAL MONEY: 4790
[23:45:12:852523 --7:00] [Thread 5988] PLAYER: ( 76561198153669780 ) R Alpha 1-3:1 (Nonbiri) REMOTE PURCHASED ITEM 20Rnd_762x51_Mag FOR 50 POPTABS | PLAYER TOTAL MONEY: 4740
[23:47:53:020218 --7:00] [Thread 3792] PLAYER: ( 76561198153669780 ) R Alpha 1-3:1 (Nonbiri) REMOTE SOLD ITEM Exile_Magazine_10Rnd_762x54 FOR 10 POPTABS AND 1 RESPECT | PLAYER TOTAL MONEY: 4750
[23:47:54:652862 --7:00] [Thread 5988] PLAYER: ( 76561198153669780 ) R Alpha 1-3:1 (Nonbiri) REMOTE SOLD ITEM Exile_Magazine_10Rnd_762x54 FOR 10 POPTABS AND 1 RESPECT | PLAYER TOTAL MONEY: 4760
[23:47:56:352981 --7:00] [Thread 4532] PLAYER: ( 76561198153669780 ) R Alpha 1-3:1 (Nonbiri) REMOTE SOLD ITEM Exile_Magazine_10Rnd_762x54 FOR 10 POPTABS AND 1 RESPECT | PLAYER TOTAL MONEY: 4770
[23:48:03:525246 --7:00] [Thread 3792] PLAYER: ( 76561198153669780 ) R Alpha 1-3:1 (Nonbiri) REMOTE SOLD ITEM V_Press_F FOR 100 POPTABS AND 10 RESPECT | PLAYER TOTAL MONEY: 4870
[23:48:23:659606 --7:00] [Thread 4532] PLAYER: ( 76561198153669780 ) R Alpha 1-3:1 (Nonbiri) REMOTE PURCHASED ITEM V_PlateCarrier1_rgr FOR 400 POPTABS | PLAYER TOTAL MONEY: 4470
[23:48:43:012501 --7:00] [Thread 3792] PLAYER: ( 76561198153669780 ) R Alpha 1-3:1 (Nonbiri) REMOTE PURCHASED ITEM H_HelmetB_TI_tna_F FOR 300 POPTABS | PLAYER TOTAL MONEY: 4170
[23:49:19:637348 --7:00] [Thread 4532] PLAYER: ( 76561198153669780 ) R Alpha 1-3:1 (Nonbiri) REMOTE PURCHASED ITEM U_B_T_Soldier_SL_F FOR 40 POPTABS | PLAYER TOTAL MONEY: 4130
[23:49:54:005337 --7:00] [Thread 5988] PLAYER: ( 76561198153669780 ) R Alpha 1-3:1 (Nonbiri) REMOTE SOLD ITEM Exile_Item_CanOpener FOR 40 POPTABS AND 4 RESPECT | PLAYER TOTAL MONEY: 4170
[23:50:33:385358 --7:00] [Thread 4532] PLAYER: ( 76561198153669780 ) R Alpha 1-3:1 (Nonbiri) REMOTE PURCHASED ITEM Exile_Item_Vishpirin FOR 300 POPTABS | PLAYER TOTAL MONEY: 3870
[23:51:08:748774 --7:00] [Thread 5988] PLAYER: ( 76561198153669780 ) R Alpha 1-3:1 (Nonbiri) REMOTE PURCHASED ITEM 20Rnd_762x51_Mag FOR 50 POPTABS | PLAYER TOTAL MONEY: 3820
[23:51:11:759247 --7:00] [Thread 4532] PLAYER: ( 76561198153669780 ) R Alpha 1-3:1 (Nonbiri) REMOTE PURCHASED ITEM 20Rnd_762x51_Mag FOR 50 POPTABS | PLAYER TOTAL MONEY: 3770
[00:08:49:527716 --7:00] [Thread 3792] PLAYER: ( 76561198153669780 ) R Alpha 1-3:1 (Nonbiri) REMOTE SOLD ITEM srifle_DMR_05_hex_F FOR 1275 POPTABS AND 127.5 RESPECT | PLAYER TOTAL MONEY: 1275
[00:11:12:088120 --7:00] [Thread 4532] PLAYER: ( 76561198153669780 ) R Alpha 1-3:1 (Nonbiri) REMOTE PURCHASED ITEM Exile_Item_DuctTape FOR 300 POPTABS | PLAYER TOTAL MONEY: 975
[00:11:40:705139 --7:00] [Thread 5988] PLAYER: ( 76561198153669780 ) R Alpha 1-3:1 (Nonbiri) REMOTE SOLD ITEM: Exile_Bike_QuadBike_Nato (ID# <null>) with Cargo ["10Rnd_93x64_DMR_05_Mag","10Rnd_93x64_DMR_05_Mag","10Rnd_93x64_DMR_05_Mag","10Rnd_93x64_DMR_05_Mag","10Rnd_93x64_DMR_05_Mag","srifle_DMR_05_hex_F"] FOR 2125 POPTABS AND 212.5 RESPECT | PLAYER TOTAL MONEY: 3100
[00:14:46:389895 --7:00] [Thread 5988] PLAYER: ( 76561198153669780 ) R Alpha 1-3:1 (Nonbiri) REMOTE PURCHASED VEHICLE Exile_Car_LandRover_Ambulance_Green FOR 6000 POPTABS | PLAYER TOTAL MONEY: 100
[00:18:47:217087 --7:00] [Thread 5988] PLAYER: ( 76561198153669780 ) R Alpha 1-3:1 (Nonbiri) REMOTE SOLD ITEM: Exile_Car_LandRover_Ambulance_Desert (ID# <null>) with Cargo [] FOR 3000 POPTABS AND 300 RESPECT | PLAYER TOTAL MONEY: 3000
[00:44:54:731255 --7:00] [Thread 5988] PLAYER: ( 76561198153669780 ) R Alpha 1-3:1 (Nonbiri) REMOTE SOLD ITEM: Exile_Car_LandRover_Ambulance_Desert (ID# <null>) with Cargo [] FOR 3000 POPTABS AND 300 RESPECT | PLAYER TOTAL MONEY: 3200
[11:32:31:097107 --7:00] [Thread 5316] PLAYER: ( 76561198028618099 ) R HARAMBE:1 (BTATCOM) REMOTE PURCHASED ITEM B_ViperLightHarness_blk_F FOR 500 POPTABS | PLAYER TOTAL MONEY: 27760
[11:32:49:536216 --7:00] [Thread 856] PLAYER: ( 76561198028618099 ) R HARAMBE:1 (BTATCOM) REMOTE PURCHASED ITEM B_ViperLightHarness_blk_F FOR 500 POPTABS | PLAYER TOTAL MONEY: 27260
[11:32:57:821532 --7:00] [Thread 5316] PLAYER: ( 76561198028618099 ) R HARAMBE:1 (BTATCOM) REMOTE PURCHASED ITEM Exile_Headgear_SantaHat FOR 60 POPTABS | PLAYER TOTAL MONEY: 27200
[11:34:10:046784 --7:00] [Thread 856] PLAYER: ( 76561198028618099 ) R HARAMBE:1 (BTATCOM) REMOTE PURCHASED ITEM G_Balaclava_TI_G_blk_F FOR 15 POPTABS | PLAYER TOTAL MONEY: 27185
[11:34:25:050508 --7:00] [Thread 856] PLAYER: ( 76561198028618099 ) R HARAMBE:1 (BTATCOM) REMOTE PURCHASED ITEM G_Bandanna_beast FOR 6 POPTABS | PLAYER TOTAL MONEY: 27179
[11:35:14:917084 --7:00] [Thread 5316] PLAYER: ( 76561198028618099 ) R HARAMBE:1 (BTATCOM) REMOTE PURCHASED ITEM V_TacVest_blk FOR 200 POPTABS | PLAYER TOTAL MONEY: 26979
[11:35:47:620634 --7:00] [Thread 856] PLAYER: ( 76561198028618099 ) R HARAMBE:1 (BTATCOM) REMOTE PURCHASED ITEM V_PlateCarrierIA2_dgtl FOR 400 POPTABS | PLAYER TOTAL MONEY: 26579
[11:36:24:578038 --7:00] [Thread 5316] PLAYER: ( 76561198028618099 ) R HARAMBE:1 (BTATCOM) REMOTE PURCHASED ITEM V_PlateCarrierL_CTRG FOR 400 POPTABS | PLAYER TOTAL MONEY: 26179
[11:36:50:951571 --7:00] [Thread 856] PLAYER: ( 76561198028618099 ) R HARAMBE:1 (BTATCOM) REMOTE PURCHASED ITEM H_Beret_02 FOR 60 POPTABS | PLAYER TOTAL MONEY: 26119
[11:38:17:472558 --7:00] [Thread 5316] PLAYER: ( 76561198028618099 ) R HARAMBE:1 (BTATCOM) REMOTE PURCHASED ITEM U_B_CTRG_1 FOR 200 POPTABS | PLAYER TOTAL MONEY: 25919
[11:38:50:645289 --7:00] [Thread 856] PLAYER: ( 76561198028618099 ) R HARAMBE:1 (BTATCOM) REMOTE PURCHASED ITEM U_B_T_Soldier_AR_F FOR 400 POPTABS | PLAYER TOTAL MONEY: 25519
[11:39:49:477004 --7:00] [Thread 856] PLAYER: ( 76561198028618099 ) R HARAMBE:1 (BTATCOM) REMOTE PURCHASED ITEM srifle_EBR_F FOR 1500 POPTABS | PLAYER TOTAL MONEY: 24019
[11:40:16:959993 --7:00] [Thread 5316] PLAYER: ( 76561198028618099 ) R HARAMBE:1 (BTATCOM) REMOTE PURCHASED ITEM muzzle_snds_B_snd_F FOR 50 POPTABS | PLAYER TOTAL MONEY: 23969
[11:40:21:351122 --7:00] [Thread 856] PLAYER: ( 76561198028618099 ) R HARAMBE:1 (BTATCOM) REMOTE PURCHASED ITEM bipod_02_F_tan FOR 50 POPTABS | PLAYER TOTAL MONEY: 23919
[11:40:26:856892 --7:00] [Thread 5316] PLAYER: ( 76561198028618099 ) R HARAMBE:1 (BTATCOM) REMOTE PURCHASED ITEM 20Rnd_762x51_Mag FOR 50 POPTABS | PLAYER TOTAL MONEY: 23869
[11:40:29:088855 --7:00] [Thread 856] PLAYER: ( 76561198028618099 ) R HARAMBE:1 (BTATCOM) REMOTE PURCHASED ITEM 20Rnd_762x51_Mag FOR 50 POPTABS | PLAYER TOTAL MONEY: 23819
[11:40:29:466157 --7:00] [Thread 5316] PLAYER: ( 76561198028618099 ) R HARAMBE:1 (BTATCOM) REMOTE PURCHASED ITEM 20Rnd_762x51_Mag FOR 50 POPTABS | PLAYER TOTAL MONEY: 23769
[11:40:31:586469 --7:00] [Thread 856] PLAYER: ( 76561198028618099 ) R HARAMBE:1 (BTATCOM) REMOTE PURCHASED ITEM 20Rnd_762x51_Mag FOR 50 POPTABS | PLAYER TOTAL MONEY: 23719
[11:40:32:385725 --7:00] [Thread 5316] PLAYER: ( 76561198028618099 ) R HARAMBE:1 (BTATCOM) REMOTE PURCHASED ITEM 20Rnd_762x51_Mag FOR 50 POPTABS | PLAYER TOTAL MONEY: 23669
[11:40:33:677497 --7:00] [Thread 856] PLAYER: ( 76561198028618099 ) R HARAMBE:1 (BTATCOM) REMOTE PURCHASED ITEM 20Rnd_762x51_Mag FOR 50 POPTABS | PLAYER TOTAL MONEY: 23619
[11:40:35:028343 --7:00] [Thread 5316] PLAYER: ( 76561198028618099 ) R HARAMBE:1 (BTATCOM) REMOTE PURCHASED ITEM 20Rnd_762x51_Mag FOR 50 POPTABS | PLAYER TOTAL MONEY: 23569
[11:40:35:729295 --7:00] [Thread 856] PLAYER: ( 76561198028618099 ) R HARAMBE:1 (BTATCOM) REMOTE PURCHASED ITEM 20Rnd_762x51_Mag FOR 50 POPTABS | PLAYER TOTAL MONEY: 23519
[11:40:37:240315 --7:00] [Thread 5316] PLAYER: ( 76561198028618099 ) R HARAMBE:1 (BTATCOM) REMOTE PURCHASED ITEM 20Rnd_762x51_Mag FOR 50 POPTABS | PLAYER TOTAL MONEY: 23469
[11:40:54:904436 --7:00] [Thread 856] PLAYER: ( 76561198028618099 ) R HARAMBE:1 (BTATCOM) REMOTE PURCHASED ITEM optic_Arco_blk_F FOR 200 POPTABS | PLAYER TOTAL MONEY: 23269
[11:41:42:779822 --7:00] [Thread 5316] PLAYER: ( 76561198028618099 ) R HARAMBE:1 (BTATCOM) REMOTE PURCHASED ITEM srifle_EBR_F FOR 1500 POPTABS | PLAYER TOTAL MONEY: 21769
[11:41:58:735811 --7:00] [Thread 856] PLAYER: ( 76561198028618099 ) R HARAMBE:1 (BTATCOM) REMOTE PURCHASED ITEM muzzle_snds_B_snd_F FOR 50 POPTABS | PLAYER TOTAL MONEY: 21719
[11:42:02:607837 --7:00] [Thread 5316] PLAYER: ( 76561198028618099 ) R HARAMBE:1 (BTATCOM) REMOTE PURCHASED ITEM bipod_02_F_tan FOR 50 POPTABS | PLAYER TOTAL MONEY: 21669
[11:42:07:662148 --7:00] [Thread 856] PLAYER: ( 76561198028618099 ) R HARAMBE:1 (BTATCOM) REMOTE PURCHASED ITEM 20Rnd_762x51_Mag FOR 50 POPTABS | PLAYER TOTAL MONEY: 21619
[11:42:08:381691 --7:00] [Thread 5316] PLAYER: ( 76561198028618099 ) R HARAMBE:1 (BTATCOM) REMOTE PURCHASED ITEM 20Rnd_762x51_Mag FOR 50 POPTABS | PLAYER TOTAL MONEY: 21569
[11:42:09:155857 --7:00] [Thread 856] PLAYER: ( 76561198028618099 ) R HARAMBE:1 (BTATCOM) REMOTE PURCHASED ITEM 20Rnd_762x51_Mag FOR 50 POPTABS | PLAYER TOTAL MONEY: 21519
[11:42:09:927688 --7:00] [Thread 5316] PLAYER: ( 76561198028618099 ) R HARAMBE:1 (BTATCOM) REMOTE PURCHASED ITEM 20Rnd_762x51_Mag FOR 50 POPTABS | PLAYER TOTAL MONEY: 21469
[11:42:10:720783 --7:00] [Thread 856] PLAYER: ( 76561198028618099 ) R HARAMBE:1 (BTATCOM) REMOTE PURCHASED ITEM 20Rnd_762x51_Mag FOR 50 POPTABS | PLAYER TOTAL MONEY: 21419
[11:42:11:531625 --7:00] [Thread 5316] PLAYER: ( 76561198028618099 ) R HARAMBE:1 (BTATCOM) REMOTE PURCHASED ITEM 20Rnd_762x51_Mag FOR 50 POPTABS | PLAYER TOTAL MONEY: 21369
[11:42:12:255758 --7:00] [Thread 856] PLAYER: ( 76561198028618099 ) R HARAMBE:1 (BTATCOM) REMOTE PURCHASED ITEM 20Rnd_762x51_Mag FOR 50 POPTABS | PLAYER TOTAL MONEY: 21319
[11:42:13:115187 --7:00] [Thread 5316] PLAYER: ( 76561198028618099 ) R HARAMBE:1 (BTATCOM) REMOTE PURCHASED ITEM 20Rnd_762x51_Mag FOR 50 POPTABS | PLAYER TOTAL MONEY: 21269
[11:42:14:171877 --7:00] [Thread 856] PLAYER: ( 76561198028618099 ) R HARAMBE:1 (BTATCOM) REMOTE PURCHASED ITEM 20Rnd_762x51_Mag FOR 50 POPTABS | PLAYER TOTAL MONEY: 21219
[11:42:22:714779 --7:00] [Thread 5316] PLAYER: ( 76561198028618099 ) R HARAMBE:1 (BTATCOM) REMOTE PURCHASED ITEM acc_pointer_IR FOR 20 POPTABS | PLAYER TOTAL MONEY: 21199
[11:42:33:611207 --7:00] [Thread 856] PLAYER: ( 76561198028618099 ) R HARAMBE:1 (BTATCOM) REMOTE PURCHASED ITEM optic_Arco_blk_F FOR 200 POPTABS | PLAYER TOTAL MONEY: 20999
[11:42:51:700418 --7:00] [Thread 5316] PLAYER: ( 76561198028618099 ) R HARAMBE:1 (BTATCOM) REMOTE PURCHASED ITEM optic_SOS FOR 400 POPTABS | PLAYER TOTAL MONEY: 20599
[11:42:53:987084 --7:00] [Thread 856] PLAYER: ( 76561198028618099 ) R HARAMBE:1 (BTATCOM) REMOTE PURCHASED ITEM optic_SOS FOR 400 POPTABS | PLAYER TOTAL MONEY: 20199
[11:43:28:331920 --7:00] [Thread 5316] PLAYER: ( 76561198028618099 ) R HARAMBE:1 (BTATCOM) REMOTE PURCHASED ITEM acc_pointer_IR FOR 20 POPTABS | PLAYER TOTAL MONEY: 20179
[11:44:16:949054 --7:00] [Thread 856] PLAYER: ( 76561198028618099 ) R HARAMBE:1 (BTATCOM) REMOTE PURCHASED ITEM ItemGPS FOR 40 POPTABS | PLAYER TOTAL MONEY: 20139
[11:44:18:542267 --7:00] [Thread 5316] PLAYER: ( 76561198028618099 ) R HARAMBE:1 (BTATCOM) REMOTE PURCHASED ITEM ItemGPS FOR 40 POPTABS | PLAYER TOTAL MONEY: 20099
[11:44:37:076876 --7:00] [Thread 856] PLAYER: ( 76561198028618099 ) R HARAMBE:1 (BTATCOM) REMOTE PURCHASED ITEM NVGoggles_OPFOR FOR 400 POPTABS | PLAYER TOTAL MONEY: 19699
[11:44:38:732792 --7:00] [Thread 5316] PLAYER: ( 76561198028618099 ) R HARAMBE:1 (BTATCOM) REMOTE PURCHASED ITEM NVGoggles_OPFOR FOR 400 POPTABS | PLAYER TOTAL MONEY: 19299
[11:45:04:797727 --7:00] [Thread 856] PLAYER: ( 76561198028618099 ) R HARAMBE:1 (BTATCOM) REMOTE PURCHASED ITEM NVGoggles_OPFOR FOR 400 POPTABS | PLAYER TOTAL MONEY: 18899
[11:45:15:004105 --7:00] [Thread 5316] PLAYER: ( 76561198028618099 ) R HARAMBE:1 (BTATCOM) REMOTE PURCHASED ITEM Exile_Item_Defibrillator FOR 3000 POPTABS | PLAYER TOTAL MONEY: 15899
[11:45:18:481740 --7:00] [Thread 856] PLAYER: ( 76561198028618099 ) R HARAMBE:1 (BTATCOM) REMOTE PURCHASED ITEM Exile_Item_DuctTape FOR 300 POPTABS | PLAYER TOTAL MONEY: 15599
[11:45:56:603620 --7:00] [Thread 5316] PLAYER: ( 76561198028618099 ) R HARAMBE:1 (BTATCOM) REMOTE PURCHASED ITEM Exile_Item_BeefParts FOR 50 POPTABS | PLAYER TOTAL MONEY: 15549
[11:45:57:607577 --7:00] [Thread 856] PLAYER: ( 76561198028618099 ) R HARAMBE:1 (BTATCOM) REMOTE PURCHASED ITEM Exile_Item_BeefParts FOR 50 POPTABS | PLAYER TOTAL MONEY: 15499
[11:46:00:114269 --7:00] [Thread 5316] PLAYER: ( 76561198028618099 ) R HARAMBE:1 (BTATCOM) REMOTE PURCHASED ITEM Exile_Item_PlasticBottleFreshWater FOR 150 POPTABS | PLAYER TOTAL MONEY: 15349
[11:46:01:081211 --7:00] [Thread 856] PLAYER: ( 76561198028618099 ) R HARAMBE:1 (BTATCOM) REMOTE PURCHASED ITEM Exile_Item_PlasticBottleFreshWater FOR 150 POPTABS | PLAYER TOTAL MONEY: 15199
[11:46:03:836740 --7:00] [Thread 5316] PLAYER: ( 76561198028618099 ) R HARAMBE:1 (BTATCOM) REMOTE PURCHASED ITEM Exile_Item_BeefParts FOR 50 POPTABS | PLAYER TOTAL MONEY: 15149
[11:46:05:538700 --7:00] [Thread 856] PLAYER: ( 76561198028618099 ) R HARAMBE:1 (BTATCOM) REMOTE PURCHASED ITEM Exile_Item_PlasticBottleFreshWater FOR 150 POPTABS | PLAYER TOTAL MONEY: 14999
[11:46:45:923368 --7:00] [Thread 5772] PLAYER: ( 76561198028618099 ) R HARAMBE:1 (BTATCOM) REMOTE PURCHASED VEHICLE Exile_Chopper_Huey_Green FOR 12000 POPTABS | PLAYER TOTAL MONEY: 2999
[11:47:00:941728 --7:00] [Thread 5772] PLAYER: ( 76561198033382828 ) R HARAMBE:2 (Micha) REMOTE SOLD ITEM: Exile_Car_Lada_Taxi (ID# <null>) with Cargo [] FOR 1500 POPTABS AND 150 RESPECT | PLAYER TOTAL MONEY: 1550
