[22:27:07:047606 --7:00] [Thread 5444] PLAYER: ( 76561198092067587 ) R Vakero hills:1 (vakero) REMOTE SOLD ITEM: Exile_Chopper_Mohawk_FIA (ID# 60) with Cargo ["30Rnd_556x45_Stanag","30Rnd_556x45_Stanag","Exile_Item_GloriousKnakworst","Exile_Item_Beer","Exile_Item_Beer","Exile_Item_Beer","Exile_Item_LightBulb","Exile_Item_Beer","Exile_Item_Beer","Exile_Item_GloriousKnakworst","Exile_Item_GloriousKnakworst","Exile_Item_GloriousKnakworst","Exile_Item_Beer","Exile_Item_Beer","Exile_Item_Beer","Exile_Item_Beer","Exile_Item_Beer","Exile_Item_Beer","Exile_Item_Matches","Exile_Item_CookingPot","Exile_Item_LightBulb","30Rnd_65x39_caseless_green","Exile_Item_Bandage","Exile_Item_Bandage","Exile_Item_Bandage","30Rnd_556x45_Stanag","11Rnd_45ACP_Mag","Exile_Item_Noodles","Exile_Item_Noodles","Exile_Item_GloriousKnakworst","Exile_Item_GloriousKnakworst","Exile_Item_Matches","Exile_Item_Beer","Exile_Item_Beer","Exile_Item_Beer","Exile_Item_Beer","Exile_Item_Beer","Exile_Item_CookingPot","Exile_Item_LightBulb","Exile_Item_PlasticBottleEmpty","Exile_Item_GloriousKnakworst","Exile_Item_GloriousKnakworst","Exile_Item_Beer","Exile_Item_Beer","Exile_Item_Beer","Exile_Item_Beer","Exile_Item_Beer","Exile_Item_Beer","Exile_Item_Matches","Exile_Item_CookingPot","Exile_Item_LightBulb","Exile_Item_Vishpirin","150Rnd_556x45_Drum_Mag_F","150Rnd_556x45_Drum_Mag_F","Exile_Item_InstaDoc","Exile_Item_PlasticBottleFreshWater","Exile_Item_InstaDoc","Exile_Item_InstaDoc","150Rnd_762x51_Box_Tracer","Exile_Item_InstaDoc","Exile_Item_InstaDoc","Exile_Item_InstaDoc","Exile_Item_InstaDoc","30Rnd_556x45_Stanag_Tracer_Red","30Rnd_556x45_Stanag_Tracer_Red","Exile_Item_Vishpirin","16Rnd_9x21_Mag","Exile_Item_Vishpirin","Exile_Item_Vishpirin","30Rnd_65x39_caseless_mag","30Rnd_65x39_caseless_mag","16Rnd_9x21_Mag","Exile_Item_CatFood","arifle_ARX_ghex_F","arifle_SPAR_01_GL_snd_F","Exile_Melee_Axe","arifle_SPAR_01_snd_F","arifle_ARX_ghex_F","Exile_Melee_Axe","Exile_Melee_Axe","arifle_SPAR_02_khk_F","arifle_AKM_F","arifle_MX_GL_khk_F","muzzle_snds_58_ghex_F"] FOR 10560 POPTABS AND 1056 RESPECT | PLAYER TOTAL MONEY: 10760
[22:27:30:365007 --7:00] [Thread 6472] PLAYER: ( 76561198092067587 ) R Vakero hills:1 (vakero) REMOTE PURCHASED ITEM optic_Nightstalker FOR 1500 POPTABS | PLAYER TOTAL MONEY: 9260
[22:28:54:273417 --7:00] [Thread 6868] PLAYER: ( 76561198092067587 ) R Vakero hills:1 (vakero) REMOTE PURCHASED VEHICLE Exile_Bike_QuadBike_Black FOR 1500 POPTABS | PLAYER TOTAL MONEY: 0
[23:01:38:492154 --7:00] [Thread 6868] PLAYER: ( 76561198092067587 ) R Vakero hills:1 (vakero) REMOTE SOLD ITEM Exile_Item_Vishpirin FOR 150 POPTABS AND 15 RESPECT | PLAYER TOTAL MONEY: 250
[23:01:39:185806 --7:00] [Thread 6868] PLAYER: ( 76561198092067587 ) R Vakero hills:1 (vakero) REMOTE SOLD ITEM Exile_Item_Vishpirin FOR 150 POPTABS AND 15 RESPECT | PLAYER TOTAL MONEY: 400
[23:01:39:953262 --7:00] [Thread 6472] PLAYER: ( 76561198092067587 ) R Vakero hills:1 (vakero) REMOTE SOLD ITEM Exile_Item_Beer FOR 75 POPTABS AND 7.5 RESPECT | PLAYER TOTAL MONEY: 475
[23:01:40:591728 --7:00] [Thread 6472] PLAYER: ( 76561198092067587 ) R Vakero hills:1 (vakero) REMOTE SOLD ITEM Exile_Item_Beer FOR 75 POPTABS AND 7.5 RESPECT | PLAYER TOTAL MONEY: 550
[23:01:41:142708 --7:00] [Thread 6868] PLAYER: ( 76561198092067587 ) R Vakero hills:1 (vakero) REMOTE SOLD ITEM Exile_Item_Beer FOR 75 POPTABS AND 7.5 RESPECT | PLAYER TOTAL MONEY: 625
[23:01:50:559397 --7:00] [Thread 6960] PLAYER: ( 76561198092067587 ) R Vakero hills:1 (vakero) REMOTE SOLD ITEM Exile_Item_Matches FOR 40 POPTABS AND 4 RESPECT | PLAYER TOTAL MONEY: 665
[23:01:51:197044 --7:00] [Thread 6868] PLAYER: ( 76561198092067587 ) R Vakero hills:1 (vakero) REMOTE SOLD ITEM Exile_Item_LightBulb FOR 25 POPTABS AND 2.5 RESPECT | PLAYER TOTAL MONEY: 690
[23:01:55:750237 --7:00] [Thread 6960] PLAYER: ( 76561198092067587 ) R Vakero hills:1 (vakero) REMOTE SOLD ITEM Exile_Item_Beer FOR 75 POPTABS AND 7.5 RESPECT | PLAYER TOTAL MONEY: 765
[23:01:56:618519 --7:00] [Thread 6472] PLAYER: ( 76561198092067587 ) R Vakero hills:1 (vakero) REMOTE SOLD ITEM Exile_Item_CookingPot FOR 50 POPTABS AND 5 RESPECT | PLAYER TOTAL MONEY: 815
[23:01:57:355756 --7:00] [Thread 6868] PLAYER: ( 76561198092067587 ) R Vakero hills:1 (vakero) REMOTE SOLD ITEM Exile_Item_GloriousKnakworst FOR 75 POPTABS AND 7.5 RESPECT | PLAYER TOTAL MONEY: 890
[23:01:58:094180 --7:00] [Thread 6472] PLAYER: ( 76561198092067587 ) R Vakero hills:1 (vakero) REMOTE SOLD ITEM Exile_Item_GloriousKnakworst FOR 75 POPTABS AND 7.5 RESPECT | PLAYER TOTAL MONEY: 965
[23:01:58:729614 --7:00] [Thread 6960] PLAYER: ( 76561198092067587 ) R Vakero hills:1 (vakero) REMOTE SOLD ITEM Exile_Item_PlasticBottleFreshWater FOR 4 POPTABS AND 0.4 RESPECT | PLAYER TOTAL MONEY: 969
[23:01:59:864978 --7:00] [Thread 6868] PLAYER: ( 76561198092067587 ) R Vakero hills:1 (vakero) REMOTE SOLD ITEM Exile_Item_Beer FOR 75 POPTABS AND 7.5 RESPECT | PLAYER TOTAL MONEY: 1044
[23:02:00:674633 --7:00] [Thread 6472] PLAYER: ( 76561198092067587 ) R Vakero hills:1 (vakero) REMOTE SOLD ITEM Exile_Item_PlasticBottleEmpty FOR 5 POPTABS AND 0.5 RESPECT | PLAYER TOTAL MONEY: 1049
[23:02:01:349304 --7:00] [Thread 6960] PLAYER: ( 76561198092067587 ) R Vakero hills:1 (vakero) REMOTE SOLD ITEM Exile_Item_GloriousKnakworst FOR 75 POPTABS AND 7.5 RESPECT | PLAYER TOTAL MONEY: 1124
[23:02:02:107194 --7:00] [Thread 6868] PLAYER: ( 76561198092067587 ) R Vakero hills:1 (vakero) REMOTE SOLD ITEM Exile_Item_GloriousKnakworst FOR 75 POPTABS AND 7.5 RESPECT | PLAYER TOTAL MONEY: 1199
[23:02:02:817223 --7:00] [Thread 6960] PLAYER: ( 76561198092067587 ) R Vakero hills:1 (vakero) REMOTE SOLD ITEM Exile_Item_PlasticBottleFreshWater FOR 4 POPTABS AND 0.4 RESPECT | PLAYER TOTAL MONEY: 1203
[23:02:03:493922 --7:00] [Thread 6868] PLAYER: ( 76561198092067587 ) R Vakero hills:1 (vakero) REMOTE SOLD ITEM Exile_Item_PlasticBottleFreshWater FOR 4 POPTABS AND 0.4 RESPECT | PLAYER TOTAL MONEY: 1207
[23:02:04:153235 --7:00] [Thread 6472] PLAYER: ( 76561198092067587 ) R Vakero hills:1 (vakero) REMOTE SOLD ITEM Exile_Item_Beer FOR 75 POPTABS AND 7.5 RESPECT | PLAYER TOTAL MONEY: 1282
[23:02:04:788104 --7:00] [Thread 6960] PLAYER: ( 76561198092067587 ) R Vakero hills:1 (vakero) REMOTE SOLD ITEM Exile_Item_Beer FOR 75 POPTABS AND 7.5 RESPECT | PLAYER TOTAL MONEY: 1357
[23:02:06:011514 --7:00] [Thread 6868] PLAYER: ( 76561198092067587 ) R Vakero hills:1 (vakero) REMOTE SOLD ITEM Exile_Item_Beer FOR 75 POPTABS AND 7.5 RESPECT | PLAYER TOTAL MONEY: 1432
[23:02:06:859094 --7:00] [Thread 6960] PLAYER: ( 76561198092067587 ) R Vakero hills:1 (vakero) REMOTE SOLD ITEM Exile_Item_Beer FOR 75 POPTABS AND 7.5 RESPECT | PLAYER TOTAL MONEY: 1507
[23:02:07:581761 --7:00] [Thread 6868] PLAYER: ( 76561198092067587 ) R Vakero hills:1 (vakero) REMOTE SOLD ITEM Exile_Item_Beer FOR 75 POPTABS AND 7.5 RESPECT | PLAYER TOTAL MONEY: 1582
[23:02:08:253501 --7:00] [Thread 6960] PLAYER: ( 76561198092067587 ) R Vakero hills:1 (vakero) REMOTE SOLD ITEM Exile_Item_InstaDoc FOR 500 POPTABS AND 50 RESPECT | PLAYER TOTAL MONEY: 2082
[23:02:08:887849 --7:00] [Thread 6868] PLAYER: ( 76561198092067587 ) R Vakero hills:1 (vakero) REMOTE SOLD ITEM Exile_Item_InstaDoc FOR 500 POPTABS AND 50 RESPECT | PLAYER TOTAL MONEY: 2582
[23:02:10:011365 --7:00] [Thread 6960] PLAYER: ( 76561198092067587 ) R Vakero hills:1 (vakero) REMOTE SOLD ITEM Exile_Item_CookingPot FOR 50 POPTABS AND 5 RESPECT | PLAYER TOTAL MONEY: 2632
[23:02:10:931555 --7:00] [Thread 6472] PLAYER: ( 76561198092067587 ) R Vakero hills:1 (vakero) REMOTE SOLD ITEM Exile_Item_LightBulb FOR 25 POPTABS AND 2.5 RESPECT | PLAYER TOTAL MONEY: 2657
[23:02:11:660266 --7:00] [Thread 6960] PLAYER: ( 76561198092067587 ) R Vakero hills:1 (vakero) REMOTE SOLD ITEM Exile_Item_Vishpirin FOR 150 POPTABS AND 15 RESPECT | PLAYER TOTAL MONEY: 2807
[23:02:12:333705 --7:00] [Thread 6472] PLAYER: ( 76561198092067587 ) R Vakero hills:1 (vakero) REMOTE SOLD ITEM Exile_Item_Vishpirin FOR 150 POPTABS AND 15 RESPECT | PLAYER TOTAL MONEY: 2957
[23:02:13:624529 --7:00] [Thread 6868] PLAYER: ( 76561198092067587 ) R Vakero hills:1 (vakero) REMOTE SOLD ITEM 150Rnd_556x45_Drum_Mag_F FOR 87 POPTABS AND 8.7 RESPECT | PLAYER TOTAL MONEY: 3044
[23:02:14:430116 --7:00] [Thread 6960] PLAYER: ( 76561198092067587 ) R Vakero hills:1 (vakero) REMOTE SOLD ITEM Exile_Item_Cheathas FOR 25 POPTABS AND 2.5 RESPECT | PLAYER TOTAL MONEY: 3069
[23:02:15:083411 --7:00] [Thread 6868] PLAYER: ( 76561198092067587 ) R Vakero hills:1 (vakero) REMOTE SOLD ITEM Exile_Item_GloriousKnakworst FOR 75 POPTABS AND 7.5 RESPECT | PLAYER TOTAL MONEY: 3144
[23:02:15:717586 --7:00] [Thread 6960] PLAYER: ( 76561198092067587 ) R Vakero hills:1 (vakero) REMOTE SOLD ITEM Exile_Item_LightBulb FOR 25 POPTABS AND 2.5 RESPECT | PLAYER TOTAL MONEY: 3169
[23:02:16:394356 --7:00] [Thread 6472] PLAYER: ( 76561198092067587 ) R Vakero hills:1 (vakero) REMOTE SOLD ITEM Exile_Item_CookingPot FOR 50 POPTABS AND 5 RESPECT | PLAYER TOTAL MONEY: 3219
[23:02:21:746650 --7:00] [Thread 6868] PLAYER: ( 76561198092067587 ) R Vakero hills:1 (vakero) REMOTE SOLD ITEM Exile_Item_Matches FOR 40 POPTABS AND 4 RESPECT | PLAYER TOTAL MONEY: 3259
[23:02:22:761368 --7:00] [Thread 6472] PLAYER: ( 76561198092067587 ) R Vakero hills:1 (vakero) REMOTE SOLD ITEM Exile_Item_Beer FOR 75 POPTABS AND 7.5 RESPECT | PLAYER TOTAL MONEY: 3334
[23:02:23:545942 --7:00] [Thread 6868] PLAYER: ( 76561198092067587 ) R Vakero hills:1 (vakero) REMOTE SOLD ITEM Exile_Item_Beer FOR 75 POPTABS AND 7.5 RESPECT | PLAYER TOTAL MONEY: 3409
[23:02:24:332393 --7:00] [Thread 6472] PLAYER: ( 76561198092067587 ) R Vakero hills:1 (vakero) REMOTE SOLD ITEM Exile_Item_Beer FOR 75 POPTABS AND 7.5 RESPECT | PLAYER TOTAL MONEY: 3484
[23:02:24:985843 --7:00] [Thread 6868] PLAYER: ( 76561198092067587 ) R Vakero hills:1 (vakero) REMOTE SOLD ITEM Exile_Item_Beer FOR 75 POPTABS AND 7.5 RESPECT | PLAYER TOTAL MONEY: 3559
[23:02:26:162621 --7:00] [Thread 6960] PLAYER: ( 76561198092067587 ) R Vakero hills:1 (vakero) REMOTE SOLD ITEM Exile_Item_Beer FOR 75 POPTABS AND 7.5 RESPECT | PLAYER TOTAL MONEY: 3634
[23:02:26:818654 --7:00] [Thread 6868] PLAYER: ( 76561198092067587 ) R Vakero hills:1 (vakero) REMOTE SOLD ITEM Exile_Item_InstaDoc FOR 500 POPTABS AND 50 RESPECT | PLAYER TOTAL MONEY: 4134
[23:02:27:494001 --7:00] [Thread 6960] PLAYER: ( 76561198092067587 ) R Vakero hills:1 (vakero) REMOTE SOLD ITEM Exile_Item_PlasticBottleFreshWater FOR 4 POPTABS AND 0.4 RESPECT | PLAYER TOTAL MONEY: 4138
[23:02:28:366668 --7:00] [Thread 6868] PLAYER: ( 76561198092067587 ) R Vakero hills:1 (vakero) REMOTE SOLD ITEM 30Rnd_65x39_caseless_mag FOR 10 POPTABS AND 1 RESPECT | PLAYER TOTAL MONEY: 4148
[23:02:29:544840 --7:00] [Thread 6472] PLAYER: ( 76561198092067587 ) R Vakero hills:1 (vakero) REMOTE SOLD ITEM 150Rnd_556x45_Drum_Mag_F FOR 87 POPTABS AND 8.7 RESPECT | PLAYER TOTAL MONEY: 4235
[23:02:30:296584 --7:00] [Thread 6960] PLAYER: ( 76561198092067587 ) R Vakero hills:1 (vakero) REMOTE SOLD ITEM 30Rnd_762x39_Mag_F FOR 25 POPTABS AND 2.5 RESPECT | PLAYER TOTAL MONEY: 4260
[23:02:30:989365 --7:00] [Thread 6960] PLAYER: ( 76561198092067587 ) R Vakero hills:1 (vakero) REMOTE SOLD ITEM 150Rnd_556x45_Drum_Mag_F FOR 87 POPTABS AND 8.7 RESPECT | PLAYER TOTAL MONEY: 4347
[23:02:32:259874 --7:00] [Thread 6868] PLAYER: ( 76561198092067587 ) R Vakero hills:1 (vakero) REMOTE SOLD ITEM arifle_MX_khk_F FOR 350 POPTABS AND 35 RESPECT | PLAYER TOTAL MONEY: 4697
[23:02:33:098395 --7:00] [Thread 6472] PLAYER: ( 76561198092067587 ) R Vakero hills:1 (vakero) REMOTE SOLD ITEM arifle_SPAR_02_snd_F FOR 350 POPTABS AND 35 RESPECT | PLAYER TOTAL MONEY: 5047
[23:02:34:013558 --7:00] [Thread 6868] PLAYER: ( 76561198092067587 ) R Vakero hills:1 (vakero) REMOTE SOLD ITEM arifle_AKM_F FOR 350 POPTABS AND 35 RESPECT | PLAYER TOTAL MONEY: 5397
[23:02:35:299229 --7:00] [Thread 6472] PLAYER: ( 76561198092067587 ) R Vakero hills:1 (vakero) REMOTE SOLD ITEM arifle_SPAR_02_khk_F FOR 350 POPTABS AND 35 RESPECT | PLAYER TOTAL MONEY: 5747
[23:02:36:215039 --7:00] [Thread 6868] PLAYER: ( 76561198092067587 ) R Vakero hills:1 (vakero) REMOTE SOLD ITEM Exile_Melee_Axe FOR 250 POPTABS AND 25 RESPECT | PLAYER TOTAL MONEY: 5997
[23:02:40:181512 --7:00] [Thread 6472] PLAYER: ( 76561198092067587 ) R Vakero hills:1 (vakero) REMOTE PURCHASED ITEM Exile_Item_MetalPole FOR 800 POPTABS | PLAYER TOTAL MONEY: 5197
[23:02:41:077935 --7:00] [Thread 6472] PLAYER: ( 76561198092067587 ) R Vakero hills:1 (vakero) REMOTE PURCHASED ITEM Exile_Item_MetalPole FOR 800 POPTABS | PLAYER TOTAL MONEY: 4397
[23:02:41:734402 --7:00] [Thread 6472] PLAYER: ( 76561198092067587 ) R Vakero hills:1 (vakero) REMOTE PURCHASED ITEM Exile_Item_MetalPole FOR 800 POPTABS | PLAYER TOTAL MONEY: 3597
[23:02:42:501992 --7:00] [Thread 6472] PLAYER: ( 76561198092067587 ) R Vakero hills:1 (vakero) REMOTE PURCHASED ITEM Exile_Item_MetalPole FOR 800 POPTABS | PLAYER TOTAL MONEY: 2797
[23:02:43:053373 --7:00] [Thread 6868] PLAYER: ( 76561198092067587 ) R Vakero hills:1 (vakero) REMOTE PURCHASED ITEM Exile_Item_MetalPole FOR 800 POPTABS | PLAYER TOTAL MONEY: 1997
[23:02:43:840661 --7:00] [Thread 6472] PLAYER: ( 76561198092067587 ) R Vakero hills:1 (vakero) REMOTE PURCHASED ITEM Exile_Item_MetalPole FOR 800 POPTABS | PLAYER TOTAL MONEY: 1197
[23:02:44:411578 --7:00] [Thread 6472] PLAYER: ( 76561198092067587 ) R Vakero hills:1 (vakero) REMOTE PURCHASED ITEM Exile_Item_MetalPole FOR 800 POPTABS | PLAYER TOTAL MONEY: 397
[23:03:32:485970 --7:00] [Thread 6472] PLAYER: ( 76561198092067587 ) R Vakero hills:1 (vakero) REMOTE PURCHASED ITEM Exile_Item_Handsaw FOR 500 POPTABS | PLAYER TOTAL MONEY: 0
[23:26:35:491782 --7:00] [Thread 6472] PLAYER: ( 76561198092067587 ) R Vakero hills:1 (vakero) REMOTE PURCHASED ITEM Exile_Item_MetalPole FOR 800 POPTABS | PLAYER TOTAL MONEY: 19200
[23:26:36:540391 --7:00] [Thread 6868] PLAYER: ( 76561198092067587 ) R Vakero hills:1 (vakero) REMOTE PURCHASED ITEM Exile_Item_MetalPole FOR 800 POPTABS | PLAYER TOTAL MONEY: 18400
[23:26:37:607120 --7:00] [Thread 6472] PLAYER: ( 76561198092067587 ) R Vakero hills:1 (vakero) REMOTE PURCHASED ITEM Exile_Item_MetalPole FOR 800 POPTABS | PLAYER TOTAL MONEY: 17600
[23:26:38:361007 --7:00] [Thread 6868] PLAYER: ( 76561198092067587 ) R Vakero hills:1 (vakero) REMOTE PURCHASED ITEM Exile_Item_MetalPole FOR 800 POPTABS | PLAYER TOTAL MONEY: 16800
[23:41:00:911926 --7:00] [Thread 6960] PLAYER: ( 76561198092067587 ) R Vakero hills:1 (vakero) REMOTE PURCHASED VEHICLE Exile_Car_HEMMT FOR 20000 POPTABS | PLAYER TOTAL MONEY: 30000
[23:45:51:788068 --7:00] [Thread 5444] PLAYER: ( 76561198092067587 ) R Vakero hills:1 (vakero) REMOTE SOLD ITEM: Exile_Car_HEMMT (ID# 62) with Cargo ["Exile_Item_MetalScrews","Exile_Item_MetalScrews","Exile_Item_MetalScrews","Exile_Item_MetalScrews","Exile_Item_MetalScrews","Exile_Item_MetalScrews","Exile_Item_MetalScrews","Exile_Item_MetalScrews","Exile_Magazine_10Rnd_338_Bullet_Cam_Mag","Exile_Item_MetalScrews","Exile_Item_CatFood","Exile_Melee_Axe"] FOR 11347 POPTABS AND 1134.7 RESPECT | PLAYER TOTAL MONEY: 11347
[23:47:25:666619 --7:00] [Thread 6472] PLAYER: ( 76561198092067587 ) R Vakero hills:1 (vakero) REMOTE PURCHASED VEHICLE Exile_Car_Van_Box_Black FOR 12000 POPTABS | PLAYER TOTAL MONEY: 0
[14:40:23:253028 --7:00] [Thread 7084] PLAYER: ( 76561198021990215 ) R Alpha 2-1:1 (Shellback) REMOTE SOLD ITEM Exile_Weapon_M1014 FOR 110 POPTABS AND 11 RESPECT | PLAYER TOTAL MONEY: 110
[14:40:26:134601 --7:00] [Thread 7164] PLAYER: ( 76561198021990215 ) R Alpha 2-1:1 (Shellback) REMOTE SOLD ITEM Exile_Weapon_Makarov FOR 60 POPTABS AND 6 RESPECT | PLAYER TOTAL MONEY: 170
[14:40:29:034608 --7:00] [Thread 6920] PLAYER: ( 76561198021990215 ) R Alpha 2-1:1 (Shellback) REMOTE SOLD ITEM H_Cap_tan FOR 30 POPTABS AND 3 RESPECT | PLAYER TOTAL MONEY: 200
[14:40:54:308406 --7:00] [Thread 7084] PLAYER: ( 76561198021990215 ) R Alpha 2-1:1 (Shellback) REMOTE SOLD ITEM hgun_PDW2000_F FOR 150 POPTABS AND 15 RESPECT | PLAYER TOTAL MONEY: 350
[14:40:56:904430 --7:00] [Thread 7164] PLAYER: ( 76561198021990215 ) R Alpha 2-1:1 (Shellback) REMOTE SOLD ITEM U_C_HunterBody_grn FOR 100 POPTABS AND 10 RESPECT | PLAYER TOTAL MONEY: 450
[14:41:01:065194 --7:00] [Thread 6920] PLAYER: ( 76561198021990215 ) R Alpha 2-1:1 (Shellback) REMOTE SOLD ITEM Exile_Magazine_8Rnd_74Slug FOR 10 POPTABS AND 1 RESPECT | PLAYER TOTAL MONEY: 460
[14:41:02:578971 --7:00] [Thread 7164] PLAYER: ( 76561198021990215 ) R Alpha 2-1:1 (Shellback) REMOTE SOLD ITEM Exile_Magazine_8Rnd_74Slug FOR 10 POPTABS AND 1 RESPECT | PLAYER TOTAL MONEY: 470
[14:41:03:680757 --7:00] [Thread 6920] PLAYER: ( 76561198021990215 ) R Alpha 2-1:1 (Shellback) REMOTE SOLD ITEM Exile_Magazine_8Rnd_74Slug FOR 10 POPTABS AND 1 RESPECT | PLAYER TOTAL MONEY: 480
[14:41:12:991983 --7:00] [Thread 7164] PLAYER: ( 76561198021990215 ) R Alpha 2-1:1 (Shellback) REMOTE SOLD ITEM B_AssaultPack_dgtl FOR 150 POPTABS AND 15 RESPECT | PLAYER TOTAL MONEY: 630
[14:42:05:176673 --7:00] [Thread 7164] PLAYER: ( 76561198021990215 ) R Alpha 2-1:1 (Shellback) REMOTE PURCHASED ITEM U_B_CTRG_Soldier_F FOR 400 POPTABS | PLAYER TOTAL MONEY: 5230
[14:42:14:981532 --7:00] [Thread 7084] PLAYER: ( 76561198021990215 ) R Alpha 2-1:1 (Shellback) REMOTE PURCHASED ITEM H_HelmetB_TI_tna_F FOR 300 POPTABS | PLAYER TOTAL MONEY: 4930
[14:42:33:790714 --7:00] [Thread 7164] PLAYER: ( 76561198021990215 ) R Alpha 2-1:1 (Shellback) REMOTE PURCHASED ITEM V_PlateCarrier1_blk FOR 400 POPTABS | PLAYER TOTAL MONEY: 4530
[14:42:46:831661 --7:00] [Thread 7084] PLAYER: ( 76561198021990215 ) R Alpha 2-1:1 (Shellback) REMOTE PURCHASED ITEM B_AssaultPack_blk FOR 300 POPTABS | PLAYER TOTAL MONEY: 4230
[14:43:23:409829 --7:00] [Thread 7164] PLAYER: ( 76561198021990215 ) R Alpha 2-1:1 (Shellback) REMOTE PURCHASED ITEM arifle_MX_Black_F FOR 450 POPTABS | PLAYER TOTAL MONEY: 3780
[14:43:33:595519 --7:00] [Thread 7084] PLAYER: ( 76561198021990215 ) R Alpha 2-1:1 (Shellback) REMOTE PURCHASED ITEM bipod_01_F_blk FOR 50 POPTABS | PLAYER TOTAL MONEY: 3730
[14:43:39:485747 --7:00] [Thread 7164] PLAYER: ( 76561198021990215 ) R Alpha 2-1:1 (Shellback) REMOTE PURCHASED ITEM muzzle_snds_H_MG_blk_F FOR 50 POPTABS | PLAYER TOTAL MONEY: 3680
[14:43:52:975400 --7:00] [Thread 7084] PLAYER: ( 76561198021990215 ) R Alpha 2-1:1 (Shellback) REMOTE PURCHASED ITEM optic_MRCO FOR 300 POPTABS | PLAYER TOTAL MONEY: 3380
[14:44:44:477897 --7:00] [Thread 6920] PLAYER: ( 76561198021990215 ) R Alpha 2-1:1 (Shellback) REMOTE SOLD ITEM arifle_MX_Black_F FOR 425 POPTABS AND 42.5 RESPECT | PLAYER TOTAL MONEY: 3805
[14:45:45:078777 --7:00] [Thread 7164] PLAYER: ( 76561198021990215 ) R Alpha 2-1:1 (Shellback) REMOTE PURCHASED ITEM srifle_DMR_02_camo_F FOR 2000 POPTABS | PLAYER TOTAL MONEY: 1805
[14:46:07:938735 --7:00] [Thread 6920] PLAYER: ( 76561198021990215 ) R Alpha 2-1:1 (Shellback) REMOTE PURCHASED ITEM 10Rnd_338_Mag FOR 60 POPTABS | PLAYER TOTAL MONEY: 1745
[14:46:12:804029 --7:00] [Thread 7164] PLAYER: ( 76561198021990215 ) R Alpha 2-1:1 (Shellback) REMOTE PURCHASED ITEM 10Rnd_338_Mag FOR 60 POPTABS | PLAYER TOTAL MONEY: 1685
[14:46:13:765619 --7:00] [Thread 6920] PLAYER: ( 76561198021990215 ) R Alpha 2-1:1 (Shellback) REMOTE PURCHASED ITEM 10Rnd_338_Mag FOR 60 POPTABS | PLAYER TOTAL MONEY: 1625
[14:46:14:634696 --7:00] [Thread 7164] PLAYER: ( 76561198021990215 ) R Alpha 2-1:1 (Shellback) REMOTE PURCHASED ITEM 10Rnd_338_Mag FOR 60 POPTABS | PLAYER TOTAL MONEY: 1565
[14:46:15:574789 --7:00] [Thread 6920] PLAYER: ( 76561198021990215 ) R Alpha 2-1:1 (Shellback) REMOTE PURCHASED ITEM 10Rnd_338_Mag FOR 60 POPTABS | PLAYER TOTAL MONEY: 1505
[14:46:16:450893 --7:00] [Thread 7164] PLAYER: ( 76561198021990215 ) R Alpha 2-1:1 (Shellback) REMOTE PURCHASED ITEM 10Rnd_338_Mag FOR 60 POPTABS | PLAYER TOTAL MONEY: 1445
[14:46:18:411022 --7:00] [Thread 6920] PLAYER: ( 76561198021990215 ) R Alpha 2-1:1 (Shellback) REMOTE PURCHASED ITEM 10Rnd_338_Mag FOR 60 POPTABS | PLAYER TOTAL MONEY: 1385
[14:46:29:631660 --7:00] [Thread 7164] PLAYER: ( 76561198021990215 ) R Alpha 2-1:1 (Shellback) REMOTE PURCHASED ITEM bipod_01_F_blk FOR 50 POPTABS | PLAYER TOTAL MONEY: 1335
[14:47:03:735474 --7:00] [Thread 7164] PLAYER: ( 76561198021990215 ) R Alpha 2-1:1 (Shellback) REMOTE PURCHASED ITEM optic_MRCO FOR 300 POPTABS | PLAYER TOTAL MONEY: 1035
[14:47:51:678304 --7:00] [Thread 6920] PLAYER: ( 76561198021990215 ) R Alpha 2-1:1 (Shellback) REMOTE PURCHASED ITEM Exile_Item_PlasticBottleEmpty FOR 10 POPTABS | PLAYER TOTAL MONEY: 1025
[14:47:52:683503 --7:00] [Thread 7164] PLAYER: ( 76561198021990215 ) R Alpha 2-1:1 (Shellback) REMOTE PURCHASED ITEM Exile_Item_PlasticBottleEmpty FOR 10 POPTABS | PLAYER TOTAL MONEY: 1015
[14:47:53:502184 --7:00] [Thread 6920] PLAYER: ( 76561198021990215 ) R Alpha 2-1:1 (Shellback) REMOTE PURCHASED ITEM Exile_Item_PlasticBottleEmpty FOR 10 POPTABS | PLAYER TOTAL MONEY: 1005
[14:47:59:107571 --7:00] [Thread 7164] PLAYER: ( 76561198021990215 ) R Alpha 2-1:1 (Shellback) REMOTE PURCHASED ITEM Exile_Item_Raisins FOR 50 POPTABS | PLAYER TOTAL MONEY: 955
[14:47:59:874899 --7:00] [Thread 6920] PLAYER: ( 76561198021990215 ) R Alpha 2-1:1 (Shellback) REMOTE PURCHASED ITEM Exile_Item_Raisins FOR 50 POPTABS | PLAYER TOTAL MONEY: 905
[14:48:00:669873 --7:00] [Thread 7164] PLAYER: ( 76561198021990215 ) R Alpha 2-1:1 (Shellback) REMOTE PURCHASED ITEM Exile_Item_Raisins FOR 50 POPTABS | PLAYER TOTAL MONEY: 855
[14:58:22:189456 --7:00] [Thread 7084] PLAYER: ( 76561198021990215 ) R Alpha 2-1:1 (Shellback) REMOTE SOLD ITEM srifle_DMR_02_camo_F FOR 1205 POPTABS AND 120.5 RESPECT | PLAYER TOTAL MONEY: 2060
[14:58:46:529683 --7:00] [Thread 7164] PLAYER: ( 76561198021990215 ) R Alpha 2-1:1 (Shellback) REMOTE PURCHASED ITEM MMG_02_camo_F FOR 200 POPTABS | PLAYER TOTAL MONEY: 1860
[14:59:06:841706 --7:00] [Thread 7084] PLAYER: ( 76561198021990215 ) R Alpha 2-1:1 (Shellback) REMOTE PURCHASED ITEM 130Rnd_338_Mag FOR 100 POPTABS | PLAYER TOTAL MONEY: 1760
[14:59:07:929290 --7:00] [Thread 7164] PLAYER: ( 76561198021990215 ) R Alpha 2-1:1 (Shellback) REMOTE PURCHASED ITEM 130Rnd_338_Mag FOR 100 POPTABS | PLAYER TOTAL MONEY: 1660
[14:59:41:239116 --7:00] [Thread 7084] PLAYER: ( 76561198021990215 ) R Alpha 2-1:1 (Shellback) REMOTE PURCHASED ITEM optic_Arco_blk_F FOR 200 POPTABS | PLAYER TOTAL MONEY: 1460
[14:59:53:814738 --7:00] [Thread 7164] PLAYER: ( 76561198021990215 ) R Alpha 2-1:1 (Shellback) REMOTE PURCHASED ITEM bipod_02_F_tan FOR 50 POPTABS | PLAYER TOTAL MONEY: 1410
